#
# A fatal error has been detected by the Java Runtime Environment:
#
#  SIGSEGV (0xb) at pc=0x00007f71ea18a933, pid=3424, tid=0x00007f71dbdfe700
#
# JRE version: Java(TM) SE Runtime Environment (8.0_151-b12) (build 1.8.0_151-b12)
# Java VM: Java HotSpot(TM) 64-Bit Server VM (25.151-b12 mixed mode linux-amd64 compressed oops)
# Problematic frame:
# V  [libjvm.so+0x992933]  oopDesc* PSPromotionManager::copy_to_survivor_space<false>(oopDesc*)+0x143
#
# Failed to write core dump. Core dumps have been disabled. To enable core dumping, try "ulimit -c unlimited" before starting Java again
#
# If you would like to submit a bug report, please visit:
#   http://bugreport.java.com/bugreport/crash.jsp
#

---------------  T H R E A D  ---------------

Current thread (0x00007f71e4020000):  GCTaskThread [stack: 0x00007f71dbcff000,0x00007f71dbdff000] [id=3427]

siginfo: si_signo: 11 (SIGSEGV), si_code: 1 (SEGV_MAPERR), si_addr: 0x00000000032803a8

Registers:
RAX=0x00007f71ea78e9a0, RBX=0x00000000fb1d288c, RCX=0x0000000000000003, RDX=0x0000000000000001
RSP=0x00007f71dbdfdb40, RBP=0x00007f71dbdfdbb0, RSI=0x00000000f9c8e640, RDI=0x00000000032803a0
R8 =0x00000000fb1d2878, R9 =0x00007f71ea7c20f0, R10=0x00007f71ea7b2eb9, R11=0x00000000fb1d2710
R12=0x00000000f9c8e640, R13=0x00790042002f006c, R14=0x0000000000000000, R15=0x00007f71e413c868
RIP=0x00007f71ea18a933, EFLAGS=0x0000000000010206, CSGSFS=0x002b000000000033, ERR=0x0000000000000004
  TRAPNO=0x000000000000000e

Top of Stack: (sp=0x00007f71dbdfdb40)
0x00007f71dbdfdb40:   00000000feee98cd 00007f71ea7b2eb9
0x00007f71dbdfdb50:   0000000100001938 00007f71e413c800
0x00007f71dbdfdb60:   00000000faba0055 00007f71e9e4b40c
0x00007f71dbdfdb70:   00000000fb1d1070 0000000000001000
0x00007f71dbdfdb80:   00007f71dbdfdc30 00000000fb1d288c
0x00007f71dbdfdb90:   00007f71e413c800 00007f71ea78e990
0x00007f71dbdfdba0:   0000000000000000 00007f71e413c868
0x00007f71dbdfdbb0:   00007f71dbdfdca0 00007f71ea18a200
0x00007f71dbdfdbc0:   00007f71dbdfdc20 00007f71dbdfdc30
0x00007f71dbdfdbd0:   00007f71dbdfdc40 00007f71dbdfdc00
0x00007f71dbdfdbe0:   00007f71dbdfdc10 00007f71dbdfdc60
0x00007f71dbdfdbf0:   0000008000000000 00007f71e413c898
0x00007f71dbdfdc00:   00000000c05de9d0 00007f71e413c800
0x00007f71dbdfdc10:   00007f71e4010210 00007f71dbe01f01
0x00007f71dbdfdc20:   00000000c0711ad9 00007f71ea0fd2bf
0x00007f71dbdfdc30:   0000000100035240 00000000c0711ad8
0x00007f71dbdfdc40:   00007f71dbdfdca0 00007f71e9e4b210
0x00007f71dbdfdc50:   00000000c0711abd 00007f71ea7c20f0
0x00007f71dbdfdc60:   00000000fb1d288d 00007f71e413c860
0x00007f71dbdfdc70:   00007f71dbdfdcc0 00000000c0711c08
0x00007f71dbdfdc80:   00000000c0711c00 00007f71dbe0288e
0x00007f71dbdfdc90:   00007f71e4010210 00007f71dbe02901
0x00007f71dbdfdca0:   00007f71dbdfdd60 00007f71e9bf9eae
0x00007f71dbdfdcb0:   00007f71e401f880 00007f71dbe02900
0x00007f71dbdfdcc0:   00007f71dbe02881 00007f71ea7b2eb9
0x00007f71dbdfdcd0:   00007f71e413c800 00000000c0ace498
0x00007f71dbdfdce0:   00007f71e400ffc0 00007f71dbe04673
0x00007f71dbdfdcf0:   00000000c06e0008 0000000000000200
0x00007f71dbdfdd00:   00000000c0720000 00007f71dbe0288d
0x00007f71dbdfdd10:   0000000000000240 00007f71dbe02a00
0x00007f71dbdfdd20:   00007f71dbe02a80 00007f71dbe0288e
0x00007f71dbdfdd30:   00007f71dbe0288d 00007f71e404eb00 

Instructions: (pc=0x00007f71ea18a933)
0x00007f71ea18a913:   83 e0 07 48 83 f8 05 75 d3 31 db eb d6 48 8b 05
0x00007f71ea18a923:   b1 4e 5e 00 8b 7e 08 8b 48 08 48 d3 e7 48 03 38
0x00007f71ea18a933:   8b 77 08 83 fe 00 0f 8f 0a ff ff ff 0f 85 4b 02
0x00007f71ea18a943:   00 00 0f 1f 00 48 8b 07 4c 89 e6 4c 89 55 98 ff 

Register to memory mapping:

RAX=0x00007f71ea78e9a0: <offset 0xf969a0> in /usr/lib/jvm/java-8-oracle/jre/lib/amd64/server/libjvm.so at 0x00007f71e97f8000
RBX=0x00000000fb1d288c is an unknown value
RCX=0x0000000000000003 is an unknown value
RDX=0x0000000000000001 is an unknown value
RSP=0x00007f71dbdfdb40 is an unknown value
RBP=0x00007f71dbdfdbb0 is an unknown value
RSI=0x00000000f9c8e640 is an oop

[error occurred during error reporting (printing register info), id 0xb]

Stack: [0x00007f71dbcff000,0x00007f71dbdff000],  sp=0x00007f71dbdfdb40,  free space=1018k
Native frames: (J=compiled Java code, j=interpreted, Vv=VM code, C=native code)
V  [libjvm.so+0x992933]  oopDesc* PSPromotionManager::copy_to_survivor_space<false>(oopDesc*)+0x143
V  [libjvm.so+0x992200]  PSPromotionManager::drain_stacks_depth(bool)+0x830
V  [libjvm.so+0x401eae]  CardTableExtension::scavenge_contents_parallel(ObjectStartArray*, MutableSpace*, HeapWord*, PSPromotionManager*, unsigned int, unsigned int)+0xafe
V  [libjvm.so+0x995a7b]  OldToYoungRootsTask::do_it(GCTaskManager*, unsigned int)+0x4b
V  [libjvm.so+0x5daecf]  GCTaskThread::run()+0x12f
V  [libjvm.so+0x92a728]  java_start(Thread*)+0x108


---------------  P R O C E S S  ---------------

Java Threads: ( => current thread )
  0x00007f7150008000 JavaThread "sbt-web-blocking-process-io-dispatcher-8" [_thread_in_native, id=3559, stack(0x00007f717de3d000,0x00007f717df3e000)]
  0x00007f7150007000 JavaThread "sbt-web-blocking-process-io-dispatcher-7" [_thread_in_native, id=3558, stack(0x00007f717df3e000,0x00007f717e03f000)]
  0x00007f7150005000 JavaThread "sbt-web-blocking-process-io-dispatcher-6" [_thread_blocked, id=3553, stack(0x00007f717e03f000,0x00007f717e140000)]
  0x00007f719c06e800 JavaThread "sbt-web-blocking-process-io-dispatcher-5" [_thread_blocked, id=3551, stack(0x00007f717e145000,0x00007f717e246000)]
  0x00007f71580ff000 JavaThread "monix-computation-60" daemon [_thread_blocked, id=3536, stack(0x00007f717e246000,0x00007f717e347000)]
  0x00007f7168005000 JavaThread "pool-6-thread-7" [_thread_blocked, id=3534, stack(0x00007f717ed8b000,0x00007f717ee8c000)]
  0x00007f7178001800 JavaThread "pool-6-thread-6" [_thread_blocked, id=3533, stack(0x00007f717ee8c000,0x00007f717ef8d000)]
  0x00007f7168001800 JavaThread "pool-6-thread-5" [_thread_blocked, id=3532, stack(0x00007f717ef8d000,0x00007f717f08e000)]
  0x00007f71e4d81000 JavaThread "pool-6-thread-4" [_thread_blocked, id=3531, stack(0x00007f717f08e000,0x00007f717f18f000)]
  0x00007f71e4d80000 JavaThread "pool-6-thread-3" [_thread_blocked, id=3530, stack(0x00007f71c5217000,0x00007f71c5318000)]
  0x00007f71e4d7f000 JavaThread "pool-6-thread-2" [_thread_blocked, id=3529, stack(0x00007f71c5116000,0x00007f71c5217000)]
  0x00007f71e4d7e800 JavaThread "pool-6-thread-1" [_thread_blocked, id=3528, stack(0x00007f71c4e15000,0x00007f71c4f16000)]
  0x00007f718424d800 JavaThread "sbt-web-akka.actor.default-dispatcher-4" [_thread_blocked, id=3527, stack(0x00007f71c5419000,0x00007f71c551a000)]
  0x00007f71e4e74800 JavaThread "sbt-web-akka.actor.default-dispatcher-3" [_thread_blocked, id=3526, stack(0x00007f71c4d14000,0x00007f71c4e15000)]
  0x00007f71e4f56000 JavaThread "sbt-web-akka.actor.default-dispatcher-2" [_thread_blocked, id=3525, stack(0x00007f71c4c13000,0x00007f71c4d14000)]
  0x00007f71e500b800 JavaThread "sbt-web-scheduler-1" [_thread_blocked, id=3524, stack(0x00007f71c5318000,0x00007f71c5419000)]
  0x00007f71841f3000 JavaThread "process reaper" daemon [_thread_blocked, id=3498, stack(0x00007f717f78f000,0x00007f717f7c8000)]
  0x00007f718c00c800 JavaThread "process reaper" daemon [_thread_in_native, id=3490, stack(0x00007f717f7c8000,0x00007f717f801000)]
  0x00007f719008d800 JavaThread "process reaper" daemon [_thread_blocked, id=3489, stack(0x00007f717f801000,0x00007f717f83a000)]
  0x00007f71e482c000 JavaThread "process reaper" daemon [_thread_blocked, id=3442, stack(0x00007f71c69c0000,0x00007f71c69f9000)]
  0x00007f71e4190000 JavaThread "Service Thread" daemon [_thread_blocked, id=3439, stack(0x00007f71c7419000,0x00007f71c751a000)]
  0x00007f71e4185000 JavaThread "C1 CompilerThread2" daemon [_thread_blocked, id=3437, stack(0x00007f71c751b000,0x00007f71c761b000)]
  0x00007f71e4183800 JavaThread "C2 CompilerThread1" daemon [_thread_in_native, id=3436, stack(0x00007f71c761c000,0x00007f71c771c000)]
  0x00007f71e4180800 JavaThread "C2 CompilerThread0" daemon [_thread_blocked, id=3435, stack(0x00007f71c771d000,0x00007f71c781d000)]
  0x00007f71e417f000 JavaThread "Signal Dispatcher" daemon [_thread_blocked, id=3434, stack(0x00007f71c781d000,0x00007f71c791e000)]
  0x00007f71e414b800 JavaThread "Finalizer" daemon [_thread_blocked, id=3433, stack(0x00007f71c7bfc000,0x00007f71c7cfd000)]
  0x00007f71e4147000 JavaThread "Reference Handler" daemon [_thread_blocked, id=3432, stack(0x00007f71c7cfd000,0x00007f71c7dfe000)]
  0x00007f71e400a000 JavaThread "main" [_thread_blocked, id=3426, stack(0x00007f71eb31a000,0x00007f71eb41a000)]

Other Threads:
  0x00007f71e413f800 VMThread [stack: 0x00007f71c7dff000,0x00007f71c7eff000] [id=3431]
  0x00007f71e4193000 WatcherThread [stack: 0x00007f71c7319000,0x00007f71c7419000] [id=3440]

=>0x00007f71e4020000 (exited) GCTaskThread [stack: 0x00007f71dbcff000,0x00007f71dbdff000] [id=3427]

VM state:at safepoint (normal execution)

VM Mutex/Monitor currently owned by a thread:  ([mutex/lock_event])
[0x00007f71e4006c10] Threads_lock - owner thread: 0x00007f71e413f800
[0x00007f71e4007110] Heap_lock - owner thread: 0x00007f71e4d80000

Heap:
 PSYoungGen      total 305664K, used 295687K [0x00000000eab00000, 0x0000000100000000, 0x0000000100000000)
  eden space 262144K, 100% used [0x00000000eab00000,0x00000000fab00000,0x00000000fab00000)
  from space 43520K, 77% used [0x00000000fd580000,0x00000000ff641df0,0x0000000100000000)
  to   space 43520K, 29% used [0x00000000fab00000,0x00000000fb759070,0x00000000fd580000)
 ParOldGen       total 699392K, used 11065K [0x00000000c0000000, 0x00000000eab00000, 0x00000000eab00000)
  object space 699392K, 1% used [0x00000000c0000000,0x00000000c0ace498,0x00000000eab00000)
 Metaspace       used 63680K, capacity 64220K, committed 64512K, reserved 1101824K
  class space    used 12003K, capacity 12193K, committed 12288K, reserved 1048576K

Card table byte_map: [0x00007f71dbdff000,0x00007f71dc000000] byte_map_base: 0x00007f71db7ff000

Marking Bits: (ParMarkBitMap*) 0x00007f71ea7c1f80
 Begin Bits: [0x00007f71d99fb000, 0x00007f71da9fb000)
 End Bits:   [0x00007f71da9fb000, 0x00007f71db9fb000)

Polling page: 0x00007f71eb43f000

CodeCache: size=131072Kb used=16402Kb max_used=16406Kb free=114669Kb
 bounds [0x00007f71dc000000, 0x00007f71dd020000, 0x00007f71e4000000]
 total_blobs=7084 nmethods=6581 adapters=413
 compilation: enabled

Compilation events (10 events):
Event: 7.913 Thread 0x00007f71e4185000 7880       3       java.io.File::isFile (43 bytes)
Event: 7.913 Thread 0x00007f71e4185000 nmethod 7880 0x00007f71dd0181d0 code [0x00007f71dd018380, 0x00007f71dd018808]
Event: 7.914 Thread 0x00007f71e4180800 nmethod 7846 0x00007f71dd017250 code [0x00007f71dd017440, 0x00007f71dd017a98]
Event: 7.914 Thread 0x00007f71e4180800 7879       4       sbt.inc.Locate$$anonfun$3::apply (9 bytes)
Event: 7.915 Thread 0x00007f71e4185000 7881       3       sbt.inc.Locate$$anonfun$entry$1$$anonfun$apply$2::isDefinedAt (9 bytes)
Event: 7.916 Thread 0x00007f71e4185000 nmethod 7881 0x00007f71dd016d10 code [0x00007f71dd016e80, 0x00007f71dd017168]
Event: 7.916 Thread 0x00007f71e4185000 7882       3       sbt.inc.Locate$$anonfun$entry$1$$anonfun$apply$2::isDefinedAt (42 bytes)
Event: 7.916 Thread 0x00007f71e4185000 nmethod 7882 0x00007f71dd008850 code [0x00007f71dd008a00, 0x00007f71dd0090b8]
Event: 7.916 Thread 0x00007f71e4185000 7883       3       sbt.inc.Locate$$anonfun$jarDefinesClass$1::apply (12 bytes)
Event: 7.916 Thread 0x00007f71e4185000 nmethod 7883 0x00007f71dd008010 code [0x00007f71dd0081a0, 0x00007f71dd0086a8]

GC Heap History (10 events):
Event: 3.712 GC heap after
Heap after GC invocations=6 (full 3):
 PSYoungGen      total 305664K, used 0K [0x00000000eab00000, 0x0000000100000000, 0x0000000100000000)
  eden space 262144K, 0% used [0x00000000eab00000,0x00000000eab00000,0x00000000fab00000)
  from space 43520K, 0% used [0x00000000fab00000,0x00000000fab00000,0x00000000fd580000)
  to   space 43520K, 0% used [0x00000000fd580000,0x00000000fd580000,0x0000000100000000)
 ParOldGen       total 699392K, used 16834K [0x00000000c0000000, 0x00000000eab00000, 0x00000000eab00000)
  object space 699392K, 2% used [0x00000000c0000000,0x00000000c10708f0,0x00000000eab00000)
 Metaspace       used 44162K, capacity 44466K, committed 44672K, reserved 1085440K
  class space    used 8405K, capacity 8502K, committed 8576K, reserved 1048576K
}
Event: 3.718 GC heap before
{Heap before GC invocations=7 (full 3):
 PSYoungGen      total 305664K, used 10485K [0x00000000eab00000, 0x0000000100000000, 0x0000000100000000)
  eden space 262144K, 4% used [0x00000000eab00000,0x00000000eb53d780,0x00000000fab00000)
  from space 43520K, 0% used [0x00000000fab00000,0x00000000fab00000,0x00000000fd580000)
  to   space 43520K, 0% used [0x00000000fd580000,0x00000000fd580000,0x0000000100000000)
 ParOldGen       total 699392K, used 16834K [0x00000000c0000000, 0x00000000eab00000, 0x00000000eab00000)
  object space 699392K, 2% used [0x00000000c0000000,0x00000000c10708f0,0x00000000eab00000)
 Metaspace       used 44167K, capacity 44472K, committed 44672K, reserved 1085440K
  class space    used 8406K, capacity 8503K, committed 8576K, reserved 1048576K
Event: 3.721 GC heap after
Heap after GC invocations=7 (full 3):
 PSYoungGen      total 305664K, used 96K [0x00000000eab00000, 0x0000000100000000, 0x0000000100000000)
  eden space 262144K, 0% used [0x00000000eab00000,0x00000000eab00000,0x00000000fab00000)
  from space 43520K, 0% used [0x00000000fd580000,0x00000000fd598000,0x0000000100000000)
  to   space 43520K, 0% used [0x00000000fab00000,0x00000000fab00000,0x00000000fd580000)
 ParOldGen       total 699392K, used 16834K [0x00000000c0000000, 0x00000000eab00000, 0x00000000eab00000)
  object space 699392K, 2% used [0x00000000c0000000,0x00000000c10708f0,0x00000000eab00000)
 Metaspace       used 44167K, capacity 44472K, committed 44672K, reserved 1085440K
  class space    used 8406K, capacity 8503K, committed 8576K, reserved 1048576K
}
Event: 3.721 GC heap before
{Heap before GC invocations=8 (full 4):
 PSYoungGen      total 305664K, used 96K [0x00000000eab00000, 0x0000000100000000, 0x0000000100000000)
  eden space 262144K, 0% used [0x00000000eab00000,0x00000000eab00000,0x00000000fab00000)
  from space 43520K, 0% used [0x00000000fd580000,0x00000000fd598000,0x0000000100000000)
  to   space 43520K, 0% used [0x00000000fab00000,0x00000000fab00000,0x00000000fd580000)
 ParOldGen       total 699392K, used 16834K [0x00000000c0000000, 0x00000000eab00000, 0x00000000eab00000)
  object space 699392K, 2% used [0x00000000c0000000,0x00000000c10708f0,0x00000000eab00000)
 Metaspace       used 44167K, capacity 44472K, committed 44672K, reserved 1085440K
  class space    used 8406K, capacity 8503K, committed 8576K, reserved 1048576K
Event: 3.765 GC heap after
Heap after GC invocations=8 (full 4):
 PSYoungGen      total 305664K, used 0K [0x00000000eab00000, 0x0000000100000000, 0x0000000100000000)
  eden space 262144K, 0% used [0x00000000eab00000,0x00000000eab00000,0x00000000fab00000)
  from space 43520K, 0% used [0x00000000fd580000,0x00000000fd580000,0x0000000100000000)
  to   space 43520K, 0% used [0x00000000fab00000,0x00000000fab00000,0x00000000fd580000)
 ParOldGen       total 699392K, used 11049K [0x00000000c0000000, 0x00000000eab00000, 0x00000000eab00000)
  object space 699392K, 1% used [0x00000000c0000000,0x00000000c0aca498,0x00000000eab00000)
 Metaspace       used 44167K, capacity 44472K, committed 44672K, reserved 1085440K
  class space    used 8406K, capacity 8503K, committed 8576K, reserved 1048576K
}
Event: 5.326 GC heap before
{Heap before GC invocations=9 (full 4):
 PSYoungGen      total 305664K, used 262144K [0x00000000eab00000, 0x0000000100000000, 0x0000000100000000)
  eden space 262144K, 100% used [0x00000000eab00000,0x00000000fab00000,0x00000000fab00000)
  from space 43520K, 0% used [0x00000000fd580000,0x00000000fd580000,0x0000000100000000)
  to   space 43520K, 0% used [0x00000000fab00000,0x00000000fab00000,0x00000000fd580000)
 ParOldGen       total 699392K, used 11049K [0x00000000c0000000, 0x00000000eab00000, 0x00000000eab00000)
  object space 699392K, 1% used [0x00000000c0000000,0x00000000c0aca498,0x00000000eab00000)
 Metaspace       used 49164K, capacity 49702K, committed 49792K, reserved 1089536K
  class space    used 9637K, capacity 9800K, committed 9856K, reserved 1048576K
Event: 5.339 GC heap after
Heap after GC invocations=9 (full 4):
 PSYoungGen      total 305664K, used 17491K [0x00000000eab00000, 0x0000000100000000, 0x0000000100000000)
  eden space 262144K, 0% used [0x00000000eab00000,0x00000000eab00000,0x00000000fab00000)
  from space 43520K, 40% used [0x00000000fab00000,0x00000000fbc14f28,0x00000000fd580000)
  to   space 43520K, 0% used [0x00000000fd580000,0x00000000fd580000,0x0000000100000000)
 ParOldGen       total 699392K, used 11057K [0x00000000c0000000, 0x00000000eab00000, 0x00000000eab00000)
  object space 699392K, 1% used [0x00000000c0000000,0x00000000c0acc498,0x00000000eab00000)
 Metaspace       used 49164K, capacity 49702K, committed 49792K, reserved 1089536K
  class space    used 9637K, capacity 9800K, committed 9856K, reserved 1048576K
}
Event: 6.793 GC heap before
{Heap before GC invocations=10 (full 4):
 PSYoungGen      total 305664K, used 279635K [0x00000000eab00000, 0x0000000100000000, 0x0000000100000000)
  eden space 262144K, 100% used [0x00000000eab00000,0x00000000fab00000,0x00000000fab00000)
  from space 43520K, 40% used [0x00000000fab00000,0x00000000fbc14f28,0x00000000fd580000)
  to   space 43520K, 0% used [0x00000000fd580000,0x00000000fd580000,0x0000000100000000)
 ParOldGen       total 699392K, used 11057K [0x00000000c0000000, 0x00000000eab00000, 0x00000000eab00000)
  object space 699392K, 1% used [0x00000000c0000000,0x00000000c0acc498,0x00000000eab00000)
 Metaspace       used 58234K, capacity 58702K, committed 58880K, reserved 1097728K
  class space    used 11047K, capacity 11198K, committed 11264K, reserved 1048576K
Event: 6.827 GC heap after
Heap after GC invocations=10 (full 4):
 PSYoungGen      total 305664K, used 33543K [0x00000000eab00000, 0x0000000100000000, 0x0000000100000000)
  eden space 262144K, 0% used [0x00000000eab00000,0x00000000eab00000,0x00000000fab00000)
  from space 43520K, 77% used [0x00000000fd580000,0x00000000ff641df0,0x0000000100000000)
  to   space 43520K, 0% used [0x00000000fab00000,0x00000000fab00000,0x00000000fd580000)
 ParOldGen       total 699392K, used 11065K [0x00000000c0000000, 0x00000000eab00000, 0x00000000eab00000)
  object space 699392K, 1% used [0x00000000c0000000,0x00000000c0ace498,0x00000000eab00000)
 Metaspace       used 58234K, capacity 58702K, committed 58880K, reserved 1097728K
  class space    used 11047K, capacity 11198K, committed 11264K, reserved 1048576K
}
Event: 7.929 GC heap before
{Heap before GC invocations=11 (full 4):
 PSYoungGen      total 305664K, used 295687K [0x00000000eab00000, 0x0000000100000000, 0x0000000100000000)
  eden space 262144K, 100% used [0x00000000eab00000,0x00000000fab00000,0x00000000fab00000)
  from space 43520K, 77% used [0x00000000fd580000,0x00000000ff641df0,0x0000000100000000)
  to   space 43520K, 0% used [0x00000000fab00000,0x00000000fab00000,0x00000000fd580000)
 ParOldGen       total 699392K, used 11065K [0x00000000c0000000, 0x00000000eab00000, 0x00000000eab00000)
  object space 699392K, 1% used [0x00000000c0000000,0x00000000c0ace498,0x00000000eab00000)
 Metaspace       used 63680K, capacity 64220K, committed 64512K, reserved 1101824K
  class space    used 12003K, capacity 12193K, committed 12288K, reserved 1048576K

Deoptimization events (10 events):
Event: 7.766 Thread 0x00007f7168001800 Uncommon trap: reason=class_check action=maybe_recompile pc=0x00007f71dcb47c9c method=sbinary.JavaInput.readByte()B @ 4
Event: 7.766 Thread 0x00007f7168001800 Uncommon trap: reason=class_check action=maybe_recompile pc=0x00007f71dc9271e8 method=sbinary.JavaInput.readByte()B @ 4
Event: 7.766 Thread 0x00007f7168001800 Uncommon trap: reason=class_check action=maybe_recompile pc=0x00007f71dc96123c method=sbinary.JavaInput.readByte()B @ 4
Event: 7.767 Thread 0x00007f7168001800 Uncommon trap: reason=class_check action=maybe_recompile pc=0x00007f71dc4d251c method=sbinary.JavaInput.readByte()B @ 4
Event: 7.767 Thread 0x00007f7168001800 Uncommon trap: reason=class_check action=maybe_recompile pc=0x00007f71dcb560a8 method=sbinary.JavaInput.readByte()B @ 4
Event: 7.767 Thread 0x00007f7168001800 Uncommon trap: reason=class_check action=maybe_recompile pc=0x00007f71dc96315c method=sbinary.JavaInput.readTo([BII)I @ 7
Event: 7.777 Thread 0x00007f71e4d80000 Uncommon trap: reason=bimorphic action=maybe_recompile pc=0x00007f71dc425070 method=scala.collection.SetLike$class.$plus$plus(Lscala/collection/SetLike;Lscala/collection/GenTraversableOnce;)Lscala/collection/Set; @ 11
Event: 7.858 Thread 0x00007f71580ff000 Uncommon trap: reason=speculate_class_check action=maybe_recompile pc=0x00007f71dcad9984 method=scala.collection.immutable.HashMap.get(Ljava/lang/Object;)Lscala/Option; @ 8
Event: 7.858 Thread 0x00007f71580ff000 Uncommon trap: reason=speculate_class_check action=maybe_recompile pc=0x00007f71dcad9984 method=scala.collection.immutable.HashMap.get(Ljava/lang/Object;)Lscala/Option; @ 8
Event: 7.890 Thread 0x00007f719c06e800 Uncommon trap: reason=unstable_if action=reinterpret pc=0x00007f71dcfd7b10 method=java.security.AccessControlContext.optimize()Ljava/security/AccessControlContext; @ 263

Internal exceptions (10 events):
Event: 7.418 Thread 0x00007f7168001800 Exception <a 'java/lang/NoSuchMethodError': <clinit>> (0x00000000f1bfe6a0) thrown at [/HUDSON/workspace/8-2-build-linux-amd64/jdk8u151/9699/hotspot/src/share/vm/prims/jni.cpp, line 1613]
Event: 7.419 Thread 0x00007f7168001800 Exception <a 'java/lang/NoSuchMethodError': <clinit>> (0x00000000f1c0b560) thrown at [/HUDSON/workspace/8-2-build-linux-amd64/jdk8u151/9699/hotspot/src/share/vm/prims/jni.cpp, line 1613]
Event: 7.420 Thread 0x00007f7168001800 Exception <a 'java/lang/NoSuchMethodError': <clinit>> (0x00000000f1c16e20) thrown at [/HUDSON/workspace/8-2-build-linux-amd64/jdk8u151/9699/hotspot/src/share/vm/prims/jni.cpp, line 1613]
Event: 7.445 Thread 0x00007f7168001800 Exception <a 'java/lang/NoSuchMethodError': <clinit>> (0x00000000f1c79c10) thrown at [/HUDSON/workspace/8-2-build-linux-amd64/jdk8u151/9699/hotspot/src/share/vm/prims/jni.cpp, line 1613]
Event: 7.449 Thread 0x00007f7168001800 Exception <a 'java/lang/NoSuchMethodError': <clinit>> (0x00000000f1ca2318) thrown at [/HUDSON/workspace/8-2-build-linux-amd64/jdk8u151/9699/hotspot/src/share/vm/prims/jni.cpp, line 1613]
Event: 7.451 Thread 0x00007f7168001800 Exception <a 'java/lang/NoSuchMethodError': <clinit>> (0x00000000f1cae578) thrown at [/HUDSON/workspace/8-2-build-linux-amd64/jdk8u151/9699/hotspot/src/share/vm/prims/jni.cpp, line 1613]
Event: 7.596 Thread 0x00007f7168001800 Exception <a 'java/lang/NoSuchMethodError': <clinit>> (0x00000000f3419680) thrown at [/HUDSON/workspace/8-2-build-linux-amd64/jdk8u151/9699/hotspot/src/share/vm/prims/jni.cpp, line 1613]
Event: 7.640 Thread 0x00007f7168001800 Exception <a 'java/lang/NoSuchMethodError': <clinit>> (0x00000000f3bccc28) thrown at [/HUDSON/workspace/8-2-build-linux-amd64/jdk8u151/9699/hotspot/src/share/vm/prims/jni.cpp, line 1613]
Event: 7.664 Thread 0x00007f7168001800 Exception <a 'java/lang/NoSuchMethodError': <clinit>> (0x00000000f3d323a0) thrown at [/HUDSON/workspace/8-2-build-linux-amd64/jdk8u151/9699/hotspot/src/share/vm/prims/jni.cpp, line 1613]
Event: 7.731 Thread 0x00007f7168001800 Exception <a 'java/lang/NoSuchMethodError': <clinit>> (0x00000000f4b31fe0) thrown at [/HUDSON/workspace/8-2-build-linux-amd64/jdk8u151/9699/hotspot/src/share/vm/prims/jni.cpp, line 1613]

Events (10 events):
Event: 7.923 loading class akka/util/ByteIterator done
Event: 7.925 loading class akka/util/ByteIterator$ByteArrayIterator
Event: 7.925 loading class akka/util/ByteIterator$ByteArrayIterator done
Event: 7.927 loading class akka/util/ByteString$$anon$2
Event: 7.927 loading class akka/util/ByteString$$anon$2 done
Event: 7.927 loading class akka/util/ByteStringBuilder
Event: 7.927 loading class akka/util/ByteStringBuilder done
Event: 7.928 loading class akka/util/ByteStringBuilder$$anon$1
Event: 7.928 loading class akka/util/ByteStringBuilder$$anon$1 done
Event: 7.929 Executing VM operation: ParallelGCFailedAllocation


Dynamic libraries:
00400000-00401000 r-xp 00000000 103:02 16916555                          /usr/lib/jvm/java-8-oracle/jre/bin/java
00600000-00601000 rw-p 00000000 103:02 16916555                          /usr/lib/jvm/java-8-oracle/jre/bin/java
01227000-01248000 rw-p 00000000 00:00 0                                  [heap]
c0000000-100c00000 rw-p 00000000 00:00 0 
100c00000-140000000 ---p 00000000 00:00 0 
7f7150000000-7f7150021000 rw-p 00000000 00:00 0 
7f7150021000-7f7154000000 ---p 00000000 00:00 0 
7f7158000000-7f7158119000 rw-p 00000000 00:00 0 
7f7158119000-7f715c000000 ---p 00000000 00:00 0 
7f715c000000-7f715c021000 rw-p 00000000 00:00 0 
7f715c021000-7f7160000000 ---p 00000000 00:00 0 
7f7160000000-7f71605ff000 rw-p 00000000 00:00 0 
7f71605ff000-7f7164000000 ---p 00000000 00:00 0 
7f7164000000-7f7164021000 rw-p 00000000 00:00 0 
7f7164021000-7f7168000000 ---p 00000000 00:00 0 
7f7168000000-7f7168021000 rw-p 00000000 00:00 0 
7f7168021000-7f716c000000 ---p 00000000 00:00 0 
7f716c000000-7f716c021000 rw-p 00000000 00:00 0 
7f716c021000-7f7170000000 ---p 00000000 00:00 0 
7f7170000000-7f7170054000 rw-p 00000000 00:00 0 
7f7170054000-7f7174000000 ---p 00000000 00:00 0 
7f7178000000-7f7178021000 rw-p 00000000 00:00 0 
7f7178021000-7f717c000000 ---p 00000000 00:00 0 
7f717de3d000-7f717de40000 ---p 00000000 00:00 0 
7f717de40000-7f717df3e000 rw-p 00000000 00:00 0 
7f717df3e000-7f717df41000 ---p 00000000 00:00 0 
7f717df41000-7f717e03f000 rw-p 00000000 00:00 0 
7f717e03f000-7f717e042000 ---p 00000000 00:00 0 
7f717e042000-7f717e140000 rw-p 00000000 00:00 0 
7f717e145000-7f717e148000 ---p 00000000 00:00 0 
7f717e148000-7f717e246000 rw-p 00000000 00:00 0 
7f717e246000-7f717e249000 ---p 00000000 00:00 0 
7f717e249000-7f717e447000 rw-p 00000000 00:00 0 
7f717e447000-7f717e547000 ---p 00000000 00:00 0 
7f717e547000-7f717e747000 rw-p 00000000 00:00 0 
7f717e747000-7f717e753000 r--s 00071000 103:02 19537148                  /home/kurt/.ivy2/cache/org.reactivemongo/reactivemongo-play-json_2.11/jars/reactivemongo-play-json_2.11-0.16.3-play25.jar
7f717e753000-7f717e756000 r--s 00021000 103:02 12846966                  /home/kurt/.ivy2/cache/org.apache.logging.log4j/log4j-api/jars/log4j-api-2.5.jar
7f717e756000-7f717e75d000 r--s 0004b000 103:02 12847774                  /home/kurt/.ivy2/cache/commons-codec/commons-codec/jars/commons-codec-1.11.jar
7f717e75d000-7f717e762000 r--s 00048000 103:02 19529931                  /home/kurt/.ivy2/cache/dnsjava/dnsjava/jars/dnsjava-2.1.8.jar
7f717e762000-7f717e7bc000 r--s 003f5000 103:02 12848545                  /home/kurt/.ivy2/cache/org.reactivemongo/reactivemongo-shaded/jars/reactivemongo-shaded-0.16.3.jar
7f717e7bc000-7f717e7c7000 r--s 00073000 103:02 12848546                  /home/kurt/.ivy2/cache/org.reactivemongo/reactivemongo-bson_2.11/jars/reactivemongo-bson_2.11-0.16.3.jar
7f717e7c7000-7f717e7cb000 r--s 00031000 103:02 12848544                  /home/kurt/.ivy2/cache/org.reactivemongo/reactivemongo-bson-macros_2.11/jars/reactivemongo-bson-macros_2.11-0.16.3.jar
7f717e7cb000-7f717e816000 r--s 00340000 103:02 12848543                  /home/kurt/.ivy2/cache/org.reactivemongo/reactivemongo_2.11/jars/reactivemongo_2.11-0.16.3.jar
7f717e816000-7f717e81b000 r--s 00025000 103:02 13120126                  /home/kurt/.ivy2/cache/org.reactivemongo/play2-reactivemongo_2.11/jars/play2-reactivemongo_2.11-0.16.3-play25.jar
7f717e81b000-7f717e81c000 r--s 00002000 103:02 26349935                  /home/kurt/.ivy2/cache/uk.gov.hmrc/play-whitelist-filter_2.11/jars/play-whitelist-filter_2.11-2.0.0.jar
7f717e81c000-7f717e81f000 r--s 00016000 103:02 17440847                  /home/kurt/.ivy2/cache/com.fasterxml.jackson.datatype/jackson-datatype-jsr310/bundles/jackson-datatype-jsr310-2.9.8.jar
7f717e81f000-7f717e821000 r--s 00007000 103:02 17440846                  /home/kurt/.ivy2/cache/com.fasterxml.jackson.datatype/jackson-datatype-jdk8/bundles/jackson-datatype-jdk8-2.9.8.jar
7f717e821000-7f717e824000 r--s 0000e000 103:02 12848925                  /home/kurt/.ivy2/cache/com.fasterxml.jackson.core/jackson-annotations/bundles/jackson-annotations-2.9.8.jar
7f717e824000-7f717e836000 r--s 00137000 103:02 12848926                  /home/kurt/.ivy2/cache/com.fasterxml.jackson.core/jackson-databind/bundles/jackson-databind-2.9.8.jar
7f717e836000-7f717e83a000 r--s 0004c000 103:02 12848924                  /home/kurt/.ivy2/cache/com.fasterxml.jackson.core/jackson-core/bundles/jackson-core-2.9.8.jar
7f717e83a000-7f717e83b000 r--s 00001000 103:02 19536949                  /home/kurt/.ivy2/cache/uk.gov.hmrc/http-core_2.11/jars/http-core_2.11-2.1.0.jar
7f717e83b000-7f717e843000 r--s 0004d000 103:02 19536948                  /home/kurt/.ivy2/cache/uk.gov.hmrc/http-verbs_2.11/jars/http-verbs_2.11-9.2.0-play-25.jar
7f717e843000-7f717e844000 r--s 00003000 103:02 25825604                  /home/kurt/.ivy2/cache/uk.gov.hmrc/json-encryption_2.11/jars/json-encryption_2.11-4.0.0.jar
7f717e844000-7f717e847000 r--s 0000d000 103:02 25697557                  /home/kurt/.ivy2/cache/uk.gov.hmrc/http-caching-client_2.11/jars/http-caching-client_2.11-8.1.0.jar
7f717e847000-7f717e84b000 r--s 00032000 103:02 13369781                  /home/kurt/.ivy2/cache/me.chrons/boopickle_2.11/jars/boopickle_2.11-1.1.0.jar
7f717e84b000-7f717e84d000 r--s 00011000 103:02 13114077                  /home/kurt/.ivy2/cache/org.spire-math/jawn-parser_2.11/jars/jawn-parser_2.11-0.7.0.jar
7f717e84d000-7f717e84f000 r--s 0000e000 103:02 14178303                  /home/kurt/.ivy2/cache/com.lihaoyi/derive_2.11/jars/derive_2.11-0.3.6.jar
7f717e84f000-7f717e855000 r--s 0004c000 103:02 14178295                  /home/kurt/.ivy2/cache/com.lihaoyi/upickle_2.11/jars/upickle_2.11-0.3.6.jar
7f717e855000-7f717e85b000 r--s 00066000 103:02 13114075                  /home/kurt/.ivy2/cache/io.megl/play-json-extra_2.11/jars/play-json-extra_2.11-2.4.3.jar
7f717e85b000-7f717e85d000 r--s 00007000 103:02 6688387                   /home/kurt/.ivy2/cache/com.thoughtworks.paranamer/paranamer/bundles/paranamer-2.8.jar
7f717e85d000-7f717e85f000 r--s 00009000 103:02 6690155                   /home/kurt/.ivy2/cache/com.fasterxml.jackson.module/jackson-module-paranamer/bundles/jackson-module-paranamer-2.9.7.jar
7f717e85f000-7f717e86b000 r--s 00063000 103:02 17439810                  /home/kurt/.ivy2/cache/com.fasterxml.jackson.module/jackson-module-scala_2.11/bundles/jackson-module-scala_2.11-2.9.7.jar
7f717e86b000-7f717e871000 r--s 00078000 103:02 13108413                  /home/kurt/.ivy2/cache/com.fasterxml.woodstox/woodstox-core/bundles/woodstox-core-5.0.3.jar
7f717e871000-7f717e875000 r--s 00024000 103:02 13108407                  /home/kurt/.ivy2/cache/org.codehaus.woodstox/stax2-api/bundles/stax2-api-3.1.4.jar
7f717e875000-7f717e877000 r--s 00007000 103:02 17572823                  /home/kurt/.ivy2/cache/com.fasterxml.jackson.module/jackson-module-jaxb-annotations/bundles/jackson-module-jaxb-annotations-2.9.7.jar
7f717e877000-7f717e87a000 r--s 00016000 103:02 14032945                  /home/kurt/.ivy2/cache/com.fasterxml.jackson.dataformat/jackson-dataformat-xml/bundles/jackson-dataformat-xml-2.9.7.jar
7f717e87a000-7f717e8c7000 r--s 00376000 103:02 12848241                  /home/kurt/.ivy2/cache/com.chuusai/shapeless_2.11/bundles/shapeless_2.11-2.3.3.jar
7f717e8c7000-7f717e8c8000 r--s 00000000 103:02 12846991                  /home/kurt/.ivy2/cache/org.typelevel/macro-compat_2.11/jars/macro-compat_2.11-1.1.1.jar
7f717e8c8000-7f717e8d2000 r--s 0009a000 103:02 12847764                  /home/kurt/.ivy2/cache/org.scala-lang.modules/scala-xml_2.11/bundles/scala-xml_2.11-1.0.5.jar
7f717e8d2000-7f717e9df000 r--s 00dd4000 103:02 12731083                  /home/kurt/.ivy2/cache/org.scala-lang/scala-compiler/jars/scala-compiler-2.11.11.jar
7f717e9df000-7f717e9e1000 r--s 0000f000 103:02 1977683                   /home/kurt/.ivy2/cache/com.github.pureconfig/pureconfig-macros_2.11/jars/pureconfig-macros_2.11-0.9.2.jar
7f717e9e1000-7f717e9ed000 r--s 0008a000 103:02 1977681                   /home/kurt/.ivy2/cache/com.github.pureconfig/pureconfig_2.11/bundles/pureconfig_2.11-0.9.2.jar
7f717e9ed000-7f717e9ef000 r--s 00001000 103:02 26349941                  /home/kurt/.ivy2/cache/com.github.rishabh9/mdc-propagation-dispatcher_2.11/jars/mdc-propagation-dispatcher_2.11-0.0.5.jar
7f717e9ef000-7f717e9f1000 r--s 00000000 103:02 19529913                  /home/kurt/.ivy2/cache/io.dropwizard.metrics/metrics-logback/bundles/metrics-logback-3.1.2.jar
7f717e9f1000-7f717e9f3000 r--s 00008000 103:02 19529911                  /home/kurt/.ivy2/cache/io.dropwizard.metrics/metrics-jvm/bundles/metrics-jvm-3.1.2.jar
7f717e9f3000-7f717e9f4000 r--s 00003000 103:02 19529909                  /home/kurt/.ivy2/cache/io.dropwizard.metrics/metrics-json/bundles/metrics-json-3.1.2.jar
7f717e9f4000-7f717e9f6000 r--s 00008000 103:02 19529897                  /home/kurt/.ivy2/cache/de.threedimensions/metrics-play_2.11/jars/metrics-play_2.11-2.5.13.jar
7f717e9f6000-7f717e9fa000 r--s 0001e000 103:02 19529907                  /home/kurt/.ivy2/cache/io.dropwizard.metrics/metrics-core/bundles/metrics-core-3.2.5.jar
7f717e9fa000-7f717e9fc000 r--s 00004000 103:02 19529905                  /home/kurt/.ivy2/cache/io.dropwizard.metrics/metrics-graphite/bundles/metrics-graphite-3.2.5.jar
7f717e9fc000-7f717e9fd000 r--s 00003000 103:02 19536457                  /home/kurt/.ivy2/cache/uk.gov.hmrc/logback-json-logger_2.11/jars/logback-json-logger_2.11-4.3.0.jar
7f717e9fd000-7f717e9ff000 r--s 0000c000 103:02 19536456                  /home/kurt/.ivy2/cache/uk.gov.hmrc/play-config_2.11/jars/play-config_2.11-7.3.0.jar
7f717e9ff000-7f717ea01000 r--s 0000c000 103:02 19531932                  /home/kurt/.ivy2/cache/uk.gov.hmrc/play-health_2.11/jars/play-health_2.11-3.10.0-play-25.jar
7f717ea01000-7f717ea05000 r--s 00018000 103:02 19532650                  /home/kurt/.ivy2/cache/net.ceedubs/ficus_2.11/jars/ficus_2.11-1.1.2.jar
7f717ea05000-7f717ea0c000 r--s 0004e000 103:02 26349939                  /home/kurt/.ivy2/cache/uk.gov.hmrc/auth-client_2.11/jars/auth-client_2.11-2.11.0-play-25.jar
7f717ea0c000-7f717ea1d000 r--s 0008a000 103:02 12847869                  /home/kurt/.ivy2/cache/joda-time/joda-time/jars/joda-time-2.9.7.jar
7f717ea1d000-7f717ea22000 r--s 0002e000 103:02 12847868                  /home/kurt/.ivy2/cache/com.github.nscala-time/nscala-time_2.11/jars/nscala-time_2.11-2.16.0.jar
7f717ea22000-7f717ea23000 r--s 00007000 103:02 19532528                  /home/kurt/.ivy2/cache/uk.gov.hmrc/time_2.11/jars/time_2.11-3.2.0.jar
7f717ea23000-7f717ea27000 r--s 00028000 103:02 19531486                  /home/kurt/.ivy2/cache/uk.gov.hmrc/play-auditing_2.11/jars/play-auditing_2.11-3.16.0-play-25.jar
7f717ea27000-7f717ea40000 r--s 0013a000 103:02 12848267                  /home/kurt/.ivy2/cache/xerces/xercesImpl/jars/xercesImpl-2.12.0.jar
7f717ea40000-7f717ea42000 r--s 0000e000 103:02 12847200                  /home/kurt/.ivy2/cache/commons-logging/commons-logging/jars/commons-logging-1.2.jar
7f717ea42000-7f717ea4f000 r--s 000a7000 103:02 12847761                  /home/kurt/.ivy2/cache/org.apache.httpcomponents/httpclient/jars/httpclient-4.5.2.jar
7f717ea4f000-7f717ea56000 r--s 00049000 103:02 12847762                  /home/kurt/.ivy2/cache/org.apache.httpcomponents/httpcore/jars/httpcore-4.4.4.jar
7f717ea56000-7f717ea57000 r--s 00001000 103:02 19529858                  /home/kurt/.ivy2/cache/oauth.signpost/signpost-commonshttp4/jars/signpost-commonshttp4-1.2.1.2.jar
7f717ea57000-7f717ea5a000 r--s 00009000 103:02 19529856                  /home/kurt/.ivy2/cache/oauth.signpost/signpost-core/jars/signpost-core-1.2.1.2.jar
7f717ea5a000-7f717ea5c000 r--s 0000c000 103:02 19535831                  /home/kurt/.ivy2/cache/org.asynchttpclient/netty-codec-dns/jars/netty-codec-dns-2.0.36.jar
7f717ea5c000-7f717ea5e000 r--s 00007000 103:02 19535830                  /home/kurt/.ivy2/cache/org.asynchttpclient/netty-resolver/jars/netty-resolver-2.0.36.jar
7f717ea5e000-7f717ea60000 r--s 00014000 103:02 19535825                  /home/kurt/.ivy2/cache/org.asynchttpclient/netty-resolver-dns/jars/netty-resolver-dns-2.0.36.jar
7f717ea60000-7f717ea67000 r--s 00051000 103:02 19535823                  /home/kurt/.ivy2/cache/io.netty/netty-handler/jars/netty-handler-4.0.51.Final.jar
7f717ea67000-7f717ea6b000 r--s 00021000 103:02 19535828                  /home/kurt/.ivy2/cache/io.netty/netty-codec/jars/netty-codec-4.0.51.Final.jar
7f717ea6b000-7f717ea74000 r--s 00068000 103:02 19535822                  /home/kurt/.ivy2/cache/io.netty/netty-codec-http/jars/netty-codec-http-4.0.51.Final.jar
7f717ea74000-7f717ea75000 r--s 00001000 103:02 19535821                  /home/kurt/.ivy2/cache/org.asynchttpclient/async-http-client-netty-utils/jars/async-http-client-netty-utils-2.0.36.jar
7f717ea75000-7f717ea7e000 r--s 00061000 103:02 19535820                  /home/kurt/.ivy2/cache/org.asynchttpclient/async-http-client/jars/async-http-client-2.0.36.jar
7f717ea7e000-7f717eaaa000 r--s 00208000 103:02 19529852                  /home/kurt/.ivy2/cache/com.google.guava/guava/bundles/guava-19.0.jar
7f717eaaa000-7f717eab7000 r--s 00096000 103:02 17441197                  /home/kurt/.ivy2/cache/com.typesafe.play/play-ws_2.11/jars/play-ws_2.11-2.5.19.jar
7f717eab7000-7f717eab8000 r--s 00001000 103:02 19535819                  /home/kurt/.ivy2/cache/uk.gov.hmrc/http-verbs-play-25_2.11/jars/http-verbs-play-25_2.11-1.0.0.jar
7f717eab8000-7f717eb10000 r--s 003a7000 103:02 19535817                  /home/kurt/.ivy2/cache/org.bouncycastle/bcprov-jdk15on/jars/bcprov-jdk15on-1.60.jar
7f717eb10000-7f717eb12000 r--s 00006000 103:02 19537151                  /home/kurt/.ivy2/cache/uk.gov.hmrc/secure_2.11/jars/secure_2.11-7.9.0.jar
7f717eb12000-7f717eb14000 r--s 00013000 103:02 19537150                  /home/kurt/.ivy2/cache/uk.gov.hmrc/crypto_2.11/jars/crypto_2.11-5.3.0.jar
7f717eb14000-7f717eb16000 r--s 00004000 103:02 17441192                  /home/kurt/.ivy2/cache/com.typesafe.akka/akka-slf4j_2.11/jars/akka-slf4j_2.11-2.5.18.jar
7f717eb16000-7f717eb22000 r--s 00068000 103:02 12848352                  /home/kurt/.ivy2/cache/org.scala-lang.modules/scala-parser-combinators_2.11/bundles/scala-parser-combinators_2.11-1.1.1.jar
7f717eb22000-7f717eb2a000 r--s 0005a000 103:02 17441196                  /home/kurt/.ivy2/cache/com.typesafe/ssl-config-core_2.11/bundles/ssl-config-core_2.11-0.3.6.jar
7f717eb2a000-7f717eb2b000 r--s 00000000 103:02 17440572                  /home/kurt/.ivy2/cache/org.reactivestreams/reactive-streams/jars/reactive-streams-1.0.2.jar
7f717eb2b000-7f717eb32000 r--s 00070000 103:02 13107597                  /home/kurt/.ivy2/cache/com.typesafe.akka/akka-protobuf_2.11/jars/akka-protobuf_2.11-2.5.18.jar
7f717eb32000-7f717eb8a000 r--s 004b0000 103:02 17441191                  /home/kurt/.ivy2/cache/com.typesafe.akka/akka-stream_2.11/jars/akka-stream_2.11-2.5.18.jar
7f717eb8a000-7f717eb8f000 r--s 00041000 103:02 12728733                  /home/kurt/.ivy2/cache/com.typesafe/config/bundles/config-1.3.3.jar
7f717eb8f000-7f717ebc7000 r--s 00386000 103:02 12845823                  /home/kurt/.ivy2/cache/com.typesafe.akka/akka-actor_2.11/jars/akka-actor_2.11-2.5.18.jar
7f717ebc7000-7f717ebd2000 r--s 00066000 103:02 26352289                  /home/kurt/.ivy2/cache/uk.gov.hmrc/bootstrap-play-25_2.11/jars/bootstrap-play-25_2.11-4.9.0.jar
7f717ebd2000-7f717ebd6000 r--s 0001f000 103:02 12847922                  /home/kurt/.ivy2/cache/org.joda/joda-convert/jars/joda-convert-2.0.2.jar
7f717ebd6000-7f717ebe0000 r--s 0005f000 103:02 19535809                  /home/kurt/.ivy2/cache/com.typesafe.play/filters-helpers_2.11/jars/filters-helpers_2.11-2.5.19.jar
7f717ebe0000-7f717ebea000 r--s 0006e000 103:02 25565919                  /home/kurt/.ivy2/cache/uk.gov.hmrc/play-ui_2.11/jars/play-ui_2.11-7.33.0-play-25.jar
7f717ebea000-7f717ebed000 r--s 000c4000 103:02 25444789                  /home/kurt/.ivy2/cache/uk.gov.hmrc/govuk-template_2.11/jars/govuk-template_2.11-5.25.0-play-25.jar
7f717ebed000-7f717ebef000 r--s 00009000 103:02 12847854                  /home/kurt/.ivy2/cache/org.slf4j/slf4j-api/jars/slf4j-api-1.7.25.jar
7f717ebef000-7f717ebfa000 r--s 00069000 103:02 19532001                  /home/kurt/.ivy2/cache/ch.qos.logback/logback-core/jars/logback-core-1.2.3.jar
7f717ebfa000-7f717ec00000 r--s 00041000 103:02 19532000                  /home/kurt/.ivy2/cache/ch.qos.logback/logback-classic/jars/logback-classic-1.2.3.jar
7f717ec00000-7f717ec01000 r--s 00005000 103:02 17441200                  /home/kurt/.ivy2/cache/com.typesafe.play/play-logback_2.11/jars/play-logback_2.11-2.5.19.jar
7f717ec01000-7f717ec09000 r--s 00057000 103:02 19535829                  /home/kurt/.ivy2/cache/io.netty/netty-transport/jars/netty-transport-4.0.51.Final.jar
7f717ec09000-7f717ec0d000 r--s 00036000 103:02 19535826                  /home/kurt/.ivy2/cache/io.netty/netty-buffer/jars/netty-buffer-4.0.51.Final.jar
7f717ec0d000-7f717ec16000 r--s 00058000 103:02 19535827                  /home/kurt/.ivy2/cache/io.netty/netty-common/jars/netty-common-4.0.51.Final.jar
7f717ec16000-7f717ec19000 r--s 00023000 103:02 19535824                  /home/kurt/.ivy2/cache/io.netty/netty-transport-native-epoll/jars/netty-transport-native-epoll-4.0.51.Final-linux-x86_64.jar
7f717ec19000-7f717ec1b000 r--s 00004000 103:02 19529835                  /home/kurt/.ivy2/cache/com.typesafe.netty/netty-reactive-streams/jars/netty-reactive-streams-1.0.8.jar
7f717ec1b000-7f717ec1c000 r--s 00007000 103:02 19529831                  /home/kurt/.ivy2/cache/com.typesafe.netty/netty-reactive-streams-http/jars/netty-reactive-streams-http-1.0.8.jar
7f717ec1c000-7f717ec21000 r--s 0002b000 103:02 17441199                  /home/kurt/.ivy2/cache/com.typesafe.play/play-netty-server_2.11/jars/play-netty-server_2.11-2.5.19.jar
7f717ec21000-7f717ec23000 r--s 00009000 103:02 17440088                  /home/kurt/.ivy2/cache/com.google.inject.extensions/guice-assistedinject/jars/guice-assistedinject-4.0.jar
7f717ec23000-7f717ec25000 r--s 00000000 103:02 19529827                  /home/kurt/.ivy2/cache/aopalliance/aopalliance/jars/aopalliance-1.0.jar
7f717ec25000-7f717ec26000 r--s 00000000 103:02 17440098                  /home/kurt/.ivy2/cache/javax.inject/javax.inject/jars/javax.inject-1.jar
7f717ec26000-7f717ec34000 r--s 00096000 103:02 17440086                  /home/kurt/.ivy2/cache/com.google.inject/guice/jars/guice-4.0.jar
7f717ec34000-7f717ec35000 r--s 00003000 103:02 17440084                  /home/kurt/.ivy2/cache/javax.transaction/jta/jars/jta-1.1.jar
7f717ec35000-7f717ec3e000 r--s 0002d000 103:02 12847313                  /home/kurt/.ivy2/cache/xml-apis/xml-apis/jars/xml-apis-1.4.01.jar
7f717ec3e000-7f717ec4c000 r--s 00081000 103:02 17440090                  /home/kurt/.ivy2/cache/org.scala-lang.modules/scala-java8-compat_2.11/bundles/scala-java8-compat_2.11-0.7.0.jar
7f717ec4c000-7f717ec53000 r--s 00042000 103:02 17441195                  /home/kurt/.ivy2/cache/com.typesafe.play/play-streams_2.11/jars/play-streams_2.11-2.5.19.jar
7f717ec53000-7f717ec55000 r--s 00003000 103:02 17440078                  /home/kurt/.ivy2/cache/org.slf4j/jcl-over-slf4j/jars/jcl-over-slf4j-1.7.21.jar
7f717ec55000-7f717ec57000 r--s 00000000 103:02 17440076                  /home/kurt/.ivy2/cache/org.slf4j/jul-to-slf4j/jars/jul-to-slf4j-1.7.21.jar
7f717ec57000-7f717ec58000 r--s 00004000 103:02 17441194                  /home/kurt/.ivy2/cache/com.typesafe.play/play-netty-utils/jars/play-netty-utils-2.5.19.jar
7f717ec58000-7f717eca4000 r--s 00418000 103:02 12731081                  /home/kurt/.ivy2/cache/org.scala-lang/scala-reflect/jars/scala-reflect-2.11.11.jar
7f717eca4000-7f717eca5000 r--s 00001000 103:02 12845830                  /home/kurt/.ivy2/cache/com.typesafe.play/play-datacommons_2.11/jars/play-datacommons_2.11-2.5.19.jar
7f717eca5000-7f717ecae000 r--s 0005c000 103:02 12845829                  /home/kurt/.ivy2/cache/com.typesafe.play/play-functional_2.11/jars/play-functional_2.11-2.5.19.jar
7f717ecae000-7f717ecbb000 r--s 00092000 103:02 12845827                  /home/kurt/.ivy2/cache/com.typesafe.play/play-json_2.11/jars/play-json_2.11-2.5.19.jar
7f717ecbb000-7f717ecc4000 r--s 00091000 103:02 12847755                  /home/kurt/.ivy2/cache/org.scala-stm/scala-stm_2.11/jars/scala-stm_2.11-0.7.jar
7f717ecc4000-7f717ecd7000 r--s 000ad000 103:02 12845824                  /home/kurt/.ivy2/cache/com.typesafe.play/play-iteratees_2.11/jars/play-iteratees_2.11-2.5.19.jar
7f717ecd7000-7f717ed29000 r--s 0039b000 103:02 17441193                  /home/kurt/.ivy2/cache/com.typesafe.play/play_2.11/jars/play_2.11-2.5.19.jar
7f717ed29000-7f717ed30000 r--s 00041000 103:02 17441198                  /home/kurt/.ivy2/cache/com.typesafe.play/play-server_2.11/jars/play-server_2.11-2.5.19.jar
7f717ed30000-7f717ed32000 r--s 0000d000 103:02 17440042                  /home/kurt/.ivy2/cache/com.typesafe.play/twirl-api_2.11/jars/twirl-api_2.11-1.1.1.jar
7f717ed32000-7f717ed8b000 r--s 00523000 103:02 12731080                  /home/kurt/.ivy2/cache/org.scala-lang/scala-library/jars/scala-library-2.11.11.jar
7f717ed8b000-7f717ed8e000 ---p 00000000 00:00 0 
7f717ed8e000-7f717ee8c000 rw-p 00000000 00:00 0 
7f717ee8c000-7f717ee8f000 ---p 00000000 00:00 0 
7f717ee8f000-7f717ef8d000 rw-p 00000000 00:00 0 
7f717ef8d000-7f717ef90000 ---p 00000000 00:00 0 
7f717ef90000-7f717f08e000 rw-p 00000000 00:00 0 
7f717f08e000-7f717f091000 ---p 00000000 00:00 0 
7f717f091000-7f717f38f000 rw-p 00000000 00:00 0 
7f717f38f000-7f717f58f000 rw-p 00000000 00:00 0 
7f717f58f000-7f717f78f000 rw-p 00000000 00:00 0 
7f717f78f000-7f717f792000 ---p 00000000 00:00 0 
7f717f792000-7f717f7c8000 rw-p 00000000 00:00 0 
7f717f7c8000-7f717f7cb000 ---p 00000000 00:00 0 
7f717f7cb000-7f717f801000 rw-p 00000000 00:00 0 
7f717f801000-7f717f804000 ---p 00000000 00:00 0 
7f717f804000-7f717fa3a000 rw-p 00000000 00:00 0 
7f717fa3a000-7f717fa3d000 r--s 0001a000 103:02 16916597                  /usr/lib/jvm/java-8-oracle/jre/lib/jce.jar
7f717fa3d000-7f717fc3d000 rw-p 00000000 00:00 0 
7f717fc3d000-7f717fc40000 r--s 00011000 103:02 25170584                  /home/kurt/.ivy2/cache/scala_2.10/sbt_0.13/com.typesafe.sbt/sbt-digest/jars/sbt-digest-1.1.2.jar
7f717fc40000-7f717fc44000 r--s 0002a000 103:02 13109273                  /home/kurt/.ivy2/cache/org.jctools/jctools-core/bundles/jctools-core-2.0.1.jar
7f717fc44000-7f717fc61000 r--s 00233000 103:02 13109271                  /home/kurt/.ivy2/cache/io.monix/monix-reactive_2.10/jars/monix-reactive_2.10-2.3.0.jar
7f717fc61000-7f717fc6a000 r--s 00062000 103:02 13109269                  /home/kurt/.ivy2/cache/io.monix/monix-eval_2.10/jars/monix-eval_2.10-2.3.0.jar
7f717fc6a000-7f717fc6b000 r--s 00000000 103:02 17440092                  /home/kurt/.ivy2/cache/org.reactivestreams/reactive-streams/jars/reactive-streams-1.0.0.jar
7f717fc6b000-7f717fc7b000 r--s 000b4000 103:02 13109267                  /home/kurt/.ivy2/cache/io.monix/monix-execution_2.10/jars/monix-execution_2.10-2.3.0.jar
7f717fc7b000-7f717fc80000 r--s 00021000 103:02 13109265                  /home/kurt/.ivy2/cache/io.monix/monix-types_2.10/jars/monix-types_2.10-2.3.0.jar
7f717fc80000-7f717fc82000 r--s 00000000 103:02 25306598                  /home/kurt/.ivy2/cache/org.webjars.npm/window-size/jars/window-size-0.1.0.jar
7f717fc82000-7f717fc84000 r--s 00000000 103:02 25170714                  /home/kurt/.ivy2/cache/org.webjars.npm/decamelize/jars/decamelize-1.2.0.jar
7f717fc84000-7f717fc86000 r--s 00003000 103:02 25307166                  /home/kurt/.ivy2/cache/org.webjars.npm/wordwrap/jars/wordwrap-0.0.2.jar
7f717fc86000-7f717fc88000 r--s 00000000 103:02 25306602                  /home/kurt/.ivy2/cache/org.webjars.npm/right-align/jars/right-align-0.1.3.jar
7f717fc88000-7f717fc89000 r--s 00001000 103:02 25307921                  /home/kurt/.ivy2/cache/org.webjars.npm/lazy-cache/jars/lazy-cache-1.0.4.jar
7f717fc89000-7f717fc8a000 r--s 00001000 103:02 25446724                  /home/kurt/.ivy2/cache/org.webjars.npm/repeat-string/jars/repeat-string-1.6.1.jar
7f717fc8a000-7f717fc8c000 r--s 00000000 103:02 25308419                  /home/kurt/.ivy2/cache/org.webjars.npm/longest/jars/longest-1.0.1.jar
7f717fc8c000-7f717fc8d000 r--s 00001000 103:02 25447578                  /home/kurt/.ivy2/cache/org.webjars.npm/is-buffer/jars/is-buffer-1.1.6.jar
7f717fc8d000-7f717fc8e000 r--s 00001000 103:02 25308417                  /home/kurt/.ivy2/cache/org.webjars.npm/kind-of/jars/kind-of-3.2.2.jar
7f717fc8e000-7f717fc8f000 r--s 00001000 103:02 25307488                  /home/kurt/.ivy2/cache/org.webjars.npm/align-text/jars/align-text-0.1.4.jar
7f717fc8f000-7f717fc90000 r--s 00001000 103:02 25306600                  /home/kurt/.ivy2/cache/org.webjars.npm/center-align/jars/center-align-0.1.3.jar
7f717fc90000-7f717fc91000 r--s 00002000 103:02 25170712                  /home/kurt/.ivy2/cache/org.webjars.npm/cliui/jars/cliui-2.1.0.jar
7f717fc91000-7f717fc93000 r--s 00000000 103:02 25170710                  /home/kurt/.ivy2/cache/org.webjars.npm/camelcase/jars/camelcase-1.2.1.jar
7f717fc93000-7f717fc95000 r--s 00008000 103:02 25170708                  /home/kurt/.ivy2/cache/org.webjars.npm/yargs/jars/yargs-3.10.0.jar
7f717fc95000-7f717fc96000 r--s 00001000 103:02 25170706                  /home/kurt/.ivy2/cache/org.webjars.npm/uglify-to-browserify/jars/uglify-to-browserify-1.0.2.jar
7f717fc96000-7f717fc98000 r--s 00030000 103:02 25170704                  /home/kurt/.ivy2/cache/org.webjars.npm/source-map/jars/source-map-0.5.7.jar
7f717fc98000-7f717fc9a000 r--s 00021000 103:02 25170698                  /home/kurt/.ivy2/cache/org.webjars.npm/uglify-js/jars/uglify-js-2.8.14.jar
7f717fc9a000-7f717fca2000 r--s 00045000 103:02 15603956                  /home/kurt/.ivy2/cache/scala_2.10/sbt_0.13/com.typesafe.sbt/sbt-web/jars/sbt-web-1.4.2.jar
7f717fca2000-7f717fca4000 r--s 00006000 103:02 15602433                  /home/kurt/.ivy2/cache/org.webjars/webjars-locator-core/jars/webjars-locator-core-0.32.jar
7f717fca4000-7f717fd0c000 r--s 00319000 103:02 15602450                  /home/kurt/.ivy2/cache/org.webjars/npm/jars/npm-4.2.0.jar
7f717fd0c000-7f717fd0d000 r--s 00001000 103:02 15604379                  /home/kurt/.ivy2/cache/com.typesafe/npm_2.10/jars/npm_2.10-1.2.1.jar
7f717fd0d000-7f717fd12000 r--s 00043000 103:02 15602446                  /home/kurt/.ivy2/cache/io.spray/spray-json_2.10/bundles/spray-json_2.10-1.3.3.jar
7f717fd12000-7f717fd17000 r--s 000d1000 103:02 15602439                  /home/kurt/.ivy2/cache/io.apigee.trireme/trireme-node10src/jars/trireme-node10src-0.8.9.jar
7f717fd17000-7f717fd24000 r--s 00126000 103:02 25170702                  /home/kurt/.ivy2/cache/org.mozilla/rhino/jars/rhino-1.7.7.1.jar
7f717fd24000-7f717fd26000 r--s 00009000 103:02 12847769                  /home/kurt/.ivy2/cache/org.slf4j/slf4j-api/jars/slf4j-api-1.7.22.jar
7f717fd26000-7f717fd2b000 r--s 0002b000 103:02 25170700                  /home/kurt/.ivy2/cache/io.apigee.trireme/trireme-kernel/jars/trireme-kernel-0.8.9.jar
7f717fd2b000-7f717fd2f000 r--s 00035000 103:02 15602438                  /home/kurt/.ivy2/cache/io.apigee.trireme/trireme-core/jars/trireme-core-0.8.9.jar
7f717fd2f000-7f717fd3d000 r--s 000c0000 103:02 15602449                  /home/kurt/.ivy2/cache/com.typesafe.akka/akka-persistence-experimental_2.10/jars/akka-persistence-experimental_2.10-2.3.16.jar
7f717fd3d000-7f717fd4e000 r--s 000f6000 103:02 15602448                  /home/kurt/.ivy2/cache/com.typesafe.akka/akka-cluster_2.10/jars/akka-cluster_2.10-2.3.16.jar
7f717fd4e000-7f717fd63000 r--s 0013a000 103:02 15602447                  /home/kurt/.ivy2/cache/com.typesafe.akka/akka-remote_2.10/jars/akka-remote_2.10-2.3.16.jar
7f717fd63000-7f717fd72000 r--s 000c0000 103:02 15602437                  /home/kurt/.ivy2/cache/com.typesafe.akka/akka-contrib_2.10/jars/akka-contrib_2.10-2.3.16.jar
7f717fd72000-7f717fd9a000 r--s 00289000 103:02 15602432                  /home/kurt/.ivy2/cache/com.typesafe.akka/akka-actor_2.10/jars/akka-actor_2.10-2.3.16.jar
7f717fd9a000-7f717fd9d000 r--s 00023000 103:02 15604378                  /home/kurt/.ivy2/cache/com.typesafe/jse_2.10/jars/jse_2.10-1.2.3.jar
7f717fd9d000-7f717fda1000 r--s 00021000 103:02 15604368                  /home/kurt/.ivy2/cache/scala_2.10/sbt_0.13/com.typesafe.sbt/sbt-js-engine/jars/sbt-js-engine-1.2.2.jar
7f717fda1000-7f717fda4000 r--s 00012000 103:02 25172611                  /home/kurt/.ivy2/cache/scala_2.10/sbt_0.13/com.typesafe.sbt/sbt-uglify/jars/sbt-uglify-2.0.0.jar
7f717fda4000-7f717fda6000 r--s 00008000 103:02 25170580                  /home/kurt/.ivy2/cache/scala_2.10/sbt_0.13/net.ground5hark.sbt/sbt-concat/jars/sbt-concat-0.1.9.jar
7f717fda6000-7f717fda7000 r--s 0001e000 103:02 15600501                  /home/kurt/.ivy2/cache/org.fusesource.leveldbjni/leveldbjni-win64/jars/leveldbjni-win64-1.5.jar
7f717fda7000-7f717fda8000 r--s 0001b000 103:02 15600499                  /home/kurt/.ivy2/cache/org.fusesource.leveldbjni/leveldbjni-win32/jars/leveldbjni-win32-1.5.jar
7f717fda8000-7f717fda9000 r--s 00044000 103:02 15600497                  /home/kurt/.ivy2/cache/org.fusesource.leveldbjni/leveldbjni-linux64/jars/leveldbjni-linux64-1.5.jar
7f717fda9000-7f717fdaa000 r--s 00044000 103:02 15600495                  /home/kurt/.ivy2/cache/org.fusesource.leveldbjni/leveldbjni-linux32/jars/leveldbjni-linux32-1.5.jar
7f717fdaa000-7f717fdab000 r--s 00028000 103:02 15600492                  /home/kurt/.ivy2/cache/org.fusesource.leveldbjni/leveldbjni-osx/jars/leveldbjni-osx-1.5.jar
7f717fdab000-7f717fdac000 r--s 00004000 103:02 15600503                  /home/kurt/.ivy2/cache/org.fusesource.hawtjni/hawtjni-runtime/jars/hawtjni-runtime-1.8.jar
7f717fdac000-7f717fdae000 r--s 0000c000 103:02 15600490                  /home/kurt/.ivy2/cache/org.fusesource.leveldbjni/leveldbjni/jars/leveldbjni-1.7.jar
7f717fdae000-7f717fdb1000 r--s 000fa000 103:02 15600486                  /home/kurt/.ivy2/cache/org.fusesource.leveldbjni/leveldbjni-all/bundles/leveldbjni-all-1.7.jar
7f717fdb1000-7f717fdb4000 r--s 00006000 103:02 15599789                  /home/kurt/.ivy2/cache/com.google.code.findbugs/jsr305/jars/jsr305-1.3.9.jar
7f717fdb4000-7f717fdd6000 r--s 00195000 103:02 12847510                  /home/kurt/.ivy2/cache/com.google.guava/guava/jars/guava-12.0.jar
7f717fdd6000-7f717fdda000 r--s 00034000 103:02 15600484                  /home/kurt/.ivy2/cache/org.iq80.leveldb/leveldb/jars/leveldb-0.5.jar
7f717fdda000-7f717fde2000 r--s 0007b000 103:02 15600427                  /home/kurt/.ivy2/cache/com.google.protobuf/protobuf-java/bundles/protobuf-java-2.5.0.jar
7f717fde2000-7f717fe00000 r--s 0010c000 103:02 15604730                  /home/kurt/.ivy2/cache/scala_2.10/sbt_0.13/com.typesafe.sbt/sbt-native-packager/jars/sbt-native-packager-1.1.5.jar
7f717fe00000-7f7180000000 rw-p 00000000 00:00 0 
7f7180000000-7f7180021000 rw-p 00000000 00:00 0 
7f7180021000-7f7184000000 ---p 00000000 00:00 0 
7f7184000000-7f7184482000 rw-p 00000000 00:00 0 
7f7184482000-7f7188000000 ---p 00000000 00:00 0 
7f7188000000-7f718803c000 rw-p 00000000 00:00 0 
7f718803c000-7f718c000000 ---p 00000000 00:00 0 
7f718c000000-7f718c147000 rw-p 00000000 00:00 0 
7f718c147000-7f7190000000 ---p 00000000 00:00 0 
7f7190000000-7f7190168000 rw-p 00000000 00:00 0 
7f7190168000-7f7194000000 ---p 00000000 00:00 0 
7f7194000000-7f7194256000 rw-p 00000000 00:00 0 
7f7194256000-7f7198000000 ---p 00000000 00:00 0 
7f7198000000-7f7198021000 rw-p 00000000 00:00 0 
7f7198021000-7f719c000000 ---p 00000000 00:00 0 
7f719c000000-7f719c081000 rw-p 00000000 00:00 0 
7f719c081000-7f71a0000000 ---p 00000000 00:00 0 
7f71a0000000-7f71a0021000 rw-p 00000000 00:00 0 
7f71a0021000-7f71a4000000 ---p 00000000 00:00 0 
7f71a4000000-7f71a4021000 rw-p 00000000 00:00 0 
7f71a4021000-7f71a8000000 ---p 00000000 00:00 0 
7f71a8000000-7f71aa12c000 rw-p 00000000 00:00 0 
7f71aa12c000-7f71ac000000 ---p 00000000 00:00 0 
7f71ac000000-7f71ad14d000 rw-p 00000000 00:00 0 
7f71ad14d000-7f71b0000000 ---p 00000000 00:00 0 
7f71b0000000-7f71b0021000 rw-p 00000000 00:00 0 
7f71b0021000-7f71b4000000 ---p 00000000 00:00 0 
7f71b4000000-7f71b64a2000 rw-p 00000000 00:00 0 
7f71b64a2000-7f71b8000000 ---p 00000000 00:00 0 
7f71b8000000-7f71b8021000 rw-p 00000000 00:00 0 
7f71b8021000-7f71bc000000 ---p 00000000 00:00 0 
7f71bc000000-7f71bc021000 rw-p 00000000 00:00 0 
7f71bc021000-7f71c0000000 ---p 00000000 00:00 0 
7f71c0000000-7f71c0113000 rw-p 00000000 00:00 0 
7f71c0113000-7f71c4000000 ---p 00000000 00:00 0 
7f71c4000000-7f71c4002000 r--s 00001000 103:02 15600488                  /home/kurt/.ivy2/cache/org.iq80.leveldb/leveldb-api/jars/leveldb-api-0.5.jar
7f71c4002000-7f71c4004000 r--s 0000a000 103:02 15600429                  /home/kurt/.ivy2/cache/org.uncommons.maths/uncommons-maths/jars/uncommons-maths-1.2.2a.jar
7f71c4004000-7f71c4006000 r--s 000a0000 103:02 15599769                  /home/kurt/.ivy2/cache/net.contentobjects.jnotify/jnotify/jars/jnotify-0.94-play-1.jar
7f71c4006000-7f71c400b000 r--s 00040000 103:02 12731082                  /home/kurt/.ivy2/cache/com.typesafe/config/bundles/config-1.3.1.jar
7f71c400b000-7f71c400d000 r--s 00000000 103:02 15604606                  /home/kurt/.ivy2/cache/com.typesafe.play/play-exceptions/jars/play-exceptions-2.5.19.jar
7f71c400d000-7f71c400e000 r--s 00000000 103:02 15604605                  /home/kurt/.ivy2/cache/com.typesafe.play/build-link/jars/build-link-2.5.19.jar
7f71c400e000-7f71c4012000 r--s 00022000 103:02 15604700                  /home/kurt/.ivy2/cache/com.typesafe.play/sbt-run-support_2.10/jars/sbt-run-support_2.10-2.5.19.jar
7f71c4012000-7f71c4016000 r--s 0002a000 103:02 12730988                  /home/kurt/.ivy2/cache/commons-io/commons-io/jars/commons-io-2.4.jar
7f71c4016000-7f71c4026000 r--s 00086000 103:02 15604699                  /home/kurt/.ivy2/cache/com.typesafe.play/sbt-routes-compiler_2.10/jars/sbt-routes-compiler_2.10-2.5.19.jar
7f71c4026000-7f71c402f000 r--s 00054000 103:02 15604249                  /home/kurt/.ivy2/cache/scala_2.10/sbt_0.13/com.typesafe.play/sbt-plugin/jars/sbt-plugin-2.5.19.jar
7f71c402f000-7f71c4030000 r--s 00004000 103:02 15600513                  /home/kurt/.ivy2/cache/org.apache.ant/ant-launcher/jars/ant-launcher-1.9.6.jar
7f71c4030000-7f71c404f000 r--s 001d1000 103:02 15600511                  /home/kurt/.ivy2/cache/org.apache.ant/ant/jars/ant-1.9.6.jar
7f71c404f000-7f71c4056000 r--s 00056000 103:02 15599795                  /home/kurt/.ivy2/cache/org.apache.commons/commons-compress/jars/commons-compress-1.9.jar
7f71c4056000-7f71c4057000 r--s 00007000 103:02 15604617                  /home/kurt/.ivy2/cache/scala_2.10/sbt_0.13/uk.gov.hmrc/sbt-distributables/jars/sbt-distributables-1.3.0.jar
7f71c4057000-7f71c405b000 r--s 00020000 103:02 12851726                  /home/kurt/.ivy2/cache/org.joda/joda-convert/jars/joda-convert-2.1.2.jar
7f71c405b000-7f71c405d000 r--s 00014000 103:02 17440833                  /home/kurt/.ivy2/cache/com.fasterxml.jackson.datatype/jackson-datatype-jsr310/bundles/jackson-datatype-jsr310-2.8.11.jar
7f71c405d000-7f71c406f000 r--s 0011f000 103:02 12849222                  /home/kurt/.ivy2/cache/com.fasterxml.jackson.core/jackson-databind/bundles/jackson-databind-2.8.11.3.jar
7f71c406f000-7f71c4071000 r--s 00007000 103:02 17438540                  /home/kurt/.ivy2/cache/com.fasterxml.jackson.datatype/jackson-datatype-jdk8/bundles/jackson-datatype-jdk8-2.8.11.jar
7f71c4071000-7f71c4074000 r--s 0000b000 103:02 12848269                  /home/kurt/.ivy2/cache/com.fasterxml.jackson.core/jackson-annotations/bundles/jackson-annotations-2.8.11.jar
7f71c4074000-7f71c4078000 r--s 00042000 103:02 12848268                  /home/kurt/.ivy2/cache/com.fasterxml.jackson.core/jackson-core/bundles/jackson-core-2.8.11.jar
7f71c4078000-7f71c4089000 r--s 0008a000 103:02 12847517                  /home/kurt/.ivy2/cache/joda-time/joda-time/jars/joda-time-2.9.9.jar
7f71c4089000-7f71c4095000 r--s 000a4000 103:02 12730423                  /home/kurt/.ivy2/cache/org.scalamacros/quasiquotes_2.10/jars/quasiquotes_2.10-2.1.0.jar
7f71c4095000-7f71c4098000 r--s 00024000 103:02 17435523                  /home/kurt/.ivy2/cache/org.typelevel/macro-compat_2.10/jars/macro-compat_2.10-1.1.1.jar
7f71c4098000-7f71c40a1000 r--s 0005a000 103:02 17441022                  /home/kurt/.ivy2/cache/com.typesafe.play/play-functional_2.10/jars/play-functional_2.10-2.6.13.jar
7f71c40a1000-7f71c40c1000 r--s 00145000 103:02 17437358                  /home/kurt/.ivy2/cache/com.typesafe.play/play-json_2.10/jars/play-json_2.10-2.6.13.jar
7f71c40c1000-7f71c40da000 r--s 00123000 103:02 17435518                  /home/kurt/.ivy2/cache/io.netty/netty/bundles/netty-3.10.6.Final.jar
7f71c40da000-7f71c40e7000 r--s 000a9000 103:02 17435474                  /home/kurt/.ivy2/cache/com.ning/async-http-client/jars/async-http-client-1.9.40.jar
7f71c40e7000-7f71c40ee000 r--s 0003e000 103:02 17435469                  /home/kurt/.ivy2/cache/net.databinder.dispatch/dispatch-core_2.10/jars/dispatch-core_2.10-0.11.4.jar
7f71c40ee000-7f71c40f1000 r--s 00016000 103:02 15602755                  /home/kurt/.ivy2/cache/scala_2.10/sbt_0.13/uk.gov.hmrc/sbt-artifactory/jars/sbt-artifactory-0.17.0.jar
7f71c40f1000-7f71c40f7000 r--s 00033000 103:02 12847515                  /home/kurt/.ivy2/cache/commons-codec/commons-codec/jars/commons-codec-1.6.jar
7f71c40f7000-7f71c40f9000 r--s 0000e000 103:02 12847514                  /home/kurt/.ivy2/cache/commons-logging/commons-logging/jars/commons-logging-1.1.3.jar
7f71c40f9000-7f71c4100000 r--s 0003f000 103:02 12847513                  /home/kurt/.ivy2/cache/org.apache.httpcomponents/httpcore/jars/httpcore-4.3.3.jar
7f71c4100000-7f71c410c000 r--s 00085000 103:02 12847512                  /home/kurt/.ivy2/cache/org.apache.httpcomponents/httpclient/jars/httpclient-4.3.6.jar
7f71c410c000-7f71c4110000 r--s 00025000 103:02 17435467                  /home/kurt/.ivy2/cache/com.googlecode.javaewah/JavaEWAH/bundles/JavaEWAH-1.1.6.jar
7f71c4110000-7f71c4115000 r--s 00040000 103:02 12730990                  /home/kurt/.ivy2/cache/com.jcraft/jsch/jars/jsch-0.1.54.jar
7f71c4115000-7f71c413c000 r--s 00257000 103:02 15600723                  /home/kurt/.ivy2/cache/org.eclipse.jgit/org.eclipse.jgit/jars/org.eclipse.jgit-4.9.0.201710071750-r.jar
7f71c413c000-7f71c4140000 r--s 0001d000 103:02 15600708                  /home/kurt/.ivy2/cache/scala_2.10/sbt_0.13/com.typesafe.sbt/sbt-git/jars/sbt-git-1.0.0.jar
7f71c4140000-7f71c415d000 r--s 002b7000 103:02 15600719                  /home/kurt/.ivy2/cache/org.typelevel/cats-kernel_2.10/jars/cats-kernel_2.10-1.2.0.jar
7f71c415d000-7f71c415e000 r--s 00007000 103:02 15600721                  /home/kurt/.ivy2/cache/org.typelevel/machinist_2.10/jars/machinist_2.10-0.6.4.jar
7f71c415e000-7f71c415f000 r--s 00001000 103:02 15600717                  /home/kurt/.ivy2/cache/org.typelevel/cats-macros_2.10/jars/cats-macros_2.10-1.2.0.jar
7f71c415f000-7f71c41b0000 r--s 004c7000 103:02 15600715                  /home/kurt/.ivy2/cache/org.typelevel/cats-core_2.10/jars/cats-core_2.10-1.2.0.jar
7f71c41b0000-7f71c41b4000 r--s 00022000 103:02 15600710                  /home/kurt/.ivy2/cache/com.github.scopt/scopt_2.10/jars/scopt_2.10-3.7.0.jar
7f71c41b4000-7f71c41b5000 r--s 00006000 103:02 15600702                  /home/kurt/.ivy2/cache/uk.gov.hmrc/release-versioning_2.10/jars/release-versioning_2.10-0.11.0.jar
7f71c41b5000-7f71c41bc000 r--s 0004f000 103:02 15600700                  /home/kurt/.ivy2/cache/org.osgi/org.osgi.core/jars/org.osgi.core-4.3.1.jar
7f71c41bc000-7f71c41be000 r--s 00004000 103:02 15600668                  /home/kurt/.ivy2/cache/org.eclipse.jgit/org.eclipse.jgit.archive/jars/org.eclipse.jgit.archive-3.7.0.201502260915-r.jar
7f71c41be000-7f71c41c0000 r--s 0000a000 103:02 15600661                  /home/kurt/.ivy2/cache/args4j/args4j/jars/args4j-2.0.12.jar
7f71c41c0000-7f71c41c4000 r--s 0002d000 103:02 15600523                  /home/kurt/.ivy2/cache/org.eclipse.jgit/org.eclipse.jgit.pgm/jars/org.eclipse.jgit.pgm-3.7.0.201502260915-r.jar
7f71c41c4000-7f71c41c6000 r--s 0000d000 103:02 15600566                  /home/kurt/.ivy2/cache/scala_2.10/sbt_0.13/com.eed3si9n/sbt-buildinfo/jars/sbt-buildinfo-0.3.2.jar
7f71c41c6000-7f71c41ca000 r--s 0002c000 103:02 15600657                  /home/kurt/.ivy2/cache/com.github.nscala-time/nscala-time_2.10/jars/nscala-time_2.10-2.2.0.jar
7f71c41ca000-7f71c41cc000 r--s 00003000 103:02 15600564                  /home/kurt/.ivy2/cache/scala_2.10/sbt_0.13/uk.gov.hmrc/sbt-git-stamp/jars/sbt-git-stamp-5.3.0.jar
7f71c41cc000-7f71c43cc000 rw-p 00000000 00:00 0 
7f71c43cc000-7f71c43e3000 r-xp 00000000 103:02 7209329                   /lib/x86_64-linux-gnu/libresolv-2.27.so
7f71c43e3000-7f71c45e3000 ---p 00017000 103:02 7209329                   /lib/x86_64-linux-gnu/libresolv-2.27.so
7f71c45e3000-7f71c45e4000 r--p 00017000 103:02 7209329                   /lib/x86_64-linux-gnu/libresolv-2.27.so
7f71c45e4000-7f71c45e5000 rw-p 00018000 103:02 7209329                   /lib/x86_64-linux-gnu/libresolv-2.27.so
7f71c45e5000-7f71c45e7000 rw-p 00000000 00:00 0 
7f71c45e7000-7f71c45ec000 r-xp 00000000 103:02 7209139                   /lib/x86_64-linux-gnu/libnss_dns-2.27.so
7f71c45ec000-7f71c47ec000 ---p 00005000 103:02 7209139                   /lib/x86_64-linux-gnu/libnss_dns-2.27.so
7f71c47ec000-7f71c47ed000 r--p 00005000 103:02 7209139                   /lib/x86_64-linux-gnu/libnss_dns-2.27.so
7f71c47ed000-7f71c47ee000 rw-p 00006000 103:02 7209139                   /lib/x86_64-linux-gnu/libnss_dns-2.27.so
7f71c47ee000-7f71c47f0000 r-xp 00000000 103:02 7210900                   /lib/x86_64-linux-gnu/libnss_mdns4_minimal.so.2
7f71c47f0000-7f71c49ef000 ---p 00002000 103:02 7210900                   /lib/x86_64-linux-gnu/libnss_mdns4_minimal.so.2
7f71c49ef000-7f71c49f0000 r--p 00001000 103:02 7210900                   /lib/x86_64-linux-gnu/libnss_mdns4_minimal.so.2
7f71c49f0000-7f71c49f1000 rw-p 00002000 103:02 7210900                   /lib/x86_64-linux-gnu/libnss_mdns4_minimal.so.2
7f71c49f1000-7f71c49f2000 r--s 00003000 103:02 15604616                  /home/kurt/.ivy2/cache/scala_2.10/sbt_0.13/uk.gov.hmrc/sbt-git-versioning/jars/sbt-git-versioning-1.16.0.jar
7f71c49f2000-7f71c49f4000 r--s 0000a000 103:02 15600521                  /home/kurt/.ivy2/cache/scala_2.10/sbt_0.13/uk.gov.hmrc/sbt-settings/jars/sbt-settings-3.8.0.jar
7f71c49f4000-7f71c49f7000 r--s 00017000 103:02 15600519                  /home/kurt/.ivy2/cache/scala_2.10/sbt_0.13/de.heikoseeberger/sbt-header/jars/sbt-header-1.8.0.jar
7f71c49f7000-7f71c49ff000 r--s 00041000 103:02 15599785                  /home/kurt/.ivy2/cache/com.typesafe.play/twirl-parser_2.10/jars/twirl-parser_2.10-1.1.1.jar
7f71c49ff000-7f71c4a06000 r--s 00064000 103:02 12847509                  /home/kurt/.ivy2/cache/org.apache.commons/commons-lang3/jars/commons-lang3-3.4.jar
7f71c4a06000-7f71c4a08000 r--s 0000d000 103:02 15599777                  /home/kurt/.ivy2/cache/com.typesafe.play/twirl-api_2.10/jars/twirl-api_2.10-1.1.1.jar
7f71c4a08000-7f71c4a0b000 r--s 00019000 103:02 15599781                  /home/kurt/.ivy2/cache/com.typesafe.play/twirl-compiler_2.10/jars/twirl-compiler_2.10-1.1.1.jar
7f71c4a0b000-7f71c4a0e000 r--s 00011000 103:02 15599771                  /home/kurt/.ivy2/cache/scala_2.10/sbt_0.13/com.typesafe.sbt/sbt-twirl/jars/sbt-twirl-1.1.1.jar
7f71c4a0e000-7f71c4a10000 r--s 0000b000 103:02 15604615                  /home/kurt/.ivy2/cache/scala_2.10/sbt_0.13/uk.gov.hmrc/sbt-auto-build/jars/sbt-auto-build-1.14.0.jar
7f71c4a10000-7f71c4a13000 r--s 0000e000 103:02 12728405                  /home/kurt/.ivy2/cache/scala_2.10/sbt_0.13/com.dwijnand/sbt-compat/jars/sbt-compat-1.2.6.jar
7f71c4a13000-7f71c4c13000 rw-p 00000000 00:00 0 
7f71c4c13000-7f71c4c16000 ---p 00000000 00:00 0 
7f71c4c16000-7f71c4d14000 rw-p 00000000 00:00 0 
7f71c4d14000-7f71c4d17000 ---p 00000000 00:00 0 
7f71c4d17000-7f71c4e15000 rw-p 00000000 00:00 0 
7f71c4e15000-7f71c4e18000 ---p 00000000 00:00 0 
7f71c4e18000-7f71c5116000 rw-p 00000000 00:00 0 
7f71c5116000-7f71c5119000 ---p 00000000 00:00 0 
7f71c5119000-7f71c5217000 rw-p 00000000 00:00 0 
7f71c5217000-7f71c521a000 ---p 00000000 00:00 0 
7f71c521a000-7f71c5318000 rw-p 00000000 00:00 0 
7f71c5318000-7f71c531b000 ---p 00000000 00:00 0 
7f71c531b000-7f71c5419000 rw-p 00000000 00:00 0 
7f71c5419000-7f71c541c000 ---p 00000000 00:00 0 
7f71c541c000-7f71c571a000 rw-p 00000000 00:00 0 
7f71c571a000-7f71c591a000 rw-p 00000000 00:00 0 
7f71c591a000-7f71c5b1a000 rw-p 00000000 00:00 0 
7f71c5b1a000-7f71c5d1a000 rw-p 00000000 00:00 0 
7f71c5d1a000-7f71c5d1b000 r--s 00006000 103:02 15600698                  /home/kurt/.ivy2/cache/org.eclipse.jgit/org.eclipse.jgit.ui/jars/org.eclipse.jgit.ui-3.7.0.201502260915-r.jar
7f71c5d1b000-7f71c5d26000 r--s 00067000 103:02 12730614                  /home/kurt/.ivy2/cache/com.github.mdr/ascii-graphs_2.10/jars/ascii-graphs_2.10-0.0.3.jar
7f71c5d26000-7f71c5d2e000 r--s 00042000 103:02 12733052                  /home/kurt/.ivy2/cache/scala_2.10/sbt_0.13/net.virtual-void/sbt-dependency-graph/jars/sbt-dependency-graph-0.9.2.jar
7f71c5d2e000-7f71c5f2e000 rw-p 00000000 00:00 0 
7f71c5f2e000-7f71c5f41000 r--s 00345000 103:02 16916590                  /usr/lib/jvm/java-8-oracle/jre/lib/resources.jar
7f71c5f41000-7f71c6141000 rw-p 00000000 00:00 0 
7f71c6141000-7f71c6341000 rw-p 00000000 00:00 0 
7f71c6341000-7f71c6541000 rw-p 00000000 00:00 0 
7f71c6541000-7f71c65bb000 r--s 010f7000 103:02 16911737                  /usr/lib/jvm/java-8-oracle/lib/tools.jar
7f71c65bb000-7f71c67bb000 rw-p 00000000 00:00 0 
7f71c67bb000-7f71c67c0000 r--s 0009a000 103:02 16916591                  /usr/lib/jvm/java-8-oracle/jre/lib/jsse.jar
7f71c67c0000-7f71c69c0000 rw-p 00000000 00:00 0 
7f71c69c0000-7f71c69c3000 ---p 00000000 00:00 0 
7f71c69c3000-7f71c69f9000 rw-p 00000000 00:00 0 
7f71c69f9000-7f71c69fa000 r--p 00000000 103:02 14559753                  /usr/share/locale-langpack/en_GB/LC_MESSAGES/libc.mo
7f71c69fa000-7f71c69fc000 r--s 0000b000 103:02 19929265                  /home/kurt/.sbt/boot/scala-2.10.7/org.scala-sbt/sbt/0.13.17/xsbti/interface-0.13.17.jar
7f71c69fc000-7f71c69fd000 r--s 00002000 103:02 19794711                  /home/kurt/.sbt/boot/scala-2.10.7/org.scala-sbt/sbt/0.13.17/launcher-interface-1.0.1.jar
7f71c69fd000-7f71c69ff000 r--s 00004000 103:02 19794724                  /home/kurt/.sbt/boot/scala-2.10.7/org.scala-sbt/sbt/0.13.17/compiler-ivy-integration-0.13.17.jar
7f71c69ff000-7f71c6a03000 r--s 0003b000 103:02 19794725                  /home/kurt/.sbt/boot/scala-2.10.7/org.scala-sbt/sbt/0.13.17/jsch-0.1.50.jar
7f71c6a03000-7f71c6a05000 r--s 00006000 103:02 19794740                  /home/kurt/.sbt/boot/scala-2.10.7/org.scala-sbt/sbt/0.13.17/relation-0.13.17.jar
7f71c6a05000-7f71c6c05000 rw-p 00000000 00:00 0 
7f71c6c05000-7f71c6c10000 r--s 0009b000 103:02 19794708                  /home/kurt/.sbt/boot/scala-2.10.7/org.scala-sbt/sbt/0.13.17/main-settings-0.13.17.jar
7f71c6c10000-7f71c6c13000 r--s 0001a000 103:02 19794749                  /home/kurt/.sbt/boot/scala-2.10.7/org.scala-sbt/sbt/0.13.17/cache-0.13.17.jar
7f71c6c13000-7f71c6c18000 r--s 00039000 103:02 19794738                  /home/kurt/.sbt/boot/scala-2.10.7/org.scala-sbt/sbt/0.13.17/command-0.13.17.jar
7f71c6c18000-7f71c6c1b000 r--s 0001e000 103:02 19794706                  /home/kurt/.sbt/boot/scala-2.10.7/org.scala-sbt/sbt/0.13.17/run-0.13.17.jar
7f71c6c1b000-7f71c6c1f000 r--s 0003e000 103:02 19794720                  /home/kurt/.sbt/boot/scala-2.10.7/org.scala-sbt/sbt/0.13.17/jline-2.14.5.jar
7f71c6c1f000-7f71c6c25000 r--s 00039000 103:02 19794726                  /home/kurt/.sbt/boot/scala-2.10.7/org.scala-sbt/sbt/0.13.17/compile-0.13.17.jar
7f71c6c25000-7f71c6c28000 r--s 00017000 103:02 19794718                  /home/kurt/.sbt/boot/scala-2.10.7/org.scala-sbt/sbt/0.13.17/testing-0.13.17.jar
7f71c6c28000-7f71c6c59000 r--s 00273000 103:02 19794739                  /home/kurt/.sbt/boot/scala-2.10.7/org.scala-sbt/sbt/0.13.17/main-0.13.17.jar
7f71c6c59000-7f71c6c60000 r--s 0004b000 103:02 19794729                  /home/kurt/.sbt/boot/scala-2.10.7/org.scala-sbt/sbt/0.13.17/serialization_2.10-0.1.2.jar
7f71c6c60000-7f71c6c62000 r--s 00007000 103:02 19794743                  /home/kurt/.sbt/boot/scala-2.10.7/org.scala-sbt/sbt/0.13.17/paranamer-2.6.jar
7f71c6c62000-7f71c6c70000 r--s 000bc000 103:02 19794713                  /home/kurt/.sbt/boot/scala-2.10.7/org.scala-sbt/sbt/0.13.17/scala-pickling_2.10-0.10.1.jar
7f71c6c70000-7f71c6c71000 r--s 0000c000 103:02 19794710                  /home/kurt/.sbt/boot/scala-2.10.7/org.scala-sbt/sbt/0.13.17/sbt-0.13.17.jar
7f71c6c71000-7f71c6c72000 r--s 00000000 103:02 19794730                  /home/kurt/.sbt/boot/scala-2.10.7/org.scala-sbt/sbt/0.13.17/template-resolver-0.1.jar
7f71c6c72000-7f71c6c74000 r--s 00002000 103:02 19794744                  /home/kurt/.sbt/boot/scala-2.10.7/org.scala-sbt/sbt/0.13.17/test-interface-1.0.jar
7f71c6c74000-7f71c6c78000 r--s 0001c000 103:02 19794747                  /home/kurt/.sbt/boot/scala-2.10.7/org.scala-sbt/sbt/0.13.17/compiler-integration-0.13.17.jar
7f71c6c78000-7f71c6c7c000 r--s 0001b000 103:02 19794735                  /home/kurt/.sbt/boot/scala-2.10.7/org.scala-sbt/sbt/0.13.17/process-0.13.17.jar
7f71c6c7c000-7f71c6c83000 r--s 0003f000 103:02 19794746                  /home/kurt/.sbt/boot/scala-2.10.7/org.scala-sbt/sbt/0.13.17/io-0.13.17.jar
7f71c6c83000-7f71c6c85000 r--s 0000b000 103:02 19794712                  /home/kurt/.sbt/boot/scala-2.10.7/org.scala-sbt/sbt/0.13.17/tracking-0.13.17.jar
7f71c6c85000-7f71c6cba000 r--s 002df000 103:02 19794733                  /home/kurt/.sbt/boot/scala-2.10.7/org.scala-sbt/sbt/0.13.17/scala-reflect-2.10.7.jar
7f71c6cba000-7f71c6ccf000 r--s 00101000 103:02 19794716                  /home/kurt/.sbt/boot/scala-2.10.7/org.scala-sbt/sbt/0.13.17/ivy-2.3.0-sbt-b18f59ea3bc914a297bb6f1a4f7fb0ace399e310.jar
7f71c6ccf000-7f71c6cd1000 r--s 00014000 103:02 19794741                  /home/kurt/.sbt/boot/scala-2.10.7/org.scala-sbt/sbt/0.13.17/apply-macro-0.13.17.jar
7f71c6cd1000-7f71c6cd6000 r--s 00025000 103:02 19794722                  /home/kurt/.sbt/boot/scala-2.10.7/org.scala-sbt/sbt/0.13.17/persist-0.13.17.jar
7f71c6cd6000-7f71c6cda000 r--s 00022000 103:02 19794728                  /home/kurt/.sbt/boot/scala-2.10.7/org.scala-sbt/sbt/0.13.17/sbinary_2.10-0.4.2.jar
7f71c6cda000-7f71c6cdc000 r--s 00015000 103:02 19794727                  /home/kurt/.sbt/boot/scala-2.10.7/org.scala-sbt/sbt/0.13.17/classfile-0.13.17.jar
7f71c6cdc000-7f71c6cde000 r--s 00013000 103:02 19794731                  /home/kurt/.sbt/boot/scala-2.10.7/org.scala-sbt/sbt/0.13.17/json4s-ast_2.10-3.2.10.jar
7f71c6cde000-7f71c6ce4000 r--s 00038000 103:02 19794745                  /home/kurt/.sbt/boot/scala-2.10.7/org.scala-sbt/sbt/0.13.17/compiler-interface-0.13.17.jar
7f71c6ce4000-7f71c6cee000 r--s 00085000 103:02 19794752                  /home/kurt/.sbt/boot/scala-2.10.7/org.scala-sbt/sbt/0.13.17/json4s-core_2.10-3.2.10.jar
7f71c6cee000-7f71c6cf7000 r--s 0006f000 103:02 19794734                  /home/kurt/.sbt/boot/scala-2.10.7/org.scala-sbt/sbt/0.13.17/actions-0.13.17.jar
7f71c6cf7000-7f71c6d03000 r--s 000a4000 103:02 19794737                  /home/kurt/.sbt/boot/scala-2.10.7/org.scala-sbt/sbt/0.13.17/quasiquotes_2.10-2.0.1.jar
7f71c6d03000-7f71c6d0b000 r--s 00060000 103:02 19794723                  /home/kurt/.sbt/boot/scala-2.10.7/org.scala-sbt/sbt/0.13.17/collections-0.13.17.jar
7f71c6d0b000-7f71c6d2e000 r--s 001bc000 103:02 19794750                  /home/kurt/.sbt/boot/scala-2.10.7/org.scala-sbt/sbt/0.13.17/ivy-0.13.17.jar
7f71c6d2e000-7f71c6da1000 r--s 0065b000 103:02 19930320                  /home/kurt/.sbt/boot/scala-2.10.7/lib/scala-library.jar
7f71c6da1000-7f71c6ea0000 r--s 00cda000 103:02 19930318                  /home/kurt/.sbt/boot/scala-2.10.7/lib/scala-compiler.jar
7f71c6ea0000-7f71c6ed5000 r--s 002df000 103:02 19930317                  /home/kurt/.sbt/boot/scala-2.10.7/lib/scala-reflect.jar
7f71c6ed5000-7f71c6ee6000 r-xp 00000000 103:02 16916886                  /usr/lib/jvm/java-8-oracle/jre/lib/amd64/libnio.so
7f71c6ee6000-7f71c70e5000 ---p 00011000 103:02 16916886                  /usr/lib/jvm/java-8-oracle/jre/lib/amd64/libnio.so
7f71c70e5000-7f71c70e6000 rw-p 00010000 103:02 16916886                  /usr/lib/jvm/java-8-oracle/jre/lib/amd64/libnio.so
7f71c70e6000-7f71c70fd000 r-xp 00000000 103:02 16916883                  /usr/lib/jvm/java-8-oracle/jre/lib/amd64/libnet.so
7f71c70fd000-7f71c72fc000 ---p 00017000 103:02 16916883                  /usr/lib/jvm/java-8-oracle/jre/lib/amd64/libnet.so
7f71c72fc000-7f71c72fd000 rw-p 00016000 103:02 16916883                  /usr/lib/jvm/java-8-oracle/jre/lib/amd64/libnet.so
7f71c72fd000-7f71c7318000 r--s 0010d000 103:02 13112452                  /usr/share/sbt-launcher-packaging/bin/sbt-launch.jar
7f71c7318000-7f71c7319000 ---p 00000000 00:00 0 
7f71c7319000-7f71c7419000 rw-p 00000000 00:00 0 
7f71c7419000-7f71c741c000 ---p 00000000 00:00 0 
7f71c741c000-7f71c751a000 rw-p 00000000 00:00 0 
7f71c751a000-7f71c751b000 ---p 00000000 00:00 0 
7f71c751b000-7f71c751e000 ---p 00000000 00:00 0 
7f71c751e000-7f71c761b000 rw-p 00000000 00:00 0 
7f71c761b000-7f71c761c000 ---p 00000000 00:00 0 
7f71c761c000-7f71c761f000 ---p 00000000 00:00 0 
7f71c761f000-7f71c771c000 rw-p 00000000 00:00 0 
7f71c771c000-7f71c771d000 ---p 00000000 00:00 0 
7f71c771d000-7f71c7720000 ---p 00000000 00:00 0 
7f71c7720000-7f71c781d000 rw-p 00000000 00:00 0 
7f71c781d000-7f71c7820000 ---p 00000000 00:00 0 
7f71c7820000-7f71c791e000 rw-p 00000000 00:00 0 
7f71c791e000-7f71c7bfc000 r--p 00000000 103:02 12714130                  /usr/lib/locale/locale-archive
7f71c7bfc000-7f71c7bff000 ---p 00000000 00:00 0 
7f71c7bff000-7f71c7cfd000 rw-p 00000000 00:00 0 
7f71c7cfd000-7f71c7d00000 ---p 00000000 00:00 0 
7f71c7d00000-7f71c7dfe000 rw-p 00000000 00:00 0 
7f71c7dfe000-7f71c7dff000 ---p 00000000 00:00 0 
7f71c7dff000-7f71c8000000 rw-p 00000000 00:00 0 
7f71c8000000-7f71c8021000 rw-p 00000000 00:00 0 
7f71c8021000-7f71cc000000 ---p 00000000 00:00 0 
7f71cc000000-7f71cc023000 rw-p 00000000 00:00 0 
7f71cc023000-7f71d0000000 ---p 00000000 00:00 0 
7f71d0000000-7f71d0021000 rw-p 00000000 00:00 0 
7f71d0021000-7f71d4000000 ---p 00000000 00:00 0 
7f71d4000000-7f71d428f000 rw-p 00000000 00:00 0 
7f71d428f000-7f71d8000000 ---p 00000000 00:00 0 
7f71d8000000-7f71d8004000 r--s 0001d000 103:02 19794742                  /home/kurt/.sbt/boot/scala-2.10.7/org.scala-sbt/sbt/0.13.17/tasks-0.13.17.jar
7f71d8004000-7f71d8005000 r--s 00002000 103:02 19794719                  /home/kurt/.sbt/boot/scala-2.10.7/org.scala-sbt/sbt/0.13.17/cross-0.13.17.jar
7f71d8005000-7f71d8007000 r--s 00002000 103:02 19794721                  /home/kurt/.sbt/boot/scala-2.10.7/org.scala-sbt/sbt/0.13.17/control-0.13.17.jar
7f71d8007000-7f71d800a000 r--s 00018000 103:02 19794717                  /home/kurt/.sbt/boot/scala-2.10.7/org.scala-sbt/sbt/0.13.17/logging-0.13.17.jar
7f71d800a000-7f71d8014000 r--s 00070000 103:02 19794736                  /home/kurt/.sbt/boot/scala-2.10.7/org.scala-sbt/sbt/0.13.17/incremental-compiler-0.13.17.jar
7f71d8014000-7f71d8e22000 rw-p 00000000 00:00 0 
7f71d8e22000-7f71d8ffb000 r--s 03d5a000 103:02 16916586                  /usr/lib/jvm/java-8-oracle/jre/lib/rt.jar
7f71d8ffb000-7f71db9fb000 rw-p 00000000 00:00 0 
7f71db9fb000-7f71db9fc000 ---p 00000000 00:00 0 
7f71db9fc000-7f71dbafc000 rw-p 00000000 00:00 0 
7f71dbafc000-7f71dbafd000 ---p 00000000 00:00 0 
7f71dbafd000-7f71dbbfd000 rw-p 00000000 00:00 0 
7f71dbbfd000-7f71dbbfe000 ---p 00000000 00:00 0 
7f71dbbfe000-7f71dbcfe000 rw-p 00000000 00:00 0 
7f71dbcfe000-7f71dbcff000 ---p 00000000 00:00 0 
7f71dbcff000-7f71dc000000 rw-p 00000000 00:00 0 
7f71dc000000-7f71dd020000 rwxp 00000000 00:00 0 
7f71dd020000-7f71e4000000 ---p 00000000 00:00 0 
7f71e4000000-7f71e65e0000 rw-p 00000000 00:00 0 
7f71e65e0000-7f71e8000000 ---p 00000000 00:00 0 
7f71e8000000-7f71e8002000 r--s 00012000 103:02 19794748                  /home/kurt/.sbt/boot/scala-2.10.7/org.scala-sbt/sbt/0.13.17/jawn-parser_2.10-0.6.0.jar
7f71e8002000-7f71e8003000 r--s 00005000 103:02 19794707                  /home/kurt/.sbt/boot/scala-2.10.7/org.scala-sbt/sbt/0.13.17/test-agent-0.13.17.jar
7f71e8003000-7f71e8004000 r--s 00001000 103:02 19794709                  /home/kurt/.sbt/boot/scala-2.10.7/org.scala-sbt/sbt/0.13.17/json4s-support_2.10-0.6.0.jar
7f71e8004000-7f71e800c000 r--s 00058000 103:02 19794714                  /home/kurt/.sbt/boot/scala-2.10.7/org.scala-sbt/sbt/0.13.17/completion-0.13.17.jar
7f71e800c000-7f71e800e000 r--s 00014000 103:02 19794715                  /home/kurt/.sbt/boot/scala-2.10.7/org.scala-sbt/sbt/0.13.17/classpath-0.13.17.jar
7f71e800e000-7f71e8014000 r--s 00040000 103:02 19794753                  /home/kurt/.sbt/boot/scala-2.10.7/org.scala-sbt/sbt/0.13.17/api-0.13.17.jar
7f71e8014000-7f71e81fa000 rw-p 00000000 00:00 0 
7f71e81fa000-7f71e83b9000 ---p 00000000 00:00 0 
7f71e83b9000-7f71e83d4000 r-xp 00000000 103:02 16916879                  /usr/lib/jvm/java-8-oracle/jre/lib/amd64/libzip.so
7f71e83d4000-7f71e85d4000 ---p 0001b000 103:02 16916879                  /usr/lib/jvm/java-8-oracle/jre/lib/amd64/libzip.so
7f71e85d4000-7f71e85d5000 rw-p 0001b000 103:02 16916879                  /usr/lib/jvm/java-8-oracle/jre/lib/amd64/libzip.so
7f71e85d5000-7f71e85e0000 r-xp 00000000 103:02 7209140                   /lib/x86_64-linux-gnu/libnss_files-2.27.so
7f71e85e0000-7f71e87df000 ---p 0000b000 103:02 7209140                   /lib/x86_64-linux-gnu/libnss_files-2.27.so
7f71e87df000-7f71e87e0000 r--p 0000a000 103:02 7209140                   /lib/x86_64-linux-gnu/libnss_files-2.27.so
7f71e87e0000-7f71e87e1000 rw-p 0000b000 103:02 7209140                   /lib/x86_64-linux-gnu/libnss_files-2.27.so
7f71e87e1000-7f71e87e7000 rw-p 00000000 00:00 0 
7f71e87e7000-7f71e87fe000 r-xp 00000000 103:02 7209051                   /lib/x86_64-linux-gnu/libnsl-2.27.so
7f71e87fe000-7f71e89fd000 ---p 00017000 103:02 7209051                   /lib/x86_64-linux-gnu/libnsl-2.27.so
7f71e89fd000-7f71e89fe000 r--p 00016000 103:02 7209051                   /lib/x86_64-linux-gnu/libnsl-2.27.so
7f71e89fe000-7f71e89ff000 rw-p 00017000 103:02 7209051                   /lib/x86_64-linux-gnu/libnsl-2.27.so
7f71e89ff000-7f71e8a01000 rw-p 00000000 00:00 0 
7f71e8a01000-7f71e8a0c000 r-xp 00000000 103:02 7209216                   /lib/x86_64-linux-gnu/libnss_nis-2.27.so
7f71e8a0c000-7f71e8c0b000 ---p 0000b000 103:02 7209216                   /lib/x86_64-linux-gnu/libnss_nis-2.27.so
7f71e8c0b000-7f71e8c0c000 r--p 0000a000 103:02 7209216                   /lib/x86_64-linux-gnu/libnss_nis-2.27.so
7f71e8c0c000-7f71e8c0d000 rw-p 0000b000 103:02 7209216                   /lib/x86_64-linux-gnu/libnss_nis-2.27.so
7f71e8c0d000-7f71e8c15000 r-xp 00000000 103:02 7209128                   /lib/x86_64-linux-gnu/libnss_compat-2.27.so
7f71e8c15000-7f71e8e15000 ---p 00008000 103:02 7209128                   /lib/x86_64-linux-gnu/libnss_compat-2.27.so
7f71e8e15000-7f71e8e16000 r--p 00008000 103:02 7209128                   /lib/x86_64-linux-gnu/libnss_compat-2.27.so
7f71e8e16000-7f71e8e17000 rw-p 00009000 103:02 7209128                   /lib/x86_64-linux-gnu/libnss_compat-2.27.so
7f71e8e17000-7f71e8e42000 r-xp 00000000 103:02 16916873                  /usr/lib/jvm/java-8-oracle/jre/lib/amd64/libjava.so
7f71e8e42000-7f71e9041000 ---p 0002b000 103:02 16916873                  /usr/lib/jvm/java-8-oracle/jre/lib/amd64/libjava.so
7f71e9041000-7f71e9043000 rw-p 0002a000 103:02 16916873                  /usr/lib/jvm/java-8-oracle/jre/lib/amd64/libjava.so
7f71e9043000-7f71e9050000 r-xp 00000000 103:02 16916878                  /usr/lib/jvm/java-8-oracle/jre/lib/amd64/libverify.so
7f71e9050000-7f71e9250000 ---p 0000d000 103:02 16916878                  /usr/lib/jvm/java-8-oracle/jre/lib/amd64/libverify.so
7f71e9250000-7f71e9252000 rw-p 0000d000 103:02 16916878                  /usr/lib/jvm/java-8-oracle/jre/lib/amd64/libverify.so
7f71e9252000-7f71e9259000 r-xp 00000000 103:02 7209452                   /lib/x86_64-linux-gnu/librt-2.27.so
7f71e9259000-7f71e9458000 ---p 00007000 103:02 7209452                   /lib/x86_64-linux-gnu/librt-2.27.so
7f71e9458000-7f71e9459000 r--p 00006000 103:02 7209452                   /lib/x86_64-linux-gnu/librt-2.27.so
7f71e9459000-7f71e945a000 rw-p 00007000 103:02 7209452                   /lib/x86_64-linux-gnu/librt-2.27.so
7f71e945a000-7f71e95f7000 r-xp 00000000 103:02 7209038                   /lib/x86_64-linux-gnu/libm-2.27.so
7f71e95f7000-7f71e97f6000 ---p 0019d000 103:02 7209038                   /lib/x86_64-linux-gnu/libm-2.27.so
7f71e97f6000-7f71e97f7000 r--p 0019c000 103:02 7209038                   /lib/x86_64-linux-gnu/libm-2.27.so
7f71e97f7000-7f71e97f8000 rw-p 0019d000 103:02 7209038                   /lib/x86_64-linux-gnu/libm-2.27.so
7f71e97f8000-7f71ea4cb000 r-xp 00000000 103:02 16916856                  /usr/lib/jvm/java-8-oracle/jre/lib/amd64/server/libjvm.so
7f71ea4cb000-7f71ea6ca000 ---p 00cd3000 103:02 16916856                  /usr/lib/jvm/java-8-oracle/jre/lib/amd64/server/libjvm.so
7f71ea6ca000-7f71ea7a4000 rw-p 00cd2000 103:02 16916856                  /usr/lib/jvm/java-8-oracle/jre/lib/amd64/server/libjvm.so
7f71ea7a4000-7f71ea7ef000 rw-p 00000000 00:00 0 
7f71ea7ef000-7f71ea9d6000 r-xp 00000000 103:02 7209023                   /lib/x86_64-linux-gnu/libc-2.27.so
7f71ea9d6000-7f71eabd6000 ---p 001e7000 103:02 7209023                   /lib/x86_64-linux-gnu/libc-2.27.so
7f71eabd6000-7f71eabda000 r--p 001e7000 103:02 7209023                   /lib/x86_64-linux-gnu/libc-2.27.so
7f71eabda000-7f71eabdc000 rw-p 001eb000 103:02 7209023                   /lib/x86_64-linux-gnu/libc-2.27.so
7f71eabdc000-7f71eabe0000 rw-p 00000000 00:00 0 
7f71eabe0000-7f71eabe3000 r-xp 00000000 103:02 7209035                   /lib/x86_64-linux-gnu/libdl-2.27.so
7f71eabe3000-7f71eade2000 ---p 00003000 103:02 7209035                   /lib/x86_64-linux-gnu/libdl-2.27.so
7f71eade2000-7f71eade3000 r--p 00002000 103:02 7209035                   /lib/x86_64-linux-gnu/libdl-2.27.so
7f71eade3000-7f71eade4000 rw-p 00003000 103:02 7209035                   /lib/x86_64-linux-gnu/libdl-2.27.so
7f71eade4000-7f71eadfa000 r-xp 00000000 103:02 16916851                  /usr/lib/jvm/java-8-oracle/jre/lib/amd64/jli/libjli.so
7f71eadfa000-7f71eaff9000 ---p 00016000 103:02 16916851                  /usr/lib/jvm/java-8-oracle/jre/lib/amd64/jli/libjli.so
7f71eaff9000-7f71eaffa000 rw-p 00015000 103:02 16916851                  /usr/lib/jvm/java-8-oracle/jre/lib/amd64/jli/libjli.so
7f71eaffa000-7f71eb014000 r-xp 00000000 103:02 7209327                   /lib/x86_64-linux-gnu/libpthread-2.27.so
7f71eb014000-7f71eb213000 ---p 0001a000 103:02 7209327                   /lib/x86_64-linux-gnu/libpthread-2.27.so
7f71eb213000-7f71eb214000 r--p 00019000 103:02 7209327                   /lib/x86_64-linux-gnu/libpthread-2.27.so
7f71eb214000-7f71eb215000 rw-p 0001a000 103:02 7209327                   /lib/x86_64-linux-gnu/libpthread-2.27.so
7f71eb215000-7f71eb219000 rw-p 00000000 00:00 0 
7f71eb219000-7f71eb240000 r-xp 00000000 103:02 7208986                   /lib/x86_64-linux-gnu/ld-2.27.so
7f71eb240000-7f71eb243000 r--s 0001e000 103:02 19794751                  /home/kurt/.sbt/boot/scala-2.10.7/org.scala-sbt/sbt/0.13.17/task-system-0.13.17.jar
7f71eb243000-7f71eb245000 r--s 0000e000 103:02 19794732                  /home/kurt/.sbt/boot/scala-2.10.7/org.scala-sbt/sbt/0.13.17/logic-0.13.17.jar
7f71eb245000-7f71eb248000 r--s 00018000 103:02 19930319                  /home/kurt/.sbt/boot/scala-2.10.7/lib/jansi.jar
7f71eb248000-7f71eb319000 rw-p 00000000 00:00 0 
7f71eb319000-7f71eb31a000 ---p 00000000 00:00 0 
7f71eb31a000-7f71eb31d000 ---p 00000000 00:00 0 
7f71eb31d000-7f71eb41e000 rw-p 00000000 00:00 0 
7f71eb41e000-7f71eb422000 r--s 00025000 103:02 19930321                  /home/kurt/.sbt/boot/scala-2.10.7/lib/jline.jar
7f71eb422000-7f71eb436000 rw-p 00000000 00:00 0 
7f71eb436000-7f71eb43e000 rw-s 00000000 103:02 28713985                  /tmp/hsperfdata_kurt/3424
7f71eb43e000-7f71eb43f000 rw-p 00000000 00:00 0 
7f71eb43f000-7f71eb440000 ---p 00000000 00:00 0 
7f71eb440000-7f71eb441000 r--p 00027000 103:02 7208986                   /lib/x86_64-linux-gnu/ld-2.27.so
7f71eb441000-7f71eb442000 rw-p 00028000 103:02 7208986                   /lib/x86_64-linux-gnu/ld-2.27.so
7f71eb442000-7f71eb443000 rw-p 00000000 00:00 0 
7fffcca8f000-7fffccab1000 rw-p 00000000 00:00 0                          [stack]
7fffccba7000-7fffccbaa000 r--p 00000000 00:00 0                          [vvar]
7fffccbaa000-7fffccbac000 r-xp 00000000 00:00 0                          [vdso]
ffffffffff600000-ffffffffff601000 r-xp 00000000 00:00 0                  [vsyscall]

VM Arguments:
jvm_args: -Xms1024m -Xmx1024m -XX:ReservedCodeCacheSize=128m -XX:MaxMetaspaceSize=256m 
java_command: /usr/share/sbt-launcher-packaging/bin/sbt-launch.jar it:test
java_class_path (initial): /usr/share/sbt-launcher-packaging/bin/sbt-launch.jar
Launcher Type: SUN_STANDARD

Environment Variables:
JAVA_HOME=/usr/lib/jvm/java-8-oracle
PATH=/home/kurt/.cargo/bin:/home/kurt/Android/Sdk/tools/bin:/home/kurt/Android/Sdk/tools:/home/kurt/.linuxbrew/bin:/home/kurt/.nvm/versions/node/v8.2.1/bin:/home/kurt/.linuxbrew/bin:/home/kurt/.cargo/bin:/usr/local/sbin:/usr/local/bin:/usr/sbin:/usr/bin:/sbin:/bin:/usr/games:/usr/local/games:/snap/bin:/usr/lib/jvm/java-8-oracle/bin:/usr/lib/jvm/java-8-oracle/db/bin:/usr/lib/jvm/java-8-oracle/jre/bin:/home/kurt/.conscript/bin:/home/kurt/.cabal/bin:/home/kurt/.local/bin:/home/kurt/fury-0.1.1/bin
USERNAME=kurt
SHELL=/bin/bash
DISPLAY=:0

Signal Handlers:
SIGSEGV: [libjvm.so+0xacbe10], sa_mask[0]=11111111011111111101111111111110, sa_flags=SA_RESTART|SA_SIGINFO
SIGBUS: [libjvm.so+0xacbe10], sa_mask[0]=11111111011111111101111111111110, sa_flags=SA_RESTART|SA_SIGINFO
SIGFPE: [libjvm.so+0x924f90], sa_mask[0]=11111111011111111101111111111110, sa_flags=SA_RESTART|SA_SIGINFO
SIGPIPE: [libjvm.so+0x924f90], sa_mask[0]=11111111011111111101111111111110, sa_flags=SA_RESTART|SA_SIGINFO
SIGXFSZ: [libjvm.so+0x924f90], sa_mask[0]=11111111011111111101111111111110, sa_flags=SA_RESTART|SA_SIGINFO
SIGILL: [libjvm.so+0x924f90], sa_mask[0]=11111111011111111101111111111110, sa_flags=SA_RESTART|SA_SIGINFO
SIGUSR1: SIG_DFL, sa_mask[0]=00000000000000000000000000000000, sa_flags=none
SIGUSR2: [libjvm.so+0x9267d0], sa_mask[0]=00000000000000000000000000000000, sa_flags=SA_RESTART|SA_SIGINFO
SIGHUP: [libjvm.so+0x927bd0], sa_mask[0]=11111111011111111101111111111110, sa_flags=SA_RESTART|SA_SIGINFO
SIGINT: [libjvm.so+0x927bd0], sa_mask[0]=11111111011111111101111111111110, sa_flags=SA_RESTART|SA_SIGINFO
SIGTERM: [libjvm.so+0x927bd0], sa_mask[0]=11111111011111111101111111111110, sa_flags=SA_RESTART|SA_SIGINFO
SIGQUIT: [libjvm.so+0x927bd0], sa_mask[0]=11111111011111111101111111111110, sa_flags=SA_RESTART|SA_SIGINFO


---------------  S Y S T E M  ---------------

OS:DISTRIB_ID=Ubuntu
DISTRIB_RELEASE=18.04
DISTRIB_CODENAME=bionic
DISTRIB_DESCRIPTION="Ubuntu 18.04.2 LTS"

uname:Linux 4.18.0-16-generic #17~18.04.1-Ubuntu SMP Tue Feb 12 13:35:51 UTC 2019 x86_64
libc:glibc 2.27 NPTL 2.27 
rlimit: STACK 8192k, CORE 0k, NPROC 127705, NOFILE 4096, AS infinity
load average:2.77 2.91 3.06

/proc/meminfo:
MemTotal:       32856092 kB
MemFree:         7732416 kB
MemAvailable:   19080956 kB
Buffers:         1416848 kB
Cached:         10802800 kB
SwapCached:            0 kB
Active:         16804404 kB
Inactive:        6941756 kB
Active(anon):   11391540 kB
Inactive(anon):  1443856 kB
Active(file):    5412864 kB
Inactive(file):  5497900 kB
Unevictable:        1476 kB
Mlocked:            1476 kB
SwapTotal:       4194300 kB
SwapFree:        4194300 kB
Dirty:             61464 kB
Writeback:             0 kB
AnonPages:      11528088 kB
Mapped:          1615084 kB
Shmem:           1448080 kB
Slab:            1060808 kB
SReclaimable:     904528 kB
SUnreclaim:       156280 kB
KernelStack:       37096 kB
PageTables:       125412 kB
NFS_Unstable:          0 kB
Bounce:                0 kB
WritebackTmp:          0 kB
CommitLimit:    20622344 kB
Committed_AS:   28687472 kB
VmallocTotal:   34359738367 kB
VmallocUsed:           0 kB
VmallocChunk:          0 kB
HardwareCorrupted:     0 kB
AnonHugePages:         0 kB
ShmemHugePages:        0 kB
ShmemPmdMapped:        0 kB
CmaTotal:              0 kB
CmaFree:               0 kB
HugePages_Total:       0
HugePages_Free:        0
HugePages_Rsvd:        0
HugePages_Surp:        0
Hugepagesize:       2048 kB
Hugetlb:               0 kB
DirectMap4k:      442916 kB
DirectMap2M:    13105152 kB
DirectMap1G:    19922944 kB


CPU:total 4 (initial active 4) (2 cores per cpu, 2 threads per core) family 6 model 142 stepping 9, cmov, cx8, fxsr, mmx, sse, sse2, sse3, ssse3, sse4.1, sse4.2, popcnt, avx, avx2, aes, clmul, erms, 3dnowpref, lzcnt, ht, tsc, tscinvbit, bmi1, bmi2, adx

/proc/cpuinfo:
processor	: 0
vendor_id	: GenuineIntel
cpu family	: 6
model		: 142
model name	: Intel(R) Core(TM) i7-7500U CPU @ 2.70GHz
stepping	: 9
microcode	: 0x8e
cpu MHz		: 3035.753
cache size	: 4096 KB
physical id	: 0
siblings	: 4
core id		: 0
cpu cores	: 2
apicid		: 0
initial apicid	: 0
fpu		: yes
fpu_exception	: yes
cpuid level	: 22
wp		: yes
flags		: fpu vme de pse tsc msr pae mce cx8 apic sep mtrr pge mca cmov pat pse36 clflush dts acpi mmx fxsr sse sse2 ss ht tm pbe syscall nx pdpe1gb rdtscp lm constant_tsc art arch_perfmon pebs bts rep_good nopl xtopology nonstop_tsc cpuid aperfmperf tsc_known_freq pni pclmulqdq dtes64 monitor ds_cpl vmx est tm2 ssse3 sdbg fma cx16 xtpr pdcm pcid sse4_1 sse4_2 x2apic movbe popcnt tsc_deadline_timer aes xsave avx f16c rdrand lahf_lm abm 3dnowprefetch cpuid_fault invpcid_single pti ssbd ibrs ibpb stibp tpr_shadow vnmi flexpriority ept vpid fsgsbase tsc_adjust bmi1 avx2 smep bmi2 erms invpcid mpx rdseed adx smap clflushopt intel_pt xsaveopt xsavec xgetbv1 xsaves dtherm ida arat pln pts hwp hwp_notify hwp_act_window hwp_epp flush_l1d
bugs		: cpu_meltdown spectre_v1 spectre_v2 spec_store_bypass l1tf
bogomips	: 5808.00
clflush size	: 64
cache_alignment	: 64
address sizes	: 39 bits physical, 48 bits virtual
power management:

processor	: 1
vendor_id	: GenuineIntel
cpu family	: 6
model		: 142
model name	: Intel(R) Core(TM) i7-7500U CPU @ 2.70GHz
stepping	: 9
microcode	: 0x8e
cpu MHz		: 3036.359
cache size	: 4096 KB
physical id	: 0
siblings	: 4
core id		: 1
cpu cores	: 2
apicid		: 2
initial apicid	: 2
fpu		: yes
fpu_exception	: yes
cpuid level	: 22
wp		: yes
flags		: fpu vme de pse tsc msr pae mce cx8 apic sep mtrr pge mca cmov pat pse36 clflush dts acpi mmx fxsr sse sse2 ss ht tm pbe syscall nx pdpe1gb rdtscp lm constant_tsc art arch_perfmon pebs bts rep_good nopl xtopology nonstop_tsc cpuid aperfmperf tsc_known_freq pni pclmulqdq dtes64 monitor ds_cpl vmx est tm2 ssse3 sdbg fma cx16 xtpr pdcm pcid sse4_1 sse4_2 x2apic movbe popcnt tsc_deadline_timer aes xsave avx f16c rdrand lahf_lm abm 3dnowprefetch cpuid_fault invpcid_single pti tpr_shadow vnmi flexpriority ept vpid fsgsbase tsc_adjust bmi1 avx2 smep bmi2 erms invpcid mpx rdseed adx smap clflushopt intel_pt xsaveopt xsavec xgetbv1 xsaves dtherm ida arat pln pts hwp hwp_notify hwp_act_window hwp_epp
bugs		: cpu_meltdown spectre_v1 spectre_v2 spec_store_bypass l1tf
bogomips	: 5808.00
clflush size	: 64
cache_alignment	: 64
address sizes	: 39 bits physical, 48 bits virtual
power management:

processor	: 2
vendor_id	: GenuineIntel
cpu family	: 6
model		: 142
model name	: Intel(R) Core(TM) i7-7500U CPU @ 2.70GHz
stepping	: 9
microcode	: 0x8e
cpu MHz		: 3036.841
cache size	: 4096 KB
physical id	: 0
siblings	: 4
core id		: 0
cpu cores	: 2
apicid		: 1
initial apicid	: 1
fpu		: yes
fpu_exception	: yes
cpuid level	: 22
wp		: yes
flags		: fpu vme de pse tsc msr pae mce cx8 apic sep mtrr pge mca cmov pat pse36 clflush dts acpi mmx fxsr sse sse2 ss ht tm pbe syscall nx pdpe1gb rdtscp lm constant_tsc art arch_perfmon pebs bts rep_good nopl xtopology nonstop_tsc cpuid aperfmperf tsc_known_freq pni pclmulqdq dtes64 monitor ds_cpl vmx est tm2 ssse3 sdbg fma cx16 xtpr pdcm pcid sse4_1 sse4_2 x2apic movbe popcnt tsc_deadline_timer aes xsave avx f16c rdrand lahf_lm abm 3dnowprefetch cpuid_fault invpcid_single pti tpr_shadow vnmi flexpriority ept vpid fsgsbase tsc_adjust bmi1 avx2 smep bmi2 erms invpcid mpx rdseed adx smap clflushopt intel_pt xsaveopt xsavec xgetbv1 xsaves dtherm ida arat pln pts hwp hwp_notify hwp_act_window hwp_epp flush_l1d
bugs		: cpu_meltdown spectre_v1 spectre_v2 spec_store_bypass l1tf
bogomips	: 5808.00
clflush size	: 64
cache_alignment	: 64
address sizes	: 39 bits physical, 48 bits virtual
power management:

processor	: 3
vendor_id	: GenuineIntel
cpu family	: 6
model		: 142
model name	: Intel(R) Core(TM) i7-7500U CPU @ 2.70GHz
stepping	: 9
microcode	: 0x8e
cpu MHz		: 3037.310
cache size	: 4096 KB
physical id	: 0
siblings	: 4
core id		: 1
cpu cores	: 2
apicid		: 3
initial apicid	: 3
fpu		: yes
fpu_exception	: yes
cpuid level	: 22
wp		: yes
flags		: fpu vme de pse tsc msr pae mce cx8 apic sep mtrr pge mca cmov pat pse36 clflush dts acpi mmx fxsr sse sse2 ss ht tm pbe syscall nx pdpe1gb rdtscp lm constant_tsc art arch_perfmon pebs bts rep_good nopl xtopology nonstop_tsc cpuid aperfmperf tsc_known_freq pni pclmulqdq dtes64 monitor ds_cpl vmx est tm2 ssse3 sdbg fma cx16 xtpr pdcm pcid sse4_1 sse4_2 x2apic movbe popcnt tsc_deadline_timer aes xsave avx f16c rdrand lahf_lm abm 3dnowprefetch cpuid_fault invpcid_single pti tpr_shadow vnmi flexpriority ept vpid fsgsbase tsc_adjust bmi1 avx2 smep bmi2 erms invpcid mpx rdseed adx smap clflushopt intel_pt xsaveopt xsavec xgetbv1 xsaves dtherm ida arat pln pts hwp hwp_notify hwp_act_window hwp_epp flush_l1d
bugs		: cpu_meltdown spectre_v1 spectre_v2 spec_store_bypass l1tf
bogomips	: 5808.00
clflush size	: 64
cache_alignment	: 64
address sizes	: 39 bits physical, 48 bits virtual
power management:



Memory: 4k page, physical 32856092k(7723240k free), swap 4194300k(4194300k free)

vm_info: Java HotSpot(TM) 64-Bit Server VM (25.151-b12) for linux-amd64 JRE (1.8.0_151-b12), built on Sep  5 2017 19:20:58 by "java_re" with gcc 4.3.0 20080428 (Red Hat 4.3.0-8)

time: Thu Mar 21 14:16:50 2019
elapsed time: 7 seconds (0d 0h 0m 7s)

