#
# A fatal error has been detected by the Java Runtime Environment:
#
#  SIGSEGV (0xb) at pc=0x00007f986ae52933, pid=25223, tid=0x00007f986814d700
#
# JRE version: Java(TM) SE Runtime Environment (8.0_151-b12) (build 1.8.0_151-b12)
# Java VM: Java HotSpot(TM) 64-Bit Server VM (25.151-b12 mixed mode linux-amd64 compressed oops)
# Problematic frame:
# V  [libjvm.so+0x992933]  oopDesc* PSPromotionManager::copy_to_survivor_space<false>(oopDesc*)+0x143
#
# Failed to write core dump. Core dumps have been disabled. To enable core dumping, try "ulimit -c unlimited" before starting Java again
#
# If you would like to submit a bug report, please visit:
#   http://bugreport.java.com/bugreport/crash.jsp
#

---------------  T H R E A D  ---------------

Current thread (0x00007f9864022000):  GCTaskThread [stack: 0x00007f986804e000,0x00007f986814e000] [id=25227]

siginfo: si_signo: 11 (SIGSEGV), si_code: 1 (SEGV_MAPERR), si_addr: 0x0000000000000008

Registers:
RAX=0x00007f986b4569a0, RBX=0x0000000767ee9aa4, RCX=0x0000000000000003, RDX=0x0000000000000001
RSP=0x00007f986814c840, RBP=0x00007f986814c8b0, RSI=0x000000076eaa80d8, RDI=0x0000000000000000
R8 =0x0000000767ee9a78, R9 =0x00007f986b48a0f0, R10=0x00007f986b47aeb9, R11=0x00007f986814c860
R12=0x000000076eaa80d8, R13=0x0000000000000000, R14=0x0000000000000000, R15=0x00007f986413cc28
RIP=0x00007f986ae52933, EFLAGS=0x0000000000010246, CSGSFS=0x002b000000000033, ERR=0x0000000000000004
  TRAPNO=0x000000000000000e

Top of Stack: (sp=0x00007f986814c840)
0x00007f986814c840:   0000000771dc60a1 00007f986b47aeb9
0x00007f986814c850:   00000007c02800e0 00007f986413cbc0
0x00007f986814c860:   0000000767db6acd 00007f986ab13210
0x00007f986814c870:   000000076e9071a2 0000000000001000
0x00007f986814c880:   0000000771db319d 0000000767ee9aa4
0x00007f986814c890:   00007f986413cbc0 00007f986b456990
0x00007f986814c8a0:   0000000000000000 00007f986413cc28
0x00007f986814c8b0:   00007f986814c9a0 00007f986ae52200
0x00007f986814c8c0:   00007f986814c920 00007f986814c930
0x00007f986814c8d0:   00007f986814c940 00007f986814c900
0x00007f986814c8e0:   00007f986814c910 00007f986814c960
0x00007f986814c8f0:   0000008000000000 00007f986413cc58
0x00007f986814c900:   00000005cb9b0030 00007f986413cbc0
0x00007f986814c910:   00007f9864010410 00007f985405be01
0x00007f986814c920:   00007f986814c9a0 00007f986adc52bf
0x00007f986814c930:   00000007c036cf90 00000005cc2ffe14
0x00007f986814c940:   00007f986814c9a0 00007f986ab1340c
0x00007f986814c950:   00000005cc2ff981 00007f986b48a0f0
0x00007f986814c960:   0000000767ee9aa5 00007f986413cc20
0x00007f986814c970:   00007f986814c9c0 00000005cc300038
0x00007f986814c980:   00000005cc300038 00007f9854060801
0x00007f986814c990:   00007f9864010410 00007f9854060801
0x00007f986814c9a0:   00007f986814ca60 00007f986a8c1eae
0x00007f986814c9b0:   00007f986401fa80 00007f9854060800
0x00007f986814c9c0:   00007f9854060781 00007f986b47aeb9
0x00007f986814c9d0:   00007f986413cbc0 00000005cf14fc48
0x00007f986814c9e0:   00007f98640101c0 00007f9854077a7f
0x00007f986814c9f0:   00000005cc2f0018 0000000000000200
0x00007f986814ca00:   00000005cc300038 00007f9854060780
0x00007f986814ca10:   0000000000000240 00007f9854060800
0x00007f986814ca20:   00007f9854060980 00007f9854060801
0x00007f986814ca30:   00007f9854060780 00007f986404ed80 

Instructions: (pc=0x00007f986ae52933)
0x00007f986ae52913:   83 e0 07 48 83 f8 05 75 d3 31 db eb d6 48 8b 05
0x00007f986ae52923:   b1 4e 5e 00 8b 7e 08 8b 48 08 48 d3 e7 48 03 38
0x00007f986ae52933:   8b 77 08 83 fe 00 0f 8f 0a ff ff ff 0f 85 4b 02
0x00007f986ae52943:   00 00 0f 1f 00 48 8b 07 4c 89 e6 4c 89 55 98 ff 

Register to memory mapping:

RAX=0x00007f986b4569a0: <offset 0xf969a0> in /usr/lib/jvm/java-8-oracle/jre/lib/amd64/server/libjvm.so at 0x00007f986a4c0000
RBX=0x0000000767ee9aa4 is an unknown value
RCX=0x0000000000000003 is an unknown value
RDX=0x0000000000000001 is an unknown value
RSP=0x00007f986814c840 is an unknown value
RBP=0x00007f986814c8b0 is an unknown value
RSI=0x000000076eaa80d8 is an unknown value
RDI=0x0000000000000000 is an unknown value
R8 =0x0000000767ee9a78 is an oop
scala.reflect.internal.Symbols$AbstractTypeSymbol 
 - klass: 'scala/reflect/internal/Symbols$AbstractTypeSymbol'
R9 =0x00007f986b48a0f0: <offset 0xfca0f0> in /usr/lib/jvm/java-8-oracle/jre/lib/amd64/server/libjvm.so at 0x00007f986a4c0000
R10=0x00007f986b47aeb9: <offset 0xfbaeb9> in /usr/lib/jvm/java-8-oracle/jre/lib/amd64/server/libjvm.so at 0x00007f986a4c0000
R11=0x00007f986814c860 is an unknown value
R12=0x000000076eaa80d8 is an unknown value
R13=0x0000000000000000 is an unknown value
R14=0x0000000000000000 is an unknown value
R15=0x00007f986413cc28 is an unknown value


Stack: [0x00007f986804e000,0x00007f986814e000],  sp=0x00007f986814c840,  free space=1018k
Native frames: (J=compiled Java code, j=interpreted, Vv=VM code, C=native code)
V  [libjvm.so+0x992933]  oopDesc* PSPromotionManager::copy_to_survivor_space<false>(oopDesc*)+0x143
V  [libjvm.so+0x992200]  PSPromotionManager::drain_stacks_depth(bool)+0x830
V  [libjvm.so+0x401eae]  CardTableExtension::scavenge_contents_parallel(ObjectStartArray*, MutableSpace*, HeapWord*, PSPromotionManager*, unsigned int, unsigned int)+0xafe
V  [libjvm.so+0x995a7b]  OldToYoungRootsTask::do_it(GCTaskManager*, unsigned int)+0x4b
V  [libjvm.so+0x5daecf]  GCTaskThread::run()+0x12f
V  [libjvm.so+0x92a728]  java_start(Thread*)+0x108


---------------  P R O C E S S  ---------------

Java Threads: ( => current thread )
  0x00007f97cc004000 JavaThread "pool-8-thread-8" [_thread_blocked, id=25944, stack(0x00007f97d7afb000,0x00007f97d7bfc000)]
  0x00007f97cc001800 JavaThread "pool-8-thread-7" [_thread_blocked, id=25943, stack(0x00007f97d7bfc000,0x00007f97d7cfd000)]
  0x00007f97c4003000 JavaThread "pool-8-thread-6" [_thread_blocked, id=25942, stack(0x00007f98074ff000,0x00007f9807600000)]
  0x00007f97c4002000 JavaThread "pool-8-thread-5" [_thread_blocked, id=25941, stack(0x00007f982c04f000,0x00007f982c150000)]
  0x00007f98661f9800 JavaThread "pool-8-thread-4" [_thread_blocked, id=25940, stack(0x00007f9805c75000,0x00007f9805d76000)]
  0x00007f986625c800 JavaThread "pool-8-thread-3" [_thread_blocked, id=25939, stack(0x00007f98072fd000,0x00007f98073fe000)]
  0x00007f9866288800 JavaThread "pool-8-thread-2" [_thread_blocked, id=25938, stack(0x00007f97d7eff000,0x00007f97d8000000)]
  0x00007f9866288000 JavaThread "pool-8-thread-1" [_thread_blocked, id=25937, stack(0x00007f97d7dfe000,0x00007f97d7eff000)]
  0x00007f9866285800 JavaThread "sbt-web-akka.actor.default-dispatcher-5" [_thread_blocked, id=25936, stack(0x00007f97d7cfd000,0x00007f97d7dfe000)]
  0x00007f9866285000 JavaThread "sbt-web-akka.actor.default-dispatcher-3" [_thread_blocked, id=25934, stack(0x00007f98073fe000,0x00007f98074ff000)]
  0x00007f9866280800 JavaThread "sbt-web-scheduler-1" [_thread_blocked, id=25932, stack(0x00007f98040f6000,0x00007f98041f7000)]
  0x00007f97e0021800 JavaThread "process reaper" daemon [_thread_blocked, id=25898, stack(0x00007f98047f7000,0x00007f9804830000)]
  0x00007f97e8528000 JavaThread "process reaper" daemon [_thread_blocked, id=25897, stack(0x00007f9804830000,0x00007f9804869000)]
  0x00007f97f8064000 JavaThread "process reaper" daemon [_thread_blocked, id=25896, stack(0x00007f9804869000,0x00007f98048a2000)]
  0x00007f9864190000 JavaThread "Service Thread" daemon [_thread_blocked, id=25237, stack(0x00007f98509b9000,0x00007f9850aba000)]
  0x00007f9864185000 JavaThread "C1 CompilerThread2" daemon [_thread_blocked, id=25236, stack(0x00007f9850abb000,0x00007f9850bbb000)]
  0x00007f9864183800 JavaThread "C2 CompilerThread1" daemon [_thread_blocked, id=25235, stack(0x00007f9850bbc000,0x00007f9850cbc000)]
  0x00007f9864180800 JavaThread "C2 CompilerThread0" daemon [_thread_blocked, id=25234, stack(0x00007f9850cbd000,0x00007f9850dbd000)]
  0x00007f986417f000 JavaThread "Signal Dispatcher" daemon [_thread_blocked, id=25233, stack(0x00007f9850dbd000,0x00007f9850ebe000)]
  0x00007f986414b800 JavaThread "Finalizer" daemon [_thread_blocked, id=25232, stack(0x00007f985119c000,0x00007f985129d000)]
  0x00007f9864147000 JavaThread "Reference Handler" daemon [_thread_blocked, id=25231, stack(0x00007f985129d000,0x00007f985139e000)]
  0x00007f986400a800 JavaThread "main" [_thread_blocked, id=25225, stack(0x00007f986bfe2000,0x00007f986c0e2000)]

Other Threads:
  0x00007f986413f800 VMThread [stack: 0x00007f985139f000,0x00007f985149f000] [id=25230]
  0x00007f9864193000 WatcherThread [stack: 0x00007f98508b9000,0x00007f98509b9000] [id=25238]

=>0x00007f9864022000 (exited) GCTaskThread [stack: 0x00007f986804e000,0x00007f986814e000] [id=25227]

VM state:at safepoint (normal execution)

VM Mutex/Monitor currently owned by a thread:  ([mutex/lock_event])
[0x00007f9864006e10] Threads_lock - owner thread: 0x00007f986413f800
[0x00007f9864007310] Heap_lock - owner thread: 0x00007f986625c800

Heap:
 PSYoungGen      total 1393152K, used 1344111K [0x0000000718e00000, 0x0000000776380000, 0x00000007c0000000)
  eden space 1278464K, 100% used [0x0000000718e00000,0x0000000766e80000,0x0000000766e80000)
  from space 114688K, 57% used [0x000000076de80000,0x0000000771e9bd50,0x0000000774e80000)
  to   space 114688K, 16% used [0x0000000766e80000,0x0000000768091788,0x000000076de80000)
 ParOldGen       total 524800K, used 73023K [0x00000005caa00000, 0x00000005eaa80000, 0x0000000718e00000)
  object space 524800K, 13% used [0x00000005caa00000,0x00000005cf14fc48,0x00000005eaa80000)
 Metaspace       used 83893K, capacity 84664K, committed 85080K, reserved 1118208K
  class space    used 15153K, capacity 15402K, committed 15488K, reserved 1048576K

Card table byte_map: [0x00007f9854054000,0x00007f9855000000] byte_map_base: 0x00007f98511ff000

Marking Bits: (ParMarkBitMap*) 0x00007f986b489f80
 Begin Bits: [0x00007f982c550000, 0x00007f98342a8000)
 End Bits:   [0x00007f98342a8000, 0x00007f983c000000)

Polling page: 0x00007f986c107000

CodeCache: size=245760Kb used=46801Kb max_used=46914Kb free=198958Kb
 bounds [0x00007f9855000000, 0x00007f9857e20000, 0x00007f9864000000]
 total_blobs=14229 nmethods=13668 adapters=468
 compilation: enabled

Compilation events (10 events):
Event: 159.097 Thread 0x00007f9864185000 17851       3       sbt.IvySbt$::resetArtifactResolver (54 bytes)
Event: 159.098 Thread 0x00007f9864185000 nmethod 17851 0x00007f9855645ed0 code [0x00007f98556460a0, 0x00007f9855646668]
Event: 159.107 Thread 0x00007f9864180800 17852       4       java.util.Collections$SingletonList::iterator (8 bytes)
Event: 159.108 Thread 0x00007f9864180800 nmethod 17852 0x00007f9855645c10 code [0x00007f9855645d60, 0x00007f9855645e38]
Event: 159.531 Thread 0x00007f9864183800 17853       4       java.util.HashMap$Node::hashCode (16 bytes)
Event: 159.533 Thread 0x00007f9864183800 nmethod 17853 0x00007f98552efa10 code [0x00007f98552efb60, 0x00007f98552efcd8]
Event: 160.179 Thread 0x00007f9864180800 17854       4       org.apache.ivy.util.extendable.UnmodifiableExtendableItem::setExtraAttribute (57 bytes)
Event: 160.246 Thread 0x00007f9864180800 nmethod 17854 0x00007f9857e15d90 code [0x00007f9857e16060, 0x00007f9857e18030]
Event: 160.419 Thread 0x00007f9864183800 17855       4       akka.actor.LightArrayRevolverScheduler$TaskQueue::<init> (5 bytes)
Event: 160.420 Thread 0x00007f9864183800 nmethod 17855 0x00007f9855254850 code [0x00007f98552549a0, 0x00007f9855254a98]

GC Heap History (10 events):
Event: 144.181 GC heap after
Heap after GC invocations=27 (full 7):
 PSYoungGen      total 990720K, used 81477K [0x0000000718e00000, 0x0000000760280000, 0x00000007c0000000)
  eden space 889856K, 0% used [0x0000000718e00000,0x0000000718e00000,0x000000074f300000)
  from space 100864K, 80% used [0x0000000755f80000,0x000000075af11760,0x000000075c200000)
  to   space 111104K, 0% used [0x000000074f300000,0x000000074f300000,0x0000000755f80000)
 ParOldGen       total 524800K, used 73023K [0x00000005caa00000, 0x00000005eaa80000, 0x0000000718e00000)
  object space 524800K, 13% used [0x00000005caa00000,0x00000005cf14fc48,0x00000005eaa80000)
 Metaspace       used 83582K, capacity 84408K, committed 84696K, reserved 1118208K
  class space    used 15075K, capacity 15338K, committed 15360K, reserved 1048576K
}
Event: 157.384 GC heap before
{Heap before GC invocations=28 (full 7):
 PSYoungGen      total 990720K, used 971333K [0x0000000718e00000, 0x0000000760280000, 0x00000007c0000000)
  eden space 889856K, 100% used [0x0000000718e00000,0x000000074f300000,0x000000074f300000)
  from space 100864K, 80% used [0x0000000755f80000,0x000000075af11760,0x000000075c200000)
  to   space 111104K, 0% used [0x000000074f300000,0x000000074f300000,0x0000000755f80000)
 ParOldGen       total 524800K, used 73023K [0x00000005caa00000, 0x00000005eaa80000, 0x0000000718e00000)
  object space 524800K, 13% used [0x00000005caa00000,0x00000005cf14fc48,0x00000005eaa80000)
 Metaspace       used 83893K, capacity 84664K, committed 85080K, reserved 1118208K
  class space    used 15153K, capacity 15402K, committed 15488K, reserved 1048576K
Event: 157.436 GC heap after
Heap after GC invocations=28 (full 7):
 PSYoungGen      total 1000960K, used 66873K [0x0000000718e00000, 0x0000000767080000, 0x00000007c0000000)
  eden space 889856K, 0% used [0x0000000718e00000,0x0000000718e00000,0x000000074f300000)
  from space 111104K, 60% used [0x000000074f300000,0x000000075344e610,0x0000000755f80000)
  to   space 113664K, 0% used [0x0000000760180000,0x0000000760180000,0x0000000767080000)
 ParOldGen       total 524800K, used 73023K [0x00000005caa00000, 0x00000005eaa80000, 0x0000000718e00000)
  object space 524800K, 13% used [0x00000005caa00000,0x00000005cf14fc48,0x00000005eaa80000)
 Metaspace       used 83893K, capacity 84664K, committed 85080K, reserved 1118208K
  class space    used 15153K, capacity 15402K, committed 15488K, reserved 1048576K
}
Event: 158.407 GC heap before
{Heap before GC invocations=29 (full 7):
 PSYoungGen      total 1000960K, used 956729K [0x0000000718e00000, 0x0000000767080000, 0x00000007c0000000)
  eden space 889856K, 100% used [0x0000000718e00000,0x000000074f300000,0x000000074f300000)
  from space 111104K, 60% used [0x000000074f300000,0x000000075344e610,0x0000000755f80000)
  to   space 113664K, 0% used [0x0000000760180000,0x0000000760180000,0x0000000767080000)
 ParOldGen       total 524800K, used 73023K [0x00000005caa00000, 0x00000005eaa80000, 0x0000000718e00000)
  object space 524800K, 13% used [0x00000005caa00000,0x00000005cf14fc48,0x00000005eaa80000)
 Metaspace       used 83893K, capacity 84664K, committed 85080K, reserved 1118208K
  class space    used 15153K, capacity 15402K, committed 15488K, reserved 1048576K
Event: 158.463 GC heap after
Heap after GC invocations=29 (full 7):
 PSYoungGen      total 1166336K, used 64808K [0x0000000718e00000, 0x0000000768880000, 0x00000007c0000000)
  eden space 1052672K, 0% used [0x0000000718e00000,0x0000000718e00000,0x0000000759200000)
  from space 113664K, 57% used [0x0000000760180000,0x00000007640ca168,0x0000000767080000)
  to   space 114176K, 0% used [0x0000000759200000,0x0000000759200000,0x0000000760180000)
 ParOldGen       total 524800K, used 73023K [0x00000005caa00000, 0x00000005eaa80000, 0x0000000718e00000)
  object space 524800K, 13% used [0x00000005caa00000,0x00000005cf14fc48,0x00000005eaa80000)
 Metaspace       used 83893K, capacity 84664K, committed 85080K, reserved 1118208K
  class space    used 15153K, capacity 15402K, committed 15488K, reserved 1048576K
}
Event: 159.866 GC heap before
{Heap before GC invocations=30 (full 7):
 PSYoungGen      total 1166336K, used 1117480K [0x0000000718e00000, 0x0000000768880000, 0x00000007c0000000)
  eden space 1052672K, 100% used [0x0000000718e00000,0x0000000759200000,0x0000000759200000)
  from space 113664K, 57% used [0x0000000760180000,0x00000007640ca168,0x0000000767080000)
  to   space 114176K, 0% used [0x0000000759200000,0x0000000759200000,0x0000000760180000)
 ParOldGen       total 524800K, used 73023K [0x00000005caa00000, 0x00000005eaa80000, 0x0000000718e00000)
  object space 524800K, 13% used [0x00000005caa00000,0x00000005cf14fc48,0x00000005eaa80000)
 Metaspace       used 83893K, capacity 84664K, committed 85080K, reserved 1118208K
  class space    used 15153K, capacity 15402K, committed 15488K, reserved 1048576K
Event: 159.922 GC heap after
Heap after GC invocations=30 (full 7):
 PSYoungGen      total 1166848K, used 65951K [0x0000000718e00000, 0x0000000774e80000, 0x00000007c0000000)
  eden space 1052672K, 0% used [0x0000000718e00000,0x0000000718e00000,0x0000000759200000)
  from space 114176K, 57% used [0x0000000759200000,0x000000075d267cb0,0x0000000760180000)
  to   space 114688K, 0% used [0x000000076de80000,0x000000076de80000,0x0000000774e80000)
 ParOldGen       total 524800K, used 73023K [0x00000005caa00000, 0x00000005eaa80000, 0x0000000718e00000)
  object space 524800K, 13% used [0x00000005caa00000,0x00000005cf14fc48,0x00000005eaa80000)
 Metaspace       used 83893K, capacity 84664K, committed 85080K, reserved 1118208K
  class space    used 15153K, capacity 15402K, committed 15488K, reserved 1048576K
}
Event: 161.010 GC heap before
{Heap before GC invocations=31 (full 7):
 PSYoungGen      total 1166848K, used 1118623K [0x0000000718e00000, 0x0000000774e80000, 0x00000007c0000000)
  eden space 1052672K, 100% used [0x0000000718e00000,0x0000000759200000,0x0000000759200000)
  from space 114176K, 57% used [0x0000000759200000,0x000000075d267cb0,0x0000000760180000)
  to   space 114688K, 0% used [0x000000076de80000,0x000000076de80000,0x0000000774e80000)
 ParOldGen       total 524800K, used 73023K [0x00000005caa00000, 0x00000005eaa80000, 0x0000000718e00000)
  object space 524800K, 13% used [0x00000005caa00000,0x00000005cf14fc48,0x00000005eaa80000)
 Metaspace       used 83893K, capacity 84664K, committed 85080K, reserved 1118208K
  class space    used 15153K, capacity 15402K, committed 15488K, reserved 1048576K
Event: 161.087 GC heap after
Heap after GC invocations=31 (full 7):
 PSYoungGen      total 1393152K, used 65647K [0x0000000718e00000, 0x0000000776380000, 0x00000007c0000000)
  eden space 1278464K, 0% used [0x0000000718e00000,0x0000000718e00000,0x0000000766e80000)
  from space 114688K, 57% used [0x000000076de80000,0x0000000771e9bd50,0x0000000774e80000)
  to   space 114688K, 0% used [0x0000000766e80000,0x0000000766e80000,0x000000076de80000)
 ParOldGen       total 524800K, used 73023K [0x00000005caa00000, 0x00000005eaa80000, 0x0000000718e00000)
  object space 524800K, 13% used [0x00000005caa00000,0x00000005cf14fc48,0x00000005eaa80000)
 Metaspace       used 83893K, capacity 84664K, committed 85080K, reserved 1118208K
  class space    used 15153K, capacity 15402K, committed 15488K, reserved 1048576K
}
Event: 162.446 GC heap before
{Heap before GC invocations=32 (full 7):
 PSYoungGen      total 1393152K, used 1344111K [0x0000000718e00000, 0x0000000776380000, 0x00000007c0000000)
  eden space 1278464K, 100% used [0x0000000718e00000,0x0000000766e80000,0x0000000766e80000)
  from space 114688K, 57% used [0x000000076de80000,0x0000000771e9bd50,0x0000000774e80000)
  to   space 114688K, 0% used [0x0000000766e80000,0x0000000766e80000,0x000000076de80000)
 ParOldGen       total 524800K, used 73023K [0x00000005caa00000, 0x00000005eaa80000, 0x0000000718e00000)
  object space 524800K, 13% used [0x00000005caa00000,0x00000005cf14fc48,0x00000005eaa80000)
 Metaspace       used 83893K, capacity 84664K, committed 85080K, reserved 1118208K
  class space    used 15153K, capacity 15402K, committed 15488K, reserved 1048576K

Deoptimization events (10 events):
Event: 156.183 Thread 0x00007f986625c800 Uncommon trap: reason=speculate_class_check action=maybe_recompile pc=0x00007f9857d5af84 method=scala.Option.isDefined()Z @ 1
Event: 156.183 Thread 0x00007f986625c800 Uncommon trap: reason=speculate_class_check action=maybe_recompile pc=0x00007f9857d5af84 method=scala.Option.isDefined()Z @ 1
Event: 156.183 Thread 0x00007f986625c800 Uncommon trap: reason=speculate_class_check action=maybe_recompile pc=0x00007f9857d5af84 method=scala.Option.isDefined()Z @ 1
Event: 156.183 Thread 0x00007f986625c800 Uncommon trap: reason=speculate_class_check action=maybe_recompile pc=0x00007f9857d5af84 method=scala.Option.isDefined()Z @ 1
Event: 156.190 Thread 0x00007f986625c800 Uncommon trap: reason=unstable_if action=reinterpret pc=0x00007f9855e73010 method=scala.util.hashing.MurmurHash3$.seqHash(Lscala/collection/Seq;)I @ 4
Event: 156.190 Thread 0x00007f986625c800 Uncommon trap: reason=bimorphic action=maybe_recompile pc=0x00007f98576bbaa0 method=scala.collection.GenSeqLike$class.equals(Lscala/collection/GenSeqLike;Ljava/lang/Object;)Z @ 24
Event: 156.190 Thread 0x00007f986625c800 Uncommon trap: reason=bimorphic action=maybe_recompile pc=0x00007f98576bbaa0 method=scala.collection.GenSeqLike$class.equals(Lscala/collection/GenSeqLike;Ljava/lang/Object;)Z @ 24
Event: 156.190 Thread 0x00007f986625c800 Uncommon trap: reason=bimorphic action=maybe_recompile pc=0x00007f9857167c50 method=scala.collection.GenSeqLike$class.equals(Lscala/collection/GenSeqLike;Ljava/lang/Object;)Z @ 24
Event: 156.369 Thread 0x00007f986625c800 Uncommon trap: reason=class_check action=maybe_recompile pc=0x00007f98565847b0 method=java.util.AbstractCollection.toString()Ljava/lang/String; @ 1
Event: 156.805 Thread 0x00007f986625c800 Uncommon trap: reason=null_check action=make_not_entrant pc=0x00007f98563cd1a4 method=java.util.AbstractMap.equals(Ljava/lang/Object;)Z @ 123

Internal exceptions (10 events):
Event: 114.833 Thread 0x00007f97e4001800 Exception <a 'sun/nio/fs/UnixException'> (0x000000073b01baf8) thrown at [/HUDSON/workspace/8-2-build-linux-amd64/jdk8u151/9699/hotspot/src/share/vm/prims/jni.cpp, line 709]
Event: 114.835 Thread 0x00007f97e4001800 Exception <a 'sun/nio/fs/UnixException'> (0x000000073b03e480) thrown at [/HUDSON/workspace/8-2-build-linux-amd64/jdk8u151/9699/hotspot/src/share/vm/prims/jni.cpp, line 709]
Event: 114.835 Thread 0x00007f97e4001800 Exception <a 'sun/nio/fs/UnixException'> (0x000000073b04bad8) thrown at [/HUDSON/workspace/8-2-build-linux-amd64/jdk8u151/9699/hotspot/src/share/vm/prims/jni.cpp, line 709]
Event: 114.868 Thread 0x00007f97e4001800 Exception <a 'sun/nio/fs/UnixException'> (0x000000073b1b89c0) thrown at [/HUDSON/workspace/8-2-build-linux-amd64/jdk8u151/9699/hotspot/src/share/vm/prims/jni.cpp, line 709]
Event: 114.869 Thread 0x00007f97e4001800 Exception <a 'sun/nio/fs/UnixException'> (0x000000073b1b9568) thrown at [/HUDSON/workspace/8-2-build-linux-amd64/jdk8u151/9699/hotspot/src/share/vm/prims/jni.cpp, line 709]
Event: 114.870 Thread 0x00007f9866281000 Exception <a 'sun/nio/fs/UnixException'> (0x000000073ace9568) thrown at [/HUDSON/workspace/8-2-build-linux-amd64/jdk8u151/9699/hotspot/src/share/vm/prims/jni.cpp, line 709]
Event: 115.189 Thread 0x00007f9866288800 Exception <a 'java/io/FileNotFoundException'> (0x000000073d9fbe30) thrown at [/HUDSON/workspace/8-2-build-linux-amd64/jdk8u151/9699/hotspot/src/share/vm/prims/jni.cpp, line 709]
Event: 142.080 Thread 0x00007f97c4003000 Implicit null exception at 0x00007f9855b12d8f to 0x00007f9855b12f9d
Event: 142.080 Thread 0x00007f97c4003000 Implicit null exception at 0x00007f98563a470f to 0x00007f98563a6009
Event: 156.805 Thread 0x00007f986625c800 Implicit null exception at 0x00007f98563cc0d1 to 0x00007f98563cd149

Events (10 events):
Event: 159.534 Thread 0x00007f9864183800 flushing nmethod 0x00007f9856d72a90
Event: 159.866 Executing VM operation: ParallelGCFailedAllocation
Event: 159.922 Executing VM operation: ParallelGCFailedAllocation done
Event: 160.246 Thread 0x00007f9864180800 flushing nmethod 0x00007f98570aa3d0
Event: 160.246 Thread 0x00007f9864180800 flushing nmethod 0x00007f98570aaf90
Event: 160.246 Thread 0x00007f9864180800 flushing nmethod 0x00007f98570bf410
Event: 160.246 Thread 0x00007f9864180800 flushing nmethod 0x00007f98570c03d0
Event: 161.010 Executing VM operation: ParallelGCFailedAllocation
Event: 161.087 Executing VM operation: ParallelGCFailedAllocation done
Event: 162.446 Executing VM operation: ParallelGCFailedAllocation


Dynamic libraries:
00400000-00401000 r-xp 00000000 103:02 16916555                          /usr/lib/jvm/java-8-oracle/jre/bin/java
00600000-00601000 rw-p 00000000 103:02 16916555                          /usr/lib/jvm/java-8-oracle/jre/bin/java
00767000-00788000 rw-p 00000000 00:00 0                                  [heap]
5caa00000-5eaa80000 rw-p 00000000 00:00 0 
5eaa80000-718e00000 ---p 00000000 00:00 0 
718e00000-776380000 rw-p 00000000 00:00 0 
776380000-7c0000000 ---p 00000000 00:00 0 
7c0000000-7c0f20000 rw-p 00000000 00:00 0 
7c0f20000-800000000 ---p 00000000 00:00 0 
7f97bc000000-7f97bc026000 rw-p 00000000 00:00 0 
7f97bc026000-7f97c0000000 ---p 00000000 00:00 0 
7f97c0000000-7f97c0021000 rw-p 00000000 00:00 0 
7f97c0021000-7f97c4000000 ---p 00000000 00:00 0 
7f97c4000000-7f97c4021000 rw-p 00000000 00:00 0 
7f97c4021000-7f97c8000000 ---p 00000000 00:00 0 
7f97c8000000-7f97c8021000 rw-p 00000000 00:00 0 
7f97c8021000-7f97cc000000 ---p 00000000 00:00 0 
7f97cc000000-7f97cc06b000 rw-p 00000000 00:00 0 
7f97cc06b000-7f97d0000000 ---p 00000000 00:00 0 
7f97d0000000-7f97d0298000 rw-p 00000000 00:00 0 
7f97d0298000-7f97d4000000 ---p 00000000 00:00 0 
7f97d7afb000-7f97d7afe000 ---p 00000000 00:00 0 
7f97d7afe000-7f97d7bfc000 rw-p 00000000 00:00 0 
7f97d7bfc000-7f97d7bff000 ---p 00000000 00:00 0 
7f97d7bff000-7f97d7cfd000 rw-p 00000000 00:00 0 
7f97d7cfd000-7f97d7d00000 ---p 00000000 00:00 0 
7f97d7d00000-7f97d7dfe000 rw-p 00000000 00:00 0 
7f97d7dfe000-7f97d7e01000 ---p 00000000 00:00 0 
7f97d7e01000-7f97d7eff000 rw-p 00000000 00:00 0 
7f97d7eff000-7f97d7f02000 ---p 00000000 00:00 0 
7f97d7f02000-7f97d8000000 rw-p 00000000 00:00 0 
7f97d8000000-7f97d8021000 rw-p 00000000 00:00 0 
7f97d8021000-7f97dc000000 ---p 00000000 00:00 0 
7f97dc000000-7f97dc021000 rw-p 00000000 00:00 0 
7f97dc021000-7f97e0000000 ---p 00000000 00:00 0 
7f97e0000000-7f97e0045000 rw-p 00000000 00:00 0 
7f97e0045000-7f97e4000000 ---p 00000000 00:00 0 
7f97e4000000-7f97e4021000 rw-p 00000000 00:00 0 
7f97e4021000-7f97e8000000 ---p 00000000 00:00 0 
7f97e8000000-7f97e8900000 rw-p 00000000 00:00 0 
7f97e8900000-7f97ec000000 ---p 00000000 00:00 0 
7f97ec000000-7f97ec021000 rw-p 00000000 00:00 0 
7f97ec021000-7f97f0000000 ---p 00000000 00:00 0 
7f97f0000000-7f97f007e000 rw-p 00000000 00:00 0 
7f97f007e000-7f97f4000000 ---p 00000000 00:00 0 
7f97f4000000-7f97f4021000 rw-p 00000000 00:00 0 
7f97f4021000-7f97f8000000 ---p 00000000 00:00 0 
7f97f8000000-7f97f890f000 rw-p 00000000 00:00 0 
7f97f890f000-7f97fc000000 ---p 00000000 00:00 0 
7f97fc000000-7f97fc066000 rw-p 00000000 00:00 0 
7f97fc066000-7f9800000000 ---p 00000000 00:00 0 
7f9800000000-7f9800a61000 rw-p 00000000 00:00 0 
7f9800a61000-7f9804000000 ---p 00000000 00:00 0 
7f98040f6000-7f98040f9000 ---p 00000000 00:00 0 
7f98040f9000-7f98043f7000 rw-p 00000000 00:00 0 
7f98043f7000-7f98045f7000 rw-p 00000000 00:00 0 
7f98045f7000-7f98047f7000 rw-p 00000000 00:00 0 
7f98047f7000-7f98047fa000 ---p 00000000 00:00 0 
7f98047fa000-7f9804830000 rw-p 00000000 00:00 0 
7f9804830000-7f9804833000 ---p 00000000 00:00 0 
7f9804833000-7f9804869000 rw-p 00000000 00:00 0 
7f9804869000-7f980486c000 ---p 00000000 00:00 0 
7f980486c000-7f9804aa2000 rw-p 00000000 00:00 0 
7f9804aa2000-7f9804ca2000 rw-p 00000000 00:00 0 
7f9804ca2000-7f9804ca4000 r--s 00001000 103:02 16916731                  /usr/lib/jvm/java-8-oracle/jre/lib/ext/dnsns.jar
7f9804ca4000-7f9804cc0000 r--s 00393000 103:02 16916732                  /usr/lib/jvm/java-8-oracle/jre/lib/ext/cldrdata.jar
7f9804cc0000-7f9804cc1000 r--s 00010000 103:02 16916736                  /usr/lib/jvm/java-8-oracle/jre/lib/ext/zipfs.jar
7f9804cc1000-7f9804cc2000 r--s 0000a000 103:02 16916734                  /usr/lib/jvm/java-8-oracle/jre/lib/ext/jaccess.jar
7f9804cc2000-7f9804ccc000 r--s 00116000 103:02 16916739                  /usr/lib/jvm/java-8-oracle/jre/lib/ext/localedata.jar
7f9804ccc000-7f9804ce7000 r--s 001d3000 103:02 16916735                  /usr/lib/jvm/java-8-oracle/jre/lib/ext/nashorn.jar
7f9804ce7000-7f9804d7d000 r--s 01110000 103:02 16916733                  /usr/lib/jvm/java-8-oracle/jre/lib/ext/jfxrt.jar
7f9804d7d000-7f9804d82000 r--s 00084000 103:02 16916563                  /usr/lib/jvm/java-8-oracle/jre/lib/jfr.jar
7f9804d82000-7f9804d87000 r--s 002f9000 103:02 16916584                  /usr/lib/jvm/java-8-oracle/jre/lib/charsets.jar
7f9804d87000-7f9804f87000 rw-p 00000000 00:00 0 
7f9804f87000-7f9804f8a000 r--s 00011000 103:02 25170584                  /home/kurt/.ivy2/cache/scala_2.10/sbt_0.13/com.typesafe.sbt/sbt-digest/jars/sbt-digest-1.1.2.jar
7f9804f8a000-7f9804f8e000 r--s 0002a000 103:02 13109273                  /home/kurt/.ivy2/cache/org.jctools/jctools-core/bundles/jctools-core-2.0.1.jar
7f9804f8e000-7f9804fab000 r--s 00233000 103:02 13109271                  /home/kurt/.ivy2/cache/io.monix/monix-reactive_2.10/jars/monix-reactive_2.10-2.3.0.jar
7f9804fab000-7f9804fb4000 r--s 00062000 103:02 13109269                  /home/kurt/.ivy2/cache/io.monix/monix-eval_2.10/jars/monix-eval_2.10-2.3.0.jar
7f9804fb4000-7f9804fb5000 r--s 00000000 103:02 17440092                  /home/kurt/.ivy2/cache/org.reactivestreams/reactive-streams/jars/reactive-streams-1.0.0.jar
7f9804fb5000-7f9804fc5000 r--s 000b4000 103:02 13109267                  /home/kurt/.ivy2/cache/io.monix/monix-execution_2.10/jars/monix-execution_2.10-2.3.0.jar
7f9804fc5000-7f9804fca000 r--s 00021000 103:02 13109265                  /home/kurt/.ivy2/cache/io.monix/monix-types_2.10/jars/monix-types_2.10-2.3.0.jar
7f9804fca000-7f9804fcc000 r--s 00000000 103:02 25306598                  /home/kurt/.ivy2/cache/org.webjars.npm/window-size/jars/window-size-0.1.0.jar
7f9804fcc000-7f9804fce000 r--s 00000000 103:02 25170714                  /home/kurt/.ivy2/cache/org.webjars.npm/decamelize/jars/decamelize-1.2.0.jar
7f9804fce000-7f9804fd0000 r--s 00003000 103:02 25307166                  /home/kurt/.ivy2/cache/org.webjars.npm/wordwrap/jars/wordwrap-0.0.2.jar
7f9804fd0000-7f9804fd2000 r--s 00000000 103:02 25306602                  /home/kurt/.ivy2/cache/org.webjars.npm/right-align/jars/right-align-0.1.3.jar
7f9804fd2000-7f9804fd3000 r--s 00001000 103:02 25307921                  /home/kurt/.ivy2/cache/org.webjars.npm/lazy-cache/jars/lazy-cache-1.0.4.jar
7f9804fd3000-7f9804fd4000 r--s 00001000 103:02 25446724                  /home/kurt/.ivy2/cache/org.webjars.npm/repeat-string/jars/repeat-string-1.6.1.jar
7f9804fd4000-7f9804fd6000 r--s 00000000 103:02 25308419                  /home/kurt/.ivy2/cache/org.webjars.npm/longest/jars/longest-1.0.1.jar
7f9804fd6000-7f9804fd7000 r--s 00001000 103:02 25447578                  /home/kurt/.ivy2/cache/org.webjars.npm/is-buffer/jars/is-buffer-1.1.6.jar
7f9804fd7000-7f9804fd8000 r--s 00001000 103:02 25308417                  /home/kurt/.ivy2/cache/org.webjars.npm/kind-of/jars/kind-of-3.2.2.jar
7f9804fd8000-7f9804fd9000 r--s 00001000 103:02 25307488                  /home/kurt/.ivy2/cache/org.webjars.npm/align-text/jars/align-text-0.1.4.jar
7f9804fd9000-7f9804fda000 r--s 00001000 103:02 25306600                  /home/kurt/.ivy2/cache/org.webjars.npm/center-align/jars/center-align-0.1.3.jar
7f9804fda000-7f9804fdb000 r--s 00002000 103:02 25170712                  /home/kurt/.ivy2/cache/org.webjars.npm/cliui/jars/cliui-2.1.0.jar
7f9804fdb000-7f9804fdd000 r--s 00000000 103:02 25170710                  /home/kurt/.ivy2/cache/org.webjars.npm/camelcase/jars/camelcase-1.2.1.jar
7f9804fdd000-7f9804fdf000 r--s 00008000 103:02 25170708                  /home/kurt/.ivy2/cache/org.webjars.npm/yargs/jars/yargs-3.10.0.jar
7f9804fdf000-7f9804fe0000 r--s 00001000 103:02 25170706                  /home/kurt/.ivy2/cache/org.webjars.npm/uglify-to-browserify/jars/uglify-to-browserify-1.0.2.jar
7f9804fe0000-7f9804fe2000 r--s 00030000 103:02 25170704                  /home/kurt/.ivy2/cache/org.webjars.npm/source-map/jars/source-map-0.5.7.jar
7f9804fe2000-7f9804fe4000 r--s 00021000 103:02 25170698                  /home/kurt/.ivy2/cache/org.webjars.npm/uglify-js/jars/uglify-js-2.8.14.jar
7f9804fe4000-7f9804fec000 r--s 00045000 103:02 15603956                  /home/kurt/.ivy2/cache/scala_2.10/sbt_0.13/com.typesafe.sbt/sbt-web/jars/sbt-web-1.4.2.jar
7f9804fec000-7f9804fee000 r--s 00006000 103:02 15602433                  /home/kurt/.ivy2/cache/org.webjars/webjars-locator-core/jars/webjars-locator-core-0.32.jar
7f9804fee000-7f9805056000 r--s 00319000 103:02 15602450                  /home/kurt/.ivy2/cache/org.webjars/npm/jars/npm-4.2.0.jar
7f9805056000-7f9805057000 r--s 00001000 103:02 15604379                  /home/kurt/.ivy2/cache/com.typesafe/npm_2.10/jars/npm_2.10-1.2.1.jar
7f9805057000-7f980505c000 r--s 00043000 103:02 15602446                  /home/kurt/.ivy2/cache/io.spray/spray-json_2.10/bundles/spray-json_2.10-1.3.3.jar
7f980505c000-7f9805061000 r--s 000d1000 103:02 15602439                  /home/kurt/.ivy2/cache/io.apigee.trireme/trireme-node10src/jars/trireme-node10src-0.8.9.jar
7f9805061000-7f980506e000 r--s 00126000 103:02 25170702                  /home/kurt/.ivy2/cache/org.mozilla/rhino/jars/rhino-1.7.7.1.jar
7f980506e000-7f9805070000 r--s 00009000 103:02 12847769                  /home/kurt/.ivy2/cache/org.slf4j/slf4j-api/jars/slf4j-api-1.7.22.jar
7f9805070000-7f9805075000 r--s 0002b000 103:02 25170700                  /home/kurt/.ivy2/cache/io.apigee.trireme/trireme-kernel/jars/trireme-kernel-0.8.9.jar
7f9805075000-7f9805079000 r--s 00035000 103:02 15602438                  /home/kurt/.ivy2/cache/io.apigee.trireme/trireme-core/jars/trireme-core-0.8.9.jar
7f9805079000-7f9805087000 r--s 000c0000 103:02 15602449                  /home/kurt/.ivy2/cache/com.typesafe.akka/akka-persistence-experimental_2.10/jars/akka-persistence-experimental_2.10-2.3.16.jar
7f9805087000-7f9805098000 r--s 000f6000 103:02 15602448                  /home/kurt/.ivy2/cache/com.typesafe.akka/akka-cluster_2.10/jars/akka-cluster_2.10-2.3.16.jar
7f9805098000-7f98050ad000 r--s 0013a000 103:02 15602447                  /home/kurt/.ivy2/cache/com.typesafe.akka/akka-remote_2.10/jars/akka-remote_2.10-2.3.16.jar
7f98050ad000-7f98050bc000 r--s 000c0000 103:02 15602437                  /home/kurt/.ivy2/cache/com.typesafe.akka/akka-contrib_2.10/jars/akka-contrib_2.10-2.3.16.jar
7f98050bc000-7f98050e4000 r--s 00289000 103:02 15602432                  /home/kurt/.ivy2/cache/com.typesafe.akka/akka-actor_2.10/jars/akka-actor_2.10-2.3.16.jar
7f98050e4000-7f98050e7000 r--s 00023000 103:02 15604378                  /home/kurt/.ivy2/cache/com.typesafe/jse_2.10/jars/jse_2.10-1.2.3.jar
7f98050e7000-7f98052e7000 rw-p 00000000 00:00 0 
7f98052e7000-7f98052eb000 r--s 00021000 103:02 15604368                  /home/kurt/.ivy2/cache/scala_2.10/sbt_0.13/com.typesafe.sbt/sbt-js-engine/jars/sbt-js-engine-1.2.2.jar
7f98052eb000-7f98052ee000 r--s 00012000 103:02 25172611                  /home/kurt/.ivy2/cache/scala_2.10/sbt_0.13/com.typesafe.sbt/sbt-uglify/jars/sbt-uglify-2.0.0.jar
7f98052ee000-7f98052f0000 r--s 00008000 103:02 25170580                  /home/kurt/.ivy2/cache/scala_2.10/sbt_0.13/net.ground5hark.sbt/sbt-concat/jars/sbt-concat-0.1.9.jar
7f98052f0000-7f98052f1000 r--s 0001e000 103:02 15600501                  /home/kurt/.ivy2/cache/org.fusesource.leveldbjni/leveldbjni-win64/jars/leveldbjni-win64-1.5.jar
7f98052f1000-7f98052f2000 r--s 0001b000 103:02 15600499                  /home/kurt/.ivy2/cache/org.fusesource.leveldbjni/leveldbjni-win32/jars/leveldbjni-win32-1.5.jar
7f98052f2000-7f98052f3000 r--s 00044000 103:02 15600497                  /home/kurt/.ivy2/cache/org.fusesource.leveldbjni/leveldbjni-linux64/jars/leveldbjni-linux64-1.5.jar
7f98052f3000-7f98052f4000 r--s 00044000 103:02 15600495                  /home/kurt/.ivy2/cache/org.fusesource.leveldbjni/leveldbjni-linux32/jars/leveldbjni-linux32-1.5.jar
7f98052f4000-7f98052f5000 r--s 00028000 103:02 15600492                  /home/kurt/.ivy2/cache/org.fusesource.leveldbjni/leveldbjni-osx/jars/leveldbjni-osx-1.5.jar
7f98052f5000-7f98052f6000 r--s 00004000 103:02 15600503                  /home/kurt/.ivy2/cache/org.fusesource.hawtjni/hawtjni-runtime/jars/hawtjni-runtime-1.8.jar
7f98052f6000-7f98052f8000 r--s 0000c000 103:02 15600490                  /home/kurt/.ivy2/cache/org.fusesource.leveldbjni/leveldbjni/jars/leveldbjni-1.7.jar
7f98052f8000-7f98052fb000 r--s 000fa000 103:02 15600486                  /home/kurt/.ivy2/cache/org.fusesource.leveldbjni/leveldbjni-all/bundles/leveldbjni-all-1.7.jar
7f98052fb000-7f98052fe000 r--s 00006000 103:02 15599789                  /home/kurt/.ivy2/cache/com.google.code.findbugs/jsr305/jars/jsr305-1.3.9.jar
7f98052fe000-7f9805320000 r--s 00195000 103:02 12847510                  /home/kurt/.ivy2/cache/com.google.guava/guava/jars/guava-12.0.jar
7f9805320000-7f9805322000 r--s 00001000 103:02 15600488                  /home/kurt/.ivy2/cache/org.iq80.leveldb/leveldb-api/jars/leveldb-api-0.5.jar
7f9805322000-7f9805326000 r--s 00034000 103:02 15600484                  /home/kurt/.ivy2/cache/org.iq80.leveldb/leveldb/jars/leveldb-0.5.jar
7f9805326000-7f9805328000 r--s 0000a000 103:02 15600429                  /home/kurt/.ivy2/cache/org.uncommons.maths/uncommons-maths/jars/uncommons-maths-1.2.2a.jar
7f9805328000-7f9805330000 r--s 0007b000 103:02 15600427                  /home/kurt/.ivy2/cache/com.google.protobuf/protobuf-java/bundles/protobuf-java-2.5.0.jar
7f9805330000-7f980534e000 r--s 0010c000 103:02 15604730                  /home/kurt/.ivy2/cache/scala_2.10/sbt_0.13/com.typesafe.sbt/sbt-native-packager/jars/sbt-native-packager-1.1.5.jar
7f980534e000-7f9805350000 r--s 000a0000 103:02 15599769                  /home/kurt/.ivy2/cache/net.contentobjects.jnotify/jnotify/jars/jnotify-0.94-play-1.jar
7f9805350000-7f9805355000 r--s 00040000 103:02 12731082                  /home/kurt/.ivy2/cache/com.typesafe/config/bundles/config-1.3.1.jar
7f9805355000-7f9805359000 r--s 00022000 103:02 15604700                  /home/kurt/.ivy2/cache/com.typesafe.play/sbt-run-support_2.10/jars/sbt-run-support_2.10-2.5.19.jar
7f9805359000-7f980535d000 r--s 0002a000 103:02 12730988                  /home/kurt/.ivy2/cache/commons-io/commons-io/jars/commons-io-2.4.jar
7f980535d000-7f980536d000 r--s 00086000 103:02 15604699                  /home/kurt/.ivy2/cache/com.typesafe.play/sbt-routes-compiler_2.10/jars/sbt-routes-compiler_2.10-2.5.19.jar
7f980536d000-7f9805376000 r--s 00054000 103:02 15604249                  /home/kurt/.ivy2/cache/scala_2.10/sbt_0.13/com.typesafe.play/sbt-plugin/jars/sbt-plugin-2.5.19.jar
7f9805376000-7f9805395000 r--s 001d1000 103:02 15600511                  /home/kurt/.ivy2/cache/org.apache.ant/ant/jars/ant-1.9.6.jar
7f9805395000-7f980539c000 r--s 00056000 103:02 15599795                  /home/kurt/.ivy2/cache/org.apache.commons/commons-compress/jars/commons-compress-1.9.jar
7f980539c000-7f98053ae000 r--s 0011f000 103:02 12849222                  /home/kurt/.ivy2/cache/com.fasterxml.jackson.core/jackson-databind/bundles/jackson-databind-2.8.11.3.jar
7f98053ae000-7f98053bf000 r--s 0008a000 103:02 12847517                  /home/kurt/.ivy2/cache/joda-time/joda-time/jars/joda-time-2.9.9.jar
7f98053bf000-7f98053df000 r--s 00145000 103:02 17437358                  /home/kurt/.ivy2/cache/com.typesafe.play/play-json_2.10/jars/play-json_2.10-2.6.13.jar
7f98053df000-7f98055df000 rw-p 00000000 00:00 0 
7f98055df000-7f98057df000 rw-p 00000000 00:00 0 
7f98057df000-7f98057e1000 r--s 00000000 103:02 15604606                  /home/kurt/.ivy2/cache/com.typesafe.play/play-exceptions/jars/play-exceptions-2.5.19.jar
7f98057e1000-7f98057e2000 r--s 00000000 103:02 15604605                  /home/kurt/.ivy2/cache/com.typesafe.play/build-link/jars/build-link-2.5.19.jar
7f98057e2000-7f98057e6000 r--s 00020000 103:02 12851726                  /home/kurt/.ivy2/cache/org.joda/joda-convert/jars/joda-convert-2.1.2.jar
7f98057e6000-7f98057e8000 r--s 00014000 103:02 17440833                  /home/kurt/.ivy2/cache/com.fasterxml.jackson.datatype/jackson-datatype-jsr310/bundles/jackson-datatype-jsr310-2.8.11.jar
7f98057e8000-7f98057ea000 r--s 00007000 103:02 17438540                  /home/kurt/.ivy2/cache/com.fasterxml.jackson.datatype/jackson-datatype-jdk8/bundles/jackson-datatype-jdk8-2.8.11.jar
7f98057ea000-7f98057ee000 r--s 00042000 103:02 12848268                  /home/kurt/.ivy2/cache/com.fasterxml.jackson.core/jackson-core/bundles/jackson-core-2.8.11.jar
7f98057ee000-7f98057f7000 r--s 0005a000 103:02 17441022                  /home/kurt/.ivy2/cache/com.typesafe.play/play-functional_2.10/jars/play-functional_2.10-2.6.13.jar
7f98057f7000-7f9805810000 r--s 00123000 103:02 17435518                  /home/kurt/.ivy2/cache/io.netty/netty/bundles/netty-3.10.6.Final.jar
7f9805810000-7f980581d000 r--s 000a9000 103:02 17435474                  /home/kurt/.ivy2/cache/com.ning/async-http-client/jars/async-http-client-1.9.40.jar
7f980581d000-7f9805824000 r--s 0003e000 103:02 17435469                  /home/kurt/.ivy2/cache/net.databinder.dispatch/dispatch-core_2.10/jars/dispatch-core_2.10-0.11.4.jar
7f9805824000-7f9805875000 r--s 004c7000 103:02 15600715                  /home/kurt/.ivy2/cache/org.typelevel/cats-core_2.10/jars/cats-core_2.10-1.2.0.jar
7f9805875000-7f9805a75000 rw-p 00000000 00:00 0 
7f9805a75000-7f9805c75000 rw-p 00000000 00:00 0 
7f9805c75000-7f9805c78000 ---p 00000000 00:00 0 
7f9805c78000-7f9805d76000 rw-p 00000000 00:00 0 
7f9805d76000-7f9805d79000 ---p 00000000 00:00 0 
7f9805d79000-7f9806077000 rw-p 00000000 00:00 0 
7f9806077000-7f980608e000 r-xp 00000000 103:02 7209071                   /lib/x86_64-linux-gnu/libgcc_s.so.1
7f980608e000-7f980628d000 ---p 00017000 103:02 7209071                   /lib/x86_64-linux-gnu/libgcc_s.so.1
7f980628d000-7f980628e000 r--p 00016000 103:02 7209071                   /lib/x86_64-linux-gnu/libgcc_s.so.1
7f980628e000-7f980628f000 rw-p 00017000 103:02 7209071                   /lib/x86_64-linux-gnu/libgcc_s.so.1
7f980628f000-7f98062c1000 r-xp 00000000 103:02 16916835                  /usr/lib/jvm/java-8-oracle/jre/lib/amd64/libsunec.so
7f98062c1000-7f98064c0000 ---p 00032000 103:02 16916835                  /usr/lib/jvm/java-8-oracle/jre/lib/amd64/libsunec.so
7f98064c0000-7f98064c6000 rw-p 00031000 103:02 16916835                  /usr/lib/jvm/java-8-oracle/jre/lib/amd64/libsunec.so
7f98064c6000-7f98066d6000 rw-p 00000000 00:00 0 
7f98066d6000-7f98068d6000 rw-p 00000000 00:00 0 
7f98068d6000-7f98068ed000 r-xp 00000000 103:02 7209329                   /lib/x86_64-linux-gnu/libresolv-2.27.so
7f98068ed000-7f9806aed000 ---p 00017000 103:02 7209329                   /lib/x86_64-linux-gnu/libresolv-2.27.so
7f9806aed000-7f9806aee000 r--p 00017000 103:02 7209329                   /lib/x86_64-linux-gnu/libresolv-2.27.so
7f9806aee000-7f9806aef000 rw-p 00018000 103:02 7209329                   /lib/x86_64-linux-gnu/libresolv-2.27.so
7f9806aef000-7f9806af1000 rw-p 00000000 00:00 0 
7f9806af1000-7f9806af6000 r-xp 00000000 103:02 7209139                   /lib/x86_64-linux-gnu/libnss_dns-2.27.so
7f9806af6000-7f9806cf6000 ---p 00005000 103:02 7209139                   /lib/x86_64-linux-gnu/libnss_dns-2.27.so
7f9806cf6000-7f9806cf7000 r--p 00005000 103:02 7209139                   /lib/x86_64-linux-gnu/libnss_dns-2.27.so
7f9806cf7000-7f9806cf8000 rw-p 00006000 103:02 7209139                   /lib/x86_64-linux-gnu/libnss_dns-2.27.so
7f9806cf8000-7f9806cfa000 r-xp 00000000 103:02 7210900                   /lib/x86_64-linux-gnu/libnss_mdns4_minimal.so.2
7f9806cfa000-7f9806ef9000 ---p 00002000 103:02 7210900                   /lib/x86_64-linux-gnu/libnss_mdns4_minimal.so.2
7f9806ef9000-7f9806efa000 r--p 00001000 103:02 7210900                   /lib/x86_64-linux-gnu/libnss_mdns4_minimal.so.2
7f9806efa000-7f9806efb000 rw-p 00002000 103:02 7210900                   /lib/x86_64-linux-gnu/libnss_mdns4_minimal.so.2
7f9806efb000-7f9806efe000 ---p 00000000 00:00 0 
7f9806efe000-7f98071fc000 rw-p 00000000 00:00 0 
7f98071fc000-7f98071ff000 ---p 00000000 00:00 0 
7f98071ff000-7f98072fd000 rw-p 00000000 00:00 0 
7f98072fd000-7f9807300000 ---p 00000000 00:00 0 
7f9807300000-7f98073fe000 rw-p 00000000 00:00 0 
7f98073fe000-7f9807401000 ---p 00000000 00:00 0 
7f9807401000-7f98074ff000 rw-p 00000000 00:00 0 
7f98074ff000-7f9807502000 ---p 00000000 00:00 0 
7f9807502000-7f9807800000 rw-p 00000000 00:00 0 
7f9807800000-7f9807a00000 rw-p 00000000 00:00 0 
7f9807a00000-7f9807c00000 rw-p 00000000 00:00 0 
7f9807c00000-7f9807e00000 rw-p 00000000 00:00 0 
7f9807e00000-7f9807ff6000 rw-p 00000000 00:00 0 
7f9807ff6000-7f9808000000 ---p 00000000 00:00 0 
7f9808000000-7f9808021000 rw-p 00000000 00:00 0 
7f9808021000-7f980c000000 ---p 00000000 00:00 0 
7f980c000000-7f980c021000 rw-p 00000000 00:00 0 
7f980c021000-7f9810000000 ---p 00000000 00:00 0 
7f9810000000-7f98122bd000 rw-p 00000000 00:00 0 
7f98122bd000-7f9814000000 ---p 00000000 00:00 0 
7f9814000000-7f98153ad000 rw-p 00000000 00:00 0 
7f98153ad000-7f9818000000 ---p 00000000 00:00 0 
7f9818000000-7f9818021000 rw-p 00000000 00:00 0 
7f9818021000-7f981c000000 ---p 00000000 00:00 0 
7f981c000000-7f981db8c000 rw-p 00000000 00:00 0 
7f981db8c000-7f9820000000 ---p 00000000 00:00 0 
7f9820000000-7f9820021000 rw-p 00000000 00:00 0 
7f9820021000-7f9824000000 ---p 00000000 00:00 0 
7f9824000000-7f9824021000 rw-p 00000000 00:00 0 
7f9824021000-7f9828000000 ---p 00000000 00:00 0 
7f9828000000-7f9828105000 rw-p 00000000 00:00 0 
7f9828105000-7f982c000000 ---p 00000000 00:00 0 
7f982c000000-7f982c003000 r--s 0000b000 103:02 12848269                  /home/kurt/.ivy2/cache/com.fasterxml.jackson.core/jackson-annotations/bundles/jackson-annotations-2.8.11.jar
7f982c003000-7f982c006000 r--s 00016000 103:02 15602755                  /home/kurt/.ivy2/cache/scala_2.10/sbt_0.13/uk.gov.hmrc/sbt-artifactory/jars/sbt-artifactory-0.17.0.jar
7f982c006000-7f982c00c000 r--s 00033000 103:02 12847515                  /home/kurt/.ivy2/cache/commons-codec/commons-codec/jars/commons-codec-1.6.jar
7f982c00c000-7f982c013000 r--s 0003f000 103:02 12847513                  /home/kurt/.ivy2/cache/org.apache.httpcomponents/httpcore/jars/httpcore-4.3.3.jar
7f982c013000-7f982c01f000 r--s 00085000 103:02 12847512                  /home/kurt/.ivy2/cache/org.apache.httpcomponents/httpclient/jars/httpclient-4.3.6.jar
7f982c01f000-7f982c023000 r--s 00025000 103:02 17435467                  /home/kurt/.ivy2/cache/com.googlecode.javaewah/JavaEWAH/bundles/JavaEWAH-1.1.6.jar
7f982c023000-7f982c028000 r--s 00040000 103:02 12730990                  /home/kurt/.ivy2/cache/com.jcraft/jsch/jars/jsch-0.1.54.jar
7f982c028000-7f982c04f000 r--s 00257000 103:02 15600723                  /home/kurt/.ivy2/cache/org.eclipse.jgit/org.eclipse.jgit/jars/org.eclipse.jgit-4.9.0.201710071750-r.jar
7f982c04f000-7f982c052000 ---p 00000000 00:00 0 
7f982c052000-7f982c350000 rw-p 00000000 00:00 0 
7f982c350000-7f982c550000 rw-p 00000000 00:00 0 
7f982c550000-7f983c000000 rw-p 00000000 00:00 0 
7f983c000000-7f983c048000 rw-p 00000000 00:00 0 
7f983c048000-7f9840000000 ---p 00000000 00:00 0 
7f9840000000-7f9840021000 rw-p 00000000 00:00 0 
7f9840021000-7f9844000000 ---p 00000000 00:00 0 
7f9844000000-7f98442a3000 rw-p 00000000 00:00 0 
7f98442a3000-7f9848000000 ---p 00000000 00:00 0 
7f9848000000-7f9848001000 r--s 00004000 103:02 15600513                  /home/kurt/.ivy2/cache/org.apache.ant/ant-launcher/jars/ant-launcher-1.9.6.jar
7f9848001000-7f9848003000 r--s 0000e000 103:02 12847514                  /home/kurt/.ivy2/cache/commons-logging/commons-logging/jars/commons-logging-1.1.3.jar
7f9848003000-7f9848007000 r--s 0001d000 103:02 15600708                  /home/kurt/.ivy2/cache/scala_2.10/sbt_0.13/com.typesafe.sbt/sbt-git/jars/sbt-git-1.0.0.jar
7f9848007000-7f9848024000 r--s 002b7000 103:02 15600719                  /home/kurt/.ivy2/cache/org.typelevel/cats-kernel_2.10/jars/cats-kernel_2.10-1.2.0.jar
7f9848024000-7f9848028000 r--s 00022000 103:02 15600710                  /home/kurt/.ivy2/cache/com.github.scopt/scopt_2.10/jars/scopt_2.10-3.7.0.jar
7f9848028000-7f984802f000 r--s 0004f000 103:02 15600700                  /home/kurt/.ivy2/cache/org.osgi/org.osgi.core/jars/org.osgi.core-4.3.1.jar
7f984802f000-7f984807c000 r--s 0037e000 103:02 13108351                  /home/kurt/.ivy2/cache/com.chuusai/shapeless_2.10/bundles/shapeless_2.10-2.3.3.jar
7f984807c000-7f984807f000 r--s 0001a000 103:02 16916597                  /usr/lib/jvm/java-8-oracle/jre/lib/jce.jar
7f984807f000-7f9848080000 r--s 00007000 103:02 15604617                  /home/kurt/.ivy2/cache/scala_2.10/sbt_0.13/uk.gov.hmrc/sbt-distributables/jars/sbt-distributables-1.3.0.jar
7f9848080000-7f9848081000 r--s 00007000 103:02 15600721                  /home/kurt/.ivy2/cache/org.typelevel/machinist_2.10/jars/machinist_2.10-0.6.4.jar
7f9848081000-7f9848082000 r--s 00001000 103:02 15600717                  /home/kurt/.ivy2/cache/org.typelevel/cats-macros_2.10/jars/cats-macros_2.10-1.2.0.jar
7f9848082000-7f9848083000 r--s 00006000 103:02 15600702                  /home/kurt/.ivy2/cache/uk.gov.hmrc/release-versioning_2.10/jars/release-versioning_2.10-0.11.0.jar
7f9848083000-7f9848084000 r--s 00003000 103:02 15604616                  /home/kurt/.ivy2/cache/scala_2.10/sbt_0.13/uk.gov.hmrc/sbt-git-versioning/jars/sbt-git-versioning-1.16.0.jar
7f9848084000-7f9848086000 r--s 00004000 103:02 15600668                  /home/kurt/.ivy2/cache/org.eclipse.jgit/org.eclipse.jgit.archive/jars/org.eclipse.jgit.archive-3.7.0.201502260915-r.jar
7f9848086000-7f9848088000 r--s 0000a000 103:02 15600661                  /home/kurt/.ivy2/cache/args4j/args4j/jars/args4j-2.0.12.jar
7f9848088000-7f984808c000 r--s 0002d000 103:02 15600523                  /home/kurt/.ivy2/cache/org.eclipse.jgit/org.eclipse.jgit.pgm/jars/org.eclipse.jgit.pgm-3.7.0.201502260915-r.jar
7f984808c000-7f984808e000 r--s 0000d000 103:02 15600566                  /home/kurt/.ivy2/cache/scala_2.10/sbt_0.13/com.eed3si9n/sbt-buildinfo/jars/sbt-buildinfo-0.3.2.jar
7f984808e000-7f9848092000 r--s 0002c000 103:02 15600657                  /home/kurt/.ivy2/cache/com.github.nscala-time/nscala-time_2.10/jars/nscala-time_2.10-2.2.0.jar
7f9848092000-7f9848094000 r--s 00003000 103:02 15600564                  /home/kurt/.ivy2/cache/scala_2.10/sbt_0.13/uk.gov.hmrc/sbt-git-stamp/jars/sbt-git-stamp-5.3.0.jar
7f9848094000-7f9848096000 r--s 0000a000 103:02 15600521                  /home/kurt/.ivy2/cache/scala_2.10/sbt_0.13/uk.gov.hmrc/sbt-settings/jars/sbt-settings-3.8.0.jar
7f9848096000-7f984809e000 r--s 00041000 103:02 15599785                  /home/kurt/.ivy2/cache/com.typesafe.play/twirl-parser_2.10/jars/twirl-parser_2.10-1.1.1.jar
7f984809e000-7f98480a3000 r--s 0003e000 103:02 16916740                  /usr/lib/jvm/java-8-oracle/jre/lib/ext/sunjce_provider.jar
7f98480a3000-7f98480a6000 r--s 00017000 103:02 15600519                  /home/kurt/.ivy2/cache/scala_2.10/sbt_0.13/de.heikoseeberger/sbt-header/jars/sbt-header-1.8.0.jar
7f98480a6000-7f98480ad000 r--s 00064000 103:02 12847509                  /home/kurt/.ivy2/cache/org.apache.commons/commons-lang3/jars/commons-lang3-3.4.jar
7f98480ad000-7f98480af000 r--s 0000d000 103:02 15599777                  /home/kurt/.ivy2/cache/com.typesafe.play/twirl-api_2.10/jars/twirl-api_2.10-1.1.1.jar
7f98480af000-7f98480b2000 r--s 00019000 103:02 15599781                  /home/kurt/.ivy2/cache/com.typesafe.play/twirl-compiler_2.10/jars/twirl-compiler_2.10-1.1.1.jar
7f98480b2000-7f98480b5000 r--s 00011000 103:02 15599771                  /home/kurt/.ivy2/cache/scala_2.10/sbt_0.13/com.typesafe.sbt/sbt-twirl/jars/sbt-twirl-1.1.1.jar
7f98480b5000-7f98480c0000 r--s 00067000 103:02 12730614                  /home/kurt/.ivy2/cache/com.github.mdr/ascii-graphs_2.10/jars/ascii-graphs_2.10-0.0.3.jar
7f98480c0000-7f98480c8000 r--s 00042000 103:02 12733052                  /home/kurt/.ivy2/cache/scala_2.10/sbt_0.13/net.virtual-void/sbt-dependency-graph/jars/sbt-dependency-graph-0.9.2.jar
7f98480c8000-7f98480ca000 r--s 00009000 103:02 16916730                  /usr/lib/jvm/java-8-oracle/jre/lib/ext/sunec.jar
7f98480ca000-7f98480cb000 r--s 00006000 103:02 15600698                  /home/kurt/.ivy2/cache/org.eclipse.jgit/org.eclipse.jgit.ui/jars/org.eclipse.jgit.ui-3.7.0.201502260915-r.jar
7f98480cb000-7f98480cd000 r--s 0000b000 103:02 15604615                  /home/kurt/.ivy2/cache/scala_2.10/sbt_0.13/uk.gov.hmrc/sbt-auto-build/jars/sbt-auto-build-1.14.0.jar
7f98480cd000-7f98480d0000 r--s 0000e000 103:02 12728405                  /home/kurt/.ivy2/cache/scala_2.10/sbt_0.13/com.dwijnand/sbt-compat/jars/sbt-compat-1.2.6.jar
7f98480d0000-7f98480dc000 r--s 000a4000 103:02 12731023                  /home/kurt/.ivy2/cache/org.scalamacros/quasiquotes_2.10/jars/quasiquotes_2.10-2.1.1.jar
7f98480dc000-7f98480df000 r--s 00024000 103:02 17435523                  /home/kurt/.ivy2/cache/org.typelevel/macro-compat_2.10/jars/macro-compat_2.10-1.1.1.jar
7f98480df000-7f98480e3000 r--s 00029000 103:02 29631625                  /home/kurt/.ivy2/cache/io.circe/circe-generic_2.10/jars/circe-generic_2.10-0.9.3.jar
7f98480e3000-7f9848100000 r--s 002b7000 103:02 15603942                  /home/kurt/.ivy2/cache/org.typelevel/cats-kernel_2.10/jars/cats-kernel_2.10-1.0.1.jar
7f9848100000-7f984814a000 r--s 00461000 103:02 15603927                  /home/kurt/.ivy2/cache/org.typelevel/cats-core_2.10/jars/cats-core_2.10-1.0.1.jar
7f984814a000-7f9848157000 r--s 000d9000 103:02 29502301                  /home/kurt/.ivy2/cache/io.circe/circe-core_2.10/jars/circe-core_2.10-0.9.3.jar
7f9848157000-7f9848160000 r--s 00060000 103:02 3421058                   /home/kurt/.ivy2/cache/ch.epfl.scala/bloop-config_2.10/jars/bloop-config_2.10-1.2.5.jar
7f9848160000-7f9848163000 r--s 0003a000 103:02 16916737                  /usr/lib/jvm/java-8-oracle/jre/lib/ext/sunpkcs11.jar
7f9848163000-7f9848164000 r--s 00006000 103:02 13112987                  /home/kurt/.ivy2/cache/scala_2.10/sbt_0.13/org.scalameta/sbt-metals/jars/sbt-metals-0.4.4.jar
7f9848164000-7f9848166000 r--s 00013000 103:02 12731022                  /home/kurt/.ivy2/cache/org.spire-math/jawn-parser_2.10/jars/jawn-parser_2.10-0.11.1.jar
7f9848166000-7f9848167000 r--s 00007000 103:02 15603954                  /home/kurt/.ivy2/cache/org.typelevel/machinist_2.10/jars/machinist_2.10-0.6.2.jar
7f9848167000-7f984816d000 r--s 00032000 103:02 13112986                  /home/kurt/.ivy2/cache/scala_2.10/sbt_0.13/ch.epfl.scala/sbt-bloop/jars/sbt-bloop-1.2.5.jar
7f984816d000-7f984836d000 rw-p 00000000 00:00 0 
7f984836d000-7f9848380000 r--s 00345000 103:02 16916590                  /usr/lib/jvm/java-8-oracle/jre/lib/resources.jar
7f9848380000-7f9848580000 rw-p 00000000 00:00 0 
7f9848580000-7f9848780000 rw-p 00000000 00:00 0 
7f9848780000-7f9848980000 rw-p 00000000 00:00 0 
7f9848980000-7f9848b80000 rw-p 00000000 00:00 0 
7f9848b80000-7f9848bfa000 r--s 010f7000 103:02 16911737                  /usr/lib/jvm/java-8-oracle/lib/tools.jar
7f9848bfa000-7f9848dfa000 rw-p 00000000 00:00 0 
7f9848dfa000-7f9848ffa000 rw-p 00000000 00:00 0 
7f9848ffa000-7f9848fff000 r--s 0009a000 103:02 16916591                  /usr/lib/jvm/java-8-oracle/jre/lib/jsse.jar
7f9848fff000-7f984c000000 rw-p 00000000 00:00 0 
7f984c000000-7f984c021000 rw-p 00000000 00:00 0 
7f984c021000-7f9850000000 ---p 00000000 00:00 0 
7f9850000000-7f9850001000 r--s 00001000 103:02 15603928                  /home/kurt/.ivy2/cache/org.typelevel/cats-macros_2.10/jars/cats-macros_2.10-1.0.1.jar
7f9850001000-7f9850002000 r--s 00003000 103:02 29631629                  /home/kurt/.ivy2/cache/io.circe/circe-numbers_2.10/jars/circe-numbers_2.10-0.9.3.jar
7f9850002000-7f9850003000 r--s 00002000 103:02 29631627                  /home/kurt/.ivy2/cache/io.circe/circe-jawn_2.10/jars/circe-jawn_2.10-0.9.3.jar
7f9850003000-7f9850004000 r--s 00000000 103:02 29502299                  /home/kurt/.ivy2/cache/io.circe/circe-parser_2.10/jars/circe-parser_2.10-0.9.3.jar
7f9850004000-7f9850005000 r--p 00000000 103:02 14559753                  /usr/share/locale-langpack/en_GB/LC_MESSAGES/libc.mo
7f9850005000-7f9850007000 r--s 0000b000 103:02 19929265                  /home/kurt/.sbt/boot/scala-2.10.7/org.scala-sbt/sbt/0.13.17/xsbti/interface-0.13.17.jar
7f9850007000-7f9850008000 r--s 00002000 103:02 19794711                  /home/kurt/.sbt/boot/scala-2.10.7/org.scala-sbt/sbt/0.13.17/launcher-interface-1.0.1.jar
7f9850008000-7f985000a000 r--s 00004000 103:02 19794724                  /home/kurt/.sbt/boot/scala-2.10.7/org.scala-sbt/sbt/0.13.17/compiler-ivy-integration-0.13.17.jar
7f985000a000-7f985000e000 r--s 0003b000 103:02 19794725                  /home/kurt/.sbt/boot/scala-2.10.7/org.scala-sbt/sbt/0.13.17/jsch-0.1.50.jar
7f985000e000-7f9850010000 r--s 00006000 103:02 19794740                  /home/kurt/.sbt/boot/scala-2.10.7/org.scala-sbt/sbt/0.13.17/relation-0.13.17.jar
7f9850010000-7f9850210000 rw-p 00000000 00:00 0 
7f9850210000-7f985021b000 r--s 0009b000 103:02 19794708                  /home/kurt/.sbt/boot/scala-2.10.7/org.scala-sbt/sbt/0.13.17/main-settings-0.13.17.jar
7f985021b000-7f985021e000 r--s 0001a000 103:02 19794749                  /home/kurt/.sbt/boot/scala-2.10.7/org.scala-sbt/sbt/0.13.17/cache-0.13.17.jar
7f985021e000-7f9850223000 r--s 00039000 103:02 19794738                  /home/kurt/.sbt/boot/scala-2.10.7/org.scala-sbt/sbt/0.13.17/command-0.13.17.jar
7f9850223000-7f9850226000 r--s 0001e000 103:02 19794706                  /home/kurt/.sbt/boot/scala-2.10.7/org.scala-sbt/sbt/0.13.17/run-0.13.17.jar
7f9850226000-7f985022a000 r--s 0003e000 103:02 19794720                  /home/kurt/.sbt/boot/scala-2.10.7/org.scala-sbt/sbt/0.13.17/jline-2.14.5.jar
7f985022a000-7f9850230000 r--s 00039000 103:02 19794726                  /home/kurt/.sbt/boot/scala-2.10.7/org.scala-sbt/sbt/0.13.17/compile-0.13.17.jar
7f9850230000-7f9850233000 r--s 00017000 103:02 19794718                  /home/kurt/.sbt/boot/scala-2.10.7/org.scala-sbt/sbt/0.13.17/testing-0.13.17.jar
7f9850233000-7f9850264000 r--s 00273000 103:02 19794739                  /home/kurt/.sbt/boot/scala-2.10.7/org.scala-sbt/sbt/0.13.17/main-0.13.17.jar
7f9850264000-7f985026b000 r--s 0004b000 103:02 19794729                  /home/kurt/.sbt/boot/scala-2.10.7/org.scala-sbt/sbt/0.13.17/serialization_2.10-0.1.2.jar
7f985026b000-7f985026d000 r--s 00007000 103:02 19794743                  /home/kurt/.sbt/boot/scala-2.10.7/org.scala-sbt/sbt/0.13.17/paranamer-2.6.jar
7f985026d000-7f985027b000 r--s 000bc000 103:02 19794713                  /home/kurt/.sbt/boot/scala-2.10.7/org.scala-sbt/sbt/0.13.17/scala-pickling_2.10-0.10.1.jar
7f985027b000-7f985027c000 r--s 0000c000 103:02 19794710                  /home/kurt/.sbt/boot/scala-2.10.7/org.scala-sbt/sbt/0.13.17/sbt-0.13.17.jar
7f985027c000-7f985027d000 r--s 00000000 103:02 19794730                  /home/kurt/.sbt/boot/scala-2.10.7/org.scala-sbt/sbt/0.13.17/template-resolver-0.1.jar
7f985027d000-7f985027f000 r--s 00002000 103:02 19794744                  /home/kurt/.sbt/boot/scala-2.10.7/org.scala-sbt/sbt/0.13.17/test-interface-1.0.jar
7f985027f000-7f9850283000 r--s 0001c000 103:02 19794747                  /home/kurt/.sbt/boot/scala-2.10.7/org.scala-sbt/sbt/0.13.17/compiler-integration-0.13.17.jar
7f9850283000-7f9850287000 r--s 0001b000 103:02 19794735                  /home/kurt/.sbt/boot/scala-2.10.7/org.scala-sbt/sbt/0.13.17/process-0.13.17.jar
7f9850287000-7f985028e000 r--s 0003f000 103:02 19794746                  /home/kurt/.sbt/boot/scala-2.10.7/org.scala-sbt/sbt/0.13.17/io-0.13.17.jar
7f985028e000-7f9850290000 r--s 0000b000 103:02 19794712                  /home/kurt/.sbt/boot/scala-2.10.7/org.scala-sbt/sbt/0.13.17/tracking-0.13.17.jar
7f9850290000-7f98502c5000 r--s 002df000 103:02 19794733                  /home/kurt/.sbt/boot/scala-2.10.7/org.scala-sbt/sbt/0.13.17/scala-reflect-2.10.7.jar
7f98502c5000-7f98502da000 r--s 00101000 103:02 19794716                  /home/kurt/.sbt/boot/scala-2.10.7/org.scala-sbt/sbt/0.13.17/ivy-2.3.0-sbt-b18f59ea3bc914a297bb6f1a4f7fb0ace399e310.jar
7f98502da000-7f98502dc000 r--s 00014000 103:02 19794741                  /home/kurt/.sbt/boot/scala-2.10.7/org.scala-sbt/sbt/0.13.17/apply-macro-0.13.17.jar
7f98502dc000-7f98502e1000 r--s 00025000 103:02 19794722                  /home/kurt/.sbt/boot/scala-2.10.7/org.scala-sbt/sbt/0.13.17/persist-0.13.17.jar
7f98502e1000-7f98502e5000 r--s 00022000 103:02 19794728                  /home/kurt/.sbt/boot/scala-2.10.7/org.scala-sbt/sbt/0.13.17/sbinary_2.10-0.4.2.jar
7f98502e5000-7f98502e7000 r--s 00015000 103:02 19794727                  /home/kurt/.sbt/boot/scala-2.10.7/org.scala-sbt/sbt/0.13.17/classfile-0.13.17.jar
7f98502e7000-7f98502eb000 r--s 0001d000 103:02 19794742                  /home/kurt/.sbt/boot/scala-2.10.7/org.scala-sbt/sbt/0.13.17/tasks-0.13.17.jar
7f98502eb000-7f98502f1000 r--s 00038000 103:02 19794745                  /home/kurt/.sbt/boot/scala-2.10.7/org.scala-sbt/sbt/0.13.17/compiler-interface-0.13.17.jar
7f98502f1000-7f98502fb000 r--s 00085000 103:02 19794752                  /home/kurt/.sbt/boot/scala-2.10.7/org.scala-sbt/sbt/0.13.17/json4s-core_2.10-3.2.10.jar
7f98502fb000-7f985031e000 r--s 001bc000 103:02 19794750                  /home/kurt/.sbt/boot/scala-2.10.7/org.scala-sbt/sbt/0.13.17/ivy-0.13.17.jar
7f985031e000-7f985041d000 r--s 00cda000 103:02 19930318                  /home/kurt/.sbt/boot/scala-2.10.7/lib/scala-compiler.jar
7f985041d000-7f9850490000 r--s 0065b000 103:02 19930320                  /home/kurt/.sbt/boot/scala-2.10.7/lib/scala-library.jar
7f9850490000-7f98504a1000 r-xp 00000000 103:02 16916886                  /usr/lib/jvm/java-8-oracle/jre/lib/amd64/libnio.so
7f98504a1000-7f98506a0000 ---p 00011000 103:02 16916886                  /usr/lib/jvm/java-8-oracle/jre/lib/amd64/libnio.so
7f98506a0000-7f98506a1000 rw-p 00010000 103:02 16916886                  /usr/lib/jvm/java-8-oracle/jre/lib/amd64/libnio.so
7f98506a1000-7f98506b8000 r-xp 00000000 103:02 16916883                  /usr/lib/jvm/java-8-oracle/jre/lib/amd64/libnet.so
7f98506b8000-7f98508b7000 ---p 00017000 103:02 16916883                  /usr/lib/jvm/java-8-oracle/jre/lib/amd64/libnet.so
7f98508b7000-7f98508b8000 rw-p 00016000 103:02 16916883                  /usr/lib/jvm/java-8-oracle/jre/lib/amd64/libnet.so
7f98508b8000-7f98508b9000 ---p 00000000 00:00 0 
7f98508b9000-7f98509b9000 rw-p 00000000 00:00 0 
7f98509b9000-7f98509bc000 ---p 00000000 00:00 0 
7f98509bc000-7f9850aba000 rw-p 00000000 00:00 0 
7f9850aba000-7f9850abb000 ---p 00000000 00:00 0 
7f9850abb000-7f9850abe000 ---p 00000000 00:00 0 
7f9850abe000-7f9850bbb000 rw-p 00000000 00:00 0 
7f9850bbb000-7f9850bbc000 ---p 00000000 00:00 0 
7f9850bbc000-7f9850bbf000 ---p 00000000 00:00 0 
7f9850bbf000-7f9850cbc000 rw-p 00000000 00:00 0 
7f9850cbc000-7f9850cbd000 ---p 00000000 00:00 0 
7f9850cbd000-7f9850cc0000 ---p 00000000 00:00 0 
7f9850cc0000-7f9850dbd000 rw-p 00000000 00:00 0 
7f9850dbd000-7f9850dc0000 ---p 00000000 00:00 0 
7f9850dc0000-7f9850ebe000 rw-p 00000000 00:00 0 
7f9850ebe000-7f985119c000 r--p 00000000 103:02 12714130                  /usr/lib/locale/locale-archive
7f985119c000-7f985119f000 ---p 00000000 00:00 0 
7f985119f000-7f985129d000 rw-p 00000000 00:00 0 
7f985129d000-7f98512a0000 ---p 00000000 00:00 0 
7f98512a0000-7f985139e000 rw-p 00000000 00:00 0 
7f985139e000-7f985139f000 ---p 00000000 00:00 0 
7f985139f000-7f98523fd000 rw-p 00000000 00:00 0 
7f98523fd000-7f98525d6000 r--s 03d5a000 103:02 16916586                  /usr/lib/jvm/java-8-oracle/jre/lib/rt.jar
7f98525d6000-7f9853e52000 rw-p 00000000 00:00 0 
7f9853e52000-7f9853e53000 ---p 00000000 00:00 0 
7f9853e53000-7f9853f53000 rw-p 00000000 00:00 0 
7f9853f53000-7f9853f54000 ---p 00000000 00:00 0 
7f9853f54000-7f9854155000 rw-p 00000000 00:00 0 
7f9854155000-7f9854ac6000 ---p 00000000 00:00 0 
7f9854ac6000-7f9854db1000 rw-p 00000000 00:00 0 
7f9854db1000-7f9854fff000 ---p 00000000 00:00 0 
7f9854fff000-7f9855000000 rw-p 00000000 00:00 0 
7f9855000000-7f9857e20000 rwxp 00000000 00:00 0 
7f9857e20000-7f9864000000 ---p 00000000 00:00 0 
7f9864000000-7f98666ce000 rw-p 00000000 00:00 0 
7f98666ce000-7f9868000000 ---p 00000000 00:00 0 
7f9868000000-7f9868002000 r--s 00013000 103:02 19794731                  /home/kurt/.sbt/boot/scala-2.10.7/org.scala-sbt/sbt/0.13.17/json4s-ast_2.10-3.2.10.jar
7f9868002000-7f9868003000 r--s 00002000 103:02 19794719                  /home/kurt/.sbt/boot/scala-2.10.7/org.scala-sbt/sbt/0.13.17/cross-0.13.17.jar
7f9868003000-7f986800c000 r--s 0006f000 103:02 19794734                  /home/kurt/.sbt/boot/scala-2.10.7/org.scala-sbt/sbt/0.13.17/actions-0.13.17.jar
7f986800c000-7f9868018000 r--s 000a4000 103:02 19794737                  /home/kurt/.sbt/boot/scala-2.10.7/org.scala-sbt/sbt/0.13.17/quasiquotes_2.10-2.0.1.jar
7f9868018000-7f986804d000 r--s 002df000 103:02 19930317                  /home/kurt/.sbt/boot/scala-2.10.7/lib/scala-reflect.jar
7f986804d000-7f986804e000 ---p 00000000 00:00 0 
7f986804e000-7f986814e000 rw-p 00000000 00:00 0 
7f986814e000-7f986814f000 ---p 00000000 00:00 0 
7f986814f000-7f9868350000 rw-p 00000000 00:00 0 
7f9868350000-7f9868cc1000 ---p 00000000 00:00 0 
7f9868cc1000-7f9868d7a000 rw-p 00000000 00:00 0 
7f9868d7a000-7f9869081000 ---p 00000000 00:00 0 
7f9869081000-7f986909c000 r-xp 00000000 103:02 16916879                  /usr/lib/jvm/java-8-oracle/jre/lib/amd64/libzip.so
7f986909c000-7f986929c000 ---p 0001b000 103:02 16916879                  /usr/lib/jvm/java-8-oracle/jre/lib/amd64/libzip.so
7f986929c000-7f986929d000 rw-p 0001b000 103:02 16916879                  /usr/lib/jvm/java-8-oracle/jre/lib/amd64/libzip.so
7f986929d000-7f98692a8000 r-xp 00000000 103:02 7209140                   /lib/x86_64-linux-gnu/libnss_files-2.27.so
7f98692a8000-7f98694a7000 ---p 0000b000 103:02 7209140                   /lib/x86_64-linux-gnu/libnss_files-2.27.so
7f98694a7000-7f98694a8000 r--p 0000a000 103:02 7209140                   /lib/x86_64-linux-gnu/libnss_files-2.27.so
7f98694a8000-7f98694a9000 rw-p 0000b000 103:02 7209140                   /lib/x86_64-linux-gnu/libnss_files-2.27.so
7f98694a9000-7f98694af000 rw-p 00000000 00:00 0 
7f98694af000-7f98694c6000 r-xp 00000000 103:02 7209051                   /lib/x86_64-linux-gnu/libnsl-2.27.so
7f98694c6000-7f98696c5000 ---p 00017000 103:02 7209051                   /lib/x86_64-linux-gnu/libnsl-2.27.so
7f98696c5000-7f98696c6000 r--p 00016000 103:02 7209051                   /lib/x86_64-linux-gnu/libnsl-2.27.so
7f98696c6000-7f98696c7000 rw-p 00017000 103:02 7209051                   /lib/x86_64-linux-gnu/libnsl-2.27.so
7f98696c7000-7f98696c9000 rw-p 00000000 00:00 0 
7f98696c9000-7f98696d4000 r-xp 00000000 103:02 7209216                   /lib/x86_64-linux-gnu/libnss_nis-2.27.so
7f98696d4000-7f98698d3000 ---p 0000b000 103:02 7209216                   /lib/x86_64-linux-gnu/libnss_nis-2.27.so
7f98698d3000-7f98698d4000 r--p 0000a000 103:02 7209216                   /lib/x86_64-linux-gnu/libnss_nis-2.27.so
7f98698d4000-7f98698d5000 rw-p 0000b000 103:02 7209216                   /lib/x86_64-linux-gnu/libnss_nis-2.27.so
7f98698d5000-7f98698dd000 r-xp 00000000 103:02 7209128                   /lib/x86_64-linux-gnu/libnss_compat-2.27.so
7f98698dd000-7f9869add000 ---p 00008000 103:02 7209128                   /lib/x86_64-linux-gnu/libnss_compat-2.27.so
7f9869add000-7f9869ade000 r--p 00008000 103:02 7209128                   /lib/x86_64-linux-gnu/libnss_compat-2.27.so
7f9869ade000-7f9869adf000 rw-p 00009000 103:02 7209128                   /lib/x86_64-linux-gnu/libnss_compat-2.27.so
7f9869adf000-7f9869b0a000 r-xp 00000000 103:02 16916873                  /usr/lib/jvm/java-8-oracle/jre/lib/amd64/libjava.so
7f9869b0a000-7f9869d09000 ---p 0002b000 103:02 16916873                  /usr/lib/jvm/java-8-oracle/jre/lib/amd64/libjava.so
7f9869d09000-7f9869d0b000 rw-p 0002a000 103:02 16916873                  /usr/lib/jvm/java-8-oracle/jre/lib/amd64/libjava.so
7f9869d0b000-7f9869d18000 r-xp 00000000 103:02 16916878                  /usr/lib/jvm/java-8-oracle/jre/lib/amd64/libverify.so
7f9869d18000-7f9869f18000 ---p 0000d000 103:02 16916878                  /usr/lib/jvm/java-8-oracle/jre/lib/amd64/libverify.so
7f9869f18000-7f9869f1a000 rw-p 0000d000 103:02 16916878                  /usr/lib/jvm/java-8-oracle/jre/lib/amd64/libverify.so
7f9869f1a000-7f9869f21000 r-xp 00000000 103:02 7209452                   /lib/x86_64-linux-gnu/librt-2.27.so
7f9869f21000-7f986a120000 ---p 00007000 103:02 7209452                   /lib/x86_64-linux-gnu/librt-2.27.so
7f986a120000-7f986a121000 r--p 00006000 103:02 7209452                   /lib/x86_64-linux-gnu/librt-2.27.so
7f986a121000-7f986a122000 rw-p 00007000 103:02 7209452                   /lib/x86_64-linux-gnu/librt-2.27.so
7f986a122000-7f986a2bf000 r-xp 00000000 103:02 7209038                   /lib/x86_64-linux-gnu/libm-2.27.so
7f986a2bf000-7f986a4be000 ---p 0019d000 103:02 7209038                   /lib/x86_64-linux-gnu/libm-2.27.so
7f986a4be000-7f986a4bf000 r--p 0019c000 103:02 7209038                   /lib/x86_64-linux-gnu/libm-2.27.so
7f986a4bf000-7f986a4c0000 rw-p 0019d000 103:02 7209038                   /lib/x86_64-linux-gnu/libm-2.27.so
7f986a4c0000-7f986b193000 r-xp 00000000 103:02 16916856                  /usr/lib/jvm/java-8-oracle/jre/lib/amd64/server/libjvm.so
7f986b193000-7f986b392000 ---p 00cd3000 103:02 16916856                  /usr/lib/jvm/java-8-oracle/jre/lib/amd64/server/libjvm.so
7f986b392000-7f986b46c000 rw-p 00cd2000 103:02 16916856                  /usr/lib/jvm/java-8-oracle/jre/lib/amd64/server/libjvm.so
7f986b46c000-7f986b4b7000 rw-p 00000000 00:00 0 
7f986b4b7000-7f986b69e000 r-xp 00000000 103:02 7209023                   /lib/x86_64-linux-gnu/libc-2.27.so
7f986b69e000-7f986b89e000 ---p 001e7000 103:02 7209023                   /lib/x86_64-linux-gnu/libc-2.27.so
7f986b89e000-7f986b8a2000 r--p 001e7000 103:02 7209023                   /lib/x86_64-linux-gnu/libc-2.27.so
7f986b8a2000-7f986b8a4000 rw-p 001eb000 103:02 7209023                   /lib/x86_64-linux-gnu/libc-2.27.so
7f986b8a4000-7f986b8a8000 rw-p 00000000 00:00 0 
7f986b8a8000-7f986b8ab000 r-xp 00000000 103:02 7209035                   /lib/x86_64-linux-gnu/libdl-2.27.so
7f986b8ab000-7f986baaa000 ---p 00003000 103:02 7209035                   /lib/x86_64-linux-gnu/libdl-2.27.so
7f986baaa000-7f986baab000 r--p 00002000 103:02 7209035                   /lib/x86_64-linux-gnu/libdl-2.27.so
7f986baab000-7f986baac000 rw-p 00003000 103:02 7209035                   /lib/x86_64-linux-gnu/libdl-2.27.so
7f986baac000-7f986bac2000 r-xp 00000000 103:02 16916851                  /usr/lib/jvm/java-8-oracle/jre/lib/amd64/jli/libjli.so
7f986bac2000-7f986bcc1000 ---p 00016000 103:02 16916851                  /usr/lib/jvm/java-8-oracle/jre/lib/amd64/jli/libjli.so
7f986bcc1000-7f986bcc2000 rw-p 00015000 103:02 16916851                  /usr/lib/jvm/java-8-oracle/jre/lib/amd64/jli/libjli.so
7f986bcc2000-7f986bcdc000 r-xp 00000000 103:02 7209327                   /lib/x86_64-linux-gnu/libpthread-2.27.so
7f986bcdc000-7f986bedb000 ---p 0001a000 103:02 7209327                   /lib/x86_64-linux-gnu/libpthread-2.27.so
7f986bedb000-7f986bedc000 r--p 00019000 103:02 7209327                   /lib/x86_64-linux-gnu/libpthread-2.27.so
7f986bedc000-7f986bedd000 rw-p 0001a000 103:02 7209327                   /lib/x86_64-linux-gnu/libpthread-2.27.so
7f986bedd000-7f986bee1000 rw-p 00000000 00:00 0 
7f986bee1000-7f986bf08000 r-xp 00000000 103:02 7208986                   /lib/x86_64-linux-gnu/ld-2.27.so
7f986bf08000-7f986bf0a000 r--s 00002000 103:02 19794721                  /home/kurt/.sbt/boot/scala-2.10.7/org.scala-sbt/sbt/0.13.17/control-0.13.17.jar
7f986bf0a000-7f986bf12000 r--s 00060000 103:02 19794723                  /home/kurt/.sbt/boot/scala-2.10.7/org.scala-sbt/sbt/0.13.17/collections-0.13.17.jar
7f986bf12000-7f986bf15000 r--s 00018000 103:02 19794717                  /home/kurt/.sbt/boot/scala-2.10.7/org.scala-sbt/sbt/0.13.17/logging-0.13.17.jar
7f986bf15000-7f986bf1f000 r--s 00070000 103:02 19794736                  /home/kurt/.sbt/boot/scala-2.10.7/org.scala-sbt/sbt/0.13.17/incremental-compiler-0.13.17.jar
7f986bf1f000-7f986bf27000 r--s 00058000 103:02 19794714                  /home/kurt/.sbt/boot/scala-2.10.7/org.scala-sbt/sbt/0.13.17/completion-0.13.17.jar
7f986bf27000-7f986bf44000 r--s 0011a000 103:02 527033                    /tmp/metals1228489757650197054/sbt-launch.jar
7f986bf44000-7f986bfe1000 rw-p 00000000 00:00 0 
7f986bfe1000-7f986bfe2000 ---p 00000000 00:00 0 
7f986bfe2000-7f986bfe5000 ---p 00000000 00:00 0 
7f986bfe5000-7f986c0e6000 rw-p 00000000 00:00 0 
7f986c0e6000-7f986c0e8000 r--s 00012000 103:02 19794748                  /home/kurt/.sbt/boot/scala-2.10.7/org.scala-sbt/sbt/0.13.17/jawn-parser_2.10-0.6.0.jar
7f986c0e8000-7f986c0e9000 r--s 00005000 103:02 19794707                  /home/kurt/.sbt/boot/scala-2.10.7/org.scala-sbt/sbt/0.13.17/test-agent-0.13.17.jar
7f986c0e9000-7f986c0ea000 r--s 00001000 103:02 19794709                  /home/kurt/.sbt/boot/scala-2.10.7/org.scala-sbt/sbt/0.13.17/json4s-support_2.10-0.6.0.jar
7f986c0ea000-7f986c0ec000 r--s 00014000 103:02 19794715                  /home/kurt/.sbt/boot/scala-2.10.7/org.scala-sbt/sbt/0.13.17/classpath-0.13.17.jar
7f986c0ec000-7f986c0f2000 r--s 00040000 103:02 19794753                  /home/kurt/.sbt/boot/scala-2.10.7/org.scala-sbt/sbt/0.13.17/api-0.13.17.jar
7f986c0f2000-7f986c0f5000 r--s 0001e000 103:02 19794751                  /home/kurt/.sbt/boot/scala-2.10.7/org.scala-sbt/sbt/0.13.17/task-system-0.13.17.jar
7f986c0f5000-7f986c0f7000 r--s 0000e000 103:02 19794732                  /home/kurt/.sbt/boot/scala-2.10.7/org.scala-sbt/sbt/0.13.17/logic-0.13.17.jar
7f986c0f7000-7f986c0fa000 r--s 00018000 103:02 19930319                  /home/kurt/.sbt/boot/scala-2.10.7/lib/jansi.jar
7f986c0fa000-7f986c0fe000 r--s 00025000 103:02 19930321                  /home/kurt/.sbt/boot/scala-2.10.7/lib/jline.jar
7f986c0fe000-7f986c106000 rw-s 00000000 103:02 28706394                  /tmp/hsperfdata_kurt/25223
7f986c106000-7f986c107000 rw-p 00000000 00:00 0 
7f986c107000-7f986c108000 ---p 00000000 00:00 0 
7f986c108000-7f986c109000 r--p 00027000 103:02 7208986                   /lib/x86_64-linux-gnu/ld-2.27.so
7f986c109000-7f986c10a000 rw-p 00028000 103:02 7208986                   /lib/x86_64-linux-gnu/ld-2.27.so
7f986c10a000-7f986c10b000 rw-p 00000000 00:00 0 
7ffe2db3c000-7ffe2db5d000 rw-p 00000000 00:00 0                          [stack]
7ffe2db6c000-7ffe2db6f000 r--p 00000000 00:00 0                          [vvar]
7ffe2db6f000-7ffe2db71000 r-xp 00000000 00:00 0                          [vdso]
ffffffffff600000-ffffffffff601000 r-xp 00000000 00:00 0                  [vsyscall]

VM Arguments:
jvm_args: -Djline.terminal=jline.UnsupportedTerminal -Dsbt.log.noformat=true -Dfile.encoding=UTF-8 
java_command: /tmp/metals1228489757650197054/sbt-launch.jar metalsEnable bloopInstall
java_class_path (initial): /tmp/metals1228489757650197054/sbt-launch.jar
Launcher Type: SUN_STANDARD

Environment Variables:
JAVA_HOME=/usr/lib/jvm/java-8-oracle
PATH=/home/kurt/.cargo/bin:/usr/local/sbin:/usr/local/bin:/usr/sbin:/usr/bin:/sbin:/bin:/usr/games:/usr/local/games:/snap/bin:/usr/lib/jvm/java-8-oracle/bin:/usr/lib/jvm/java-8-oracle/db/bin:/usr/lib/jvm/java-8-oracle/jre/bin
USERNAME=kurt
SHELL=/bin/bash
DISPLAY=:0

Signal Handlers:
SIGSEGV: [libjvm.so+0xacbe10], sa_mask[0]=11111111011111111101111111111110, sa_flags=SA_RESTART|SA_SIGINFO
SIGBUS: [libjvm.so+0xacbe10], sa_mask[0]=11111111011111111101111111111110, sa_flags=SA_RESTART|SA_SIGINFO
SIGFPE: [libjvm.so+0x924f90], sa_mask[0]=11111111011111111101111111111110, sa_flags=SA_RESTART|SA_SIGINFO
SIGPIPE: [libjvm.so+0x924f90], sa_mask[0]=11111111011111111101111111111110, sa_flags=SA_RESTART|SA_SIGINFO
SIGXFSZ: [libjvm.so+0x924f90], sa_mask[0]=11111111011111111101111111111110, sa_flags=SA_RESTART|SA_SIGINFO
SIGILL: [libjvm.so+0x924f90], sa_mask[0]=11111111011111111101111111111110, sa_flags=SA_RESTART|SA_SIGINFO
SIGUSR1: SIG_DFL, sa_mask[0]=00000000000000000000000000000000, sa_flags=none
SIGUSR2: [libjvm.so+0x9267d0], sa_mask[0]=00100000000000000000000000000000, sa_flags=SA_RESTART|SA_SIGINFO
SIGHUP: [libjvm.so+0x927bd0], sa_mask[0]=11111111011111111101111111111110, sa_flags=SA_RESTART|SA_SIGINFO
SIGINT: [libjvm.so+0x927bd0], sa_mask[0]=11111111011111111101111111111110, sa_flags=SA_RESTART|SA_SIGINFO
SIGTERM: [libjvm.so+0x927bd0], sa_mask[0]=11111111011111111101111111111110, sa_flags=SA_RESTART|SA_SIGINFO
SIGQUIT: [libjvm.so+0x927bd0], sa_mask[0]=11111111011111111101111111111110, sa_flags=SA_RESTART|SA_SIGINFO


---------------  S Y S T E M  ---------------

OS:DISTRIB_ID=Ubuntu
DISTRIB_RELEASE=18.04
DISTRIB_CODENAME=bionic
DISTRIB_DESCRIPTION="Ubuntu 18.04.2 LTS"

uname:Linux 4.18.0-16-generic #17~18.04.1-Ubuntu SMP Tue Feb 12 13:35:51 UTC 2019 x86_64
libc:glibc 2.27 NPTL 2.27 
rlimit: STACK 8192k, CORE 0k, NPROC 127705, NOFILE 1048576, AS infinity
load average:3.08 2.72 2.52

/proc/meminfo:
MemTotal:       32856092 kB
MemFree:        10410112 kB
MemAvailable:   22513128 kB
Buffers:         1483828 kB
Cached:         11434996 kB
SwapCached:            0 kB
Active:         13613448 kB
Inactive:        7449748 kB
Active(anon):    7873380 kB
Inactive(anon):  1545104 kB
Active(file):    5740068 kB
Inactive(file):  5904644 kB
Unevictable:        1476 kB
Mlocked:            1476 kB
SwapTotal:       4194300 kB
SwapFree:        4194300 kB
Dirty:             71004 kB
Writeback:             0 kB
AnonPages:       8146212 kB
Mapped:          1670300 kB
Shmem:           1549332 kB
Slab:            1077164 kB
SReclaimable:     924992 kB
SUnreclaim:       152172 kB
KernelStack:       28336 kB
PageTables:       118844 kB
NFS_Unstable:          0 kB
Bounce:                0 kB
WritebackTmp:          0 kB
CommitLimit:    20622344 kB
Committed_AS:   27879232 kB
VmallocTotal:   34359738367 kB
VmallocUsed:           0 kB
VmallocChunk:          0 kB
HardwareCorrupted:     0 kB
AnonHugePages:         0 kB
ShmemHugePages:        0 kB
ShmemPmdMapped:        0 kB
CmaTotal:              0 kB
CmaFree:               0 kB
HugePages_Total:       0
HugePages_Free:        0
HugePages_Rsvd:        0
HugePages_Surp:        0
Hugepagesize:       2048 kB
Hugetlb:               0 kB
DirectMap4k:      459300 kB
DirectMap2M:    13088768 kB
DirectMap1G:    19922944 kB


CPU:total 4 (initial active 4) (2 cores per cpu, 2 threads per core) family 6 model 142 stepping 9, cmov, cx8, fxsr, mmx, sse, sse2, sse3, ssse3, sse4.1, sse4.2, popcnt, avx, avx2, aes, clmul, erms, 3dnowpref, lzcnt, ht, tsc, tscinvbit, bmi1, bmi2, adx

/proc/cpuinfo:
processor	: 0
vendor_id	: GenuineIntel
cpu family	: 6
model		: 142
model name	: Intel(R) Core(TM) i7-7500U CPU @ 2.70GHz
stepping	: 9
microcode	: 0x8e
cpu MHz		: 3035.316
cache size	: 4096 KB
physical id	: 0
siblings	: 4
core id		: 0
cpu cores	: 2
apicid		: 0
initial apicid	: 0
fpu		: yes
fpu_exception	: yes
cpuid level	: 22
wp		: yes
flags		: fpu vme de pse tsc msr pae mce cx8 apic sep mtrr pge mca cmov pat pse36 clflush dts acpi mmx fxsr sse sse2 ss ht tm pbe syscall nx pdpe1gb rdtscp lm constant_tsc art arch_perfmon pebs bts rep_good nopl xtopology nonstop_tsc cpuid aperfmperf tsc_known_freq pni pclmulqdq dtes64 monitor ds_cpl vmx est tm2 ssse3 sdbg fma cx16 xtpr pdcm pcid sse4_1 sse4_2 x2apic movbe popcnt tsc_deadline_timer aes xsave avx f16c rdrand lahf_lm abm 3dnowprefetch cpuid_fault invpcid_single pti ssbd ibrs ibpb stibp tpr_shadow vnmi flexpriority ept vpid fsgsbase tsc_adjust bmi1 avx2 smep bmi2 erms invpcid mpx rdseed adx smap clflushopt intel_pt xsaveopt xsavec xgetbv1 xsaves dtherm ida arat pln pts hwp hwp_notify hwp_act_window hwp_epp flush_l1d
bugs		: cpu_meltdown spectre_v1 spectre_v2 spec_store_bypass l1tf
bogomips	: 5808.00
clflush size	: 64
cache_alignment	: 64
address sizes	: 39 bits physical, 48 bits virtual
power management:

processor	: 1
vendor_id	: GenuineIntel
cpu family	: 6
model		: 142
model name	: Intel(R) Core(TM) i7-7500U CPU @ 2.70GHz
stepping	: 9
microcode	: 0x8e
cpu MHz		: 3054.634
cache size	: 4096 KB
physical id	: 0
siblings	: 4
core id		: 1
cpu cores	: 2
apicid		: 2
initial apicid	: 2
fpu		: yes
fpu_exception	: yes
cpuid level	: 22
wp		: yes
flags		: fpu vme de pse tsc msr pae mce cx8 apic sep mtrr pge mca cmov pat pse36 clflush dts acpi mmx fxsr sse sse2 ss ht tm pbe syscall nx pdpe1gb rdtscp lm constant_tsc art arch_perfmon pebs bts rep_good nopl xtopology nonstop_tsc cpuid aperfmperf tsc_known_freq pni pclmulqdq dtes64 monitor ds_cpl vmx est tm2 ssse3 sdbg fma cx16 xtpr pdcm pcid sse4_1 sse4_2 x2apic movbe popcnt tsc_deadline_timer aes xsave avx f16c rdrand lahf_lm abm 3dnowprefetch cpuid_fault invpcid_single pti tpr_shadow vnmi flexpriority ept vpid fsgsbase tsc_adjust bmi1 avx2 smep bmi2 erms invpcid mpx rdseed adx smap clflushopt intel_pt xsaveopt xsavec xgetbv1 xsaves dtherm ida arat pln pts hwp hwp_notify hwp_act_window hwp_epp
bugs		: cpu_meltdown spectre_v1 spectre_v2 spec_store_bypass l1tf
bogomips	: 5808.00
clflush size	: 64
cache_alignment	: 64
address sizes	: 39 bits physical, 48 bits virtual
power management:

processor	: 2
vendor_id	: GenuineIntel
cpu family	: 6
model		: 142
model name	: Intel(R) Core(TM) i7-7500U CPU @ 2.70GHz
stepping	: 9
microcode	: 0x8e
cpu MHz		: 3055.699
cache size	: 4096 KB
physical id	: 0
siblings	: 4
core id		: 0
cpu cores	: 2
apicid		: 1
initial apicid	: 1
fpu		: yes
fpu_exception	: yes
cpuid level	: 22
wp		: yes
flags		: fpu vme de pse tsc msr pae mce cx8 apic sep mtrr pge mca cmov pat pse36 clflush dts acpi mmx fxsr sse sse2 ss ht tm pbe syscall nx pdpe1gb rdtscp lm constant_tsc art arch_perfmon pebs bts rep_good nopl xtopology nonstop_tsc cpuid aperfmperf tsc_known_freq pni pclmulqdq dtes64 monitor ds_cpl vmx est tm2 ssse3 sdbg fma cx16 xtpr pdcm pcid sse4_1 sse4_2 x2apic movbe popcnt tsc_deadline_timer aes xsave avx f16c rdrand lahf_lm abm 3dnowprefetch cpuid_fault invpcid_single pti tpr_shadow vnmi flexpriority ept vpid fsgsbase tsc_adjust bmi1 avx2 smep bmi2 erms invpcid mpx rdseed adx smap clflushopt intel_pt xsaveopt xsavec xgetbv1 xsaves dtherm ida arat pln pts hwp hwp_notify hwp_act_window hwp_epp flush_l1d
bugs		: cpu_meltdown spectre_v1 spectre_v2 spec_store_bypass l1tf
bogomips	: 5808.00
clflush size	: 64
cache_alignment	: 64
address sizes	: 39 bits physical, 48 bits virtual
power management:

processor	: 3
vendor_id	: GenuineIntel
cpu family	: 6
model		: 142
model name	: Intel(R) Core(TM) i7-7500U CPU @ 2.70GHz
stepping	: 9
microcode	: 0x8e
cpu MHz		: 3056.739
cache size	: 4096 KB
physical id	: 0
siblings	: 4
core id		: 1
cpu cores	: 2
apicid		: 3
initial apicid	: 3
fpu		: yes
fpu_exception	: yes
cpuid level	: 22
wp		: yes
flags		: fpu vme de pse tsc msr pae mce cx8 apic sep mtrr pge mca cmov pat pse36 clflush dts acpi mmx fxsr sse sse2 ss ht tm pbe syscall nx pdpe1gb rdtscp lm constant_tsc art arch_perfmon pebs bts rep_good nopl xtopology nonstop_tsc cpuid aperfmperf tsc_known_freq pni pclmulqdq dtes64 monitor ds_cpl vmx est tm2 ssse3 sdbg fma cx16 xtpr pdcm pcid sse4_1 sse4_2 x2apic movbe popcnt tsc_deadline_timer aes xsave avx f16c rdrand lahf_lm abm 3dnowprefetch cpuid_fault invpcid_single pti tpr_shadow vnmi flexpriority ept vpid fsgsbase tsc_adjust bmi1 avx2 smep bmi2 erms invpcid mpx rdseed adx smap clflushopt intel_pt xsaveopt xsavec xgetbv1 xsaves dtherm ida arat pln pts hwp hwp_notify hwp_act_window hwp_epp flush_l1d
bugs		: cpu_meltdown spectre_v1 spectre_v2 spec_store_bypass l1tf
bogomips	: 5808.00
clflush size	: 64
cache_alignment	: 64
address sizes	: 39 bits physical, 48 bits virtual
power management:



Memory: 4k page, physical 32856092k(10391428k free), swap 4194300k(4194300k free)

vm_info: Java HotSpot(TM) 64-Bit Server VM (25.151-b12) for linux-amd64 JRE (1.8.0_151-b12), built on Sep  5 2017 19:20:58 by "java_re" with gcc 4.3.0 20080428 (Red Hat 4.3.0-8)

time: Thu Mar 21 15:32:01 2019
elapsed time: 162 seconds (0d 0h 2m 42s)

