#
# A fatal error has been detected by the Java Runtime Environment:
#
#  SIGSEGV (0xb) at pc=0x00007fd8b757c37e, pid=30849, tid=0x00007fd898f13700
#
# JRE version: Java(TM) SE Runtime Environment (8.0_151-b12) (build 1.8.0_151-b12)
# Java VM: Java HotSpot(TM) 64-Bit Server VM (25.151-b12 mixed mode linux-amd64 compressed oops)
# Problematic frame:
# V  [libjvm.so+0x63f37e]  IndexSetIterator::advance_and_next()+0x8e
#
# Failed to write core dump. Core dumps have been disabled. To enable core dumping, try "ulimit -c unlimited" before starting Java again
#
# If you would like to submit a bug report, please visit:
#   http://bugreport.java.com/bugreport/crash.jsp
#

---------------  T H R E A D  ---------------

Current thread (0x00007fd8b0180800):  JavaThread "C2 CompilerThread0" daemon [_thread_in_native, id=30859, stack(0x00007fd898e14000,0x00007fd898f14000)]

siginfo: si_signo: 11 (SIGSEGV), si_code: 1 (SEGV_MAPERR), si_addr: 0x00007ed8b7ef95c0

Registers:
RAX=0x00007ed8b7ef95c0, RBX=0x0000000000000000, RCX=0x00007fd8b7ef95c0, RDX=0x000000000000004d
RSP=0x00007fd898f0f620, RBP=0x00007fd898f0f650, RSI=0x00007fd885d8e980, RDI=0x00007fd898f0f670
R8 =0x0000000000000000, R9 =0x0000000000000000, R10=0x0000000000000000, R11=0x0000000000000000
R12=0x0000000000000028, R13=0x00007fd898f0f670, R14=0x00007fd898f0f850, R15=0x0000000000000028
RIP=0x00007fd8b757c37e, EFLAGS=0x0000000000010287, CSGSFS=0x002b000000000033, ERR=0x0000000000000004
  TRAPNO=0x000000000000000e

Top of Stack: (sp=0x00007fd898f0f620)
0x00007fd898f0f620:   00007fd898f0f650 0000000000000000
0x00007fd898f0f630:   0000000000000001 0000000000000000
0x00007fd898f0f640:   00007fd898f0f850 0000000000000a3f
0x00007fd898f0f650:   00007fd898f0f6e0 00007fd8b7575cb4
0x00007fd898f0f660:   00007fd898f0f670 0000000000042998
0x00007fd898f0f670:   0000000000000000 00007fd800000008
0x00007fd898f0f680:   00007ed8b7ef95c0 0000000000000000
0x00007fd898f0f690:   00007fd885659030 000000000000004d
0x00007fd898f0f6a0:   00007fd885d8e980 00007fd878ca8290
0x00007fd898f0f6b0:   00007fd886022f20 00007fd898f10f90
0x00007fd898f0f6c0:   0000000000004c4a 0000000000000000
0x00007fd898f0f6d0:   00007fd898f11078 00007fd898f11080
0x00007fd898f0f6e0:   00007fd898f0f950 00007fd8b734ea4d
0x00007fd898f0f6f0:   0000000000000002 00007fd898f0f890
0x00007fd898f0f700:   00007fd898f0f850 00007fd898f0f730
0x00007fd898f0f710:   00007fd898f0f7f0 00007fd898f0f8c0
0x00007fd898f0f720:   00007fd898f10f90 0000000a00000957
0x00007fd898f0f730:   00007fd8b7e97410 000000000000000d
0x00007fd898f0f740:   00007fd898f11e20 00007fd898f10f90
0x00007fd898f0f750:   00007fd800000001 00007fd8b1334c80
0x00007fd898f0f760:   00007fd898f0f7d0 00007fd8b7ecaf84
0x00007fd898f0f770:   00007fd898f0f7b0 00007fd8b785e125
0x00007fd898f0f780:   0000000c00000008 00007fd8b79b8006
0x00007fd898f0f790:   0000000000010b10 00007fd8b79b7f57
0x00007fd898f0f7a0:   00007fd898f0f810 00007fd8b72211f5
0x00007fd898f0f7b0:   00007fd898f0f810 00007fd8b721f534
0x00007fd898f0f7c0:   0000000000000000 0000000000000000
0x00007fd898f0f7d0:   0000000000000000 0000000000000000
0x00007fd898f0f7e0:   00007fd80000004d 00007fd8b0180e00
0x00007fd898f0f7f0:   000000000000000a 00007fd898f11e20
0x00007fd898f0f800:   00007fd8851765a0 00007fd886023260
0x00007fd898f0f810:   00007fd87c8cb760 00007fd87c8d0538 

Instructions: (pc=0x00007fd8b757c37e)
0x00007fd8b757c35e:   00 49 8b 45 20 45 89 fc 48 8d 0d 53 d2 97 00 4a
0x00007fd8b757c36e:   8b 04 e0 48 39 c8 0f 84 d5 00 00 00 49 89 45 10
0x00007fd8b757c37e:   44 8b 08 45 85 c9 0f 85 67 01 00 00 44 8b 40 04
0x00007fd8b757c38e:   45 85 c0 0f 85 b9 01 00 00 8b 78 08 85 ff 0f 85 

Register to memory mapping:

RAX=0x00007ed8b7ef95c0 is an unknown value
RBX=0x0000000000000000 is an unknown value
RCX=0x00007fd8b7ef95c0: <offset 0xfbc5c0> in /usr/lib/jvm/java-8-oracle/jre/lib/amd64/server/libjvm.so at 0x00007fd8b6f3d000
RDX=0x000000000000004d is an unknown value
RSP=0x00007fd898f0f620 is pointing into the stack for thread: 0x00007fd8b0180800
RBP=0x00007fd898f0f650 is pointing into the stack for thread: 0x00007fd8b0180800
RSI=0x00007fd885d8e980 is an unknown value
RDI=0x00007fd898f0f670 is pointing into the stack for thread: 0x00007fd8b0180800
R8 =0x0000000000000000 is an unknown value
R9 =0x0000000000000000 is an unknown value
R10=0x0000000000000000 is an unknown value
R11=0x0000000000000000 is an unknown value
R12=0x0000000000000028 is an unknown value
R13=0x00007fd898f0f670 is pointing into the stack for thread: 0x00007fd8b0180800
R14=0x00007fd898f0f850 is pointing into the stack for thread: 0x00007fd8b0180800
R15=0x0000000000000028 is an unknown value


Stack: [0x00007fd898e14000,0x00007fd898f14000],  sp=0x00007fd898f0f620,  free space=1005k
Native frames: (J=compiled Java code, j=interpreted, Vv=VM code, C=native code)
V  [libjvm.so+0x63f37e]  IndexSetIterator::advance_and_next()+0x8e
V  [libjvm.so+0x638cb4]  PhaseIFG::Compute_Effective_Degree()+0x104
V  [libjvm.so+0x411a4d]  PhaseChaitin::Register_Allocate()+0xe8d
V  [libjvm.so+0x4a5cf0]  Compile::Code_Gen()+0x260
V  [libjvm.so+0x4a8571]  Compile::Compile(ciEnv*, C2Compiler*, ciMethod*, int, bool, bool, bool)+0x14b1
V  [libjvm.so+0x3f4e15]  C2Compiler::compile_method(ciEnv*, ciMethod*, int)+0x1f5
V  [libjvm.so+0x4b2aca]  CompileBroker::invoke_compiler_on_method(CompileTask*)+0xc9a
V  [libjvm.so+0x4b3a76]  CompileBroker::compiler_thread_loop()+0x5d6
V  [libjvm.so+0xa79b53]  JavaThread::thread_main_inner()+0x103
V  [libjvm.so+0xa79c9c]  JavaThread::run()+0x11c
V  [libjvm.so+0x92a728]  java_start(Thread*)+0x108
C  [libpthread.so.0+0x76db]  start_thread+0xdb


Current CompileTask:
C2:   7472 5834       4       java.net.URLClassLoader$1::run (5 bytes)


---------------  P R O C E S S  ---------------

Java Threads: ( => current thread )
  0x00007fd85c239000 JavaThread "sbt-web-akka.actor.default-dispatcher-4" [_thread_blocked, id=30917, stack(0x00007fd86ea66000,0x00007fd86eb67000)]
  0x00007fd8b0fbe000 JavaThread "sbt-web-akka.actor.default-dispatcher-3" [_thread_blocked, id=30916, stack(0x00007fd86e361000,0x00007fd86e462000)]
  0x00007fd8b0fb0000 JavaThread "sbt-web-akka.actor.default-dispatcher-2" [_thread_blocked, id=30915, stack(0x00007fd86e965000,0x00007fd86ea66000)]
  0x00007fd8b1b8f800 JavaThread "sbt-web-scheduler-1" [_thread_blocked, id=30914, stack(0x00007fd86e763000,0x00007fd86e864000)]
  0x00007fd85807c000 JavaThread "process reaper" daemon [_thread_blocked, id=30910, stack(0x00007fd86d00e000,0x00007fd86d047000)]
  0x00007fd85c0d5000 JavaThread "process reaper" daemon [_thread_blocked, id=30908, stack(0x00007fd86d047000,0x00007fd86d080000)]
  0x00007fd8b07c2000 JavaThread "process reaper" daemon [_thread_blocked, id=30865, stack(0x00007fd898105000,0x00007fd89813e000)]
  0x00007fd8b0188000 JavaThread "Service Thread" daemon [_thread_blocked, id=30862, stack(0x00007fd898b10000,0x00007fd898c11000)]
  0x00007fd8b0185000 JavaThread "C1 CompilerThread2" daemon [_thread_in_native, id=30861, stack(0x00007fd898c12000,0x00007fd898d12000)]
  0x00007fd8b0183800 JavaThread "C2 CompilerThread1" daemon [_thread_in_native, id=30860, stack(0x00007fd898d13000,0x00007fd898e13000)]
=>0x00007fd8b0180800 JavaThread "C2 CompilerThread0" daemon [_thread_in_native, id=30859, stack(0x00007fd898e14000,0x00007fd898f14000)]
  0x00007fd8b017f000 JavaThread "Signal Dispatcher" daemon [_thread_blocked, id=30858, stack(0x00007fd898f14000,0x00007fd899015000)]
  0x00007fd8b014b800 JavaThread "Finalizer" daemon [_thread_blocked, id=30857, stack(0x00007fd8992f3000,0x00007fd8993f4000)]
  0x00007fd8b0147000 JavaThread "Reference Handler" daemon [_thread_blocked, id=30856, stack(0x00007fd8993f4000,0x00007fd8994f5000)]
  0x00007fd8b000a000 JavaThread "main" [_thread_in_Java, id=30850, stack(0x00007fd8b8a5f000,0x00007fd8b8b5f000)]

Other Threads:
  0x00007fd8b013f800 VMThread [stack: 0x00007fd8994f6000,0x00007fd8995f6000] [id=30855]
  0x00007fd8b018b000 WatcherThread [stack: 0x00007fd898a10000,0x00007fd898b10000] [id=30863]

VM state:not at safepoint (normal execution)

VM Mutex/Monitor currently owned by a thread: None

Heap:
 PSYoungGen      total 305664K, used 193351K [0x00000000eab00000, 0x0000000100000000, 0x0000000100000000)
  eden space 262144K, 67% used [0x00000000eab00000,0x00000000f56d8d40,0x00000000fab00000)
  from space 43520K, 39% used [0x00000000fab00000,0x00000000fbbf8f18,0x00000000fd580000)
  to   space 43520K, 0% used [0x00000000fd580000,0x00000000fd580000,0x0000000100000000)
 ParOldGen       total 699392K, used 11052K [0x00000000c0000000, 0x00000000eab00000, 0x00000000eab00000)
  object space 699392K, 1% used [0x00000000c0000000,0x00000000c0acb3c8,0x00000000eab00000)
 Metaspace       used 57936K, capacity 58428K, committed 58752K, reserved 1097728K
  class space    used 10970K, capacity 11129K, committed 11136K, reserved 1048576K

Card table byte_map: [0x00007fd8b56fd000,0x00007fd8b58fe000] byte_map_base: 0x00007fd8b50fd000

Marking Bits: (ParMarkBitMap*) 0x00007fd8b7f06f80
 Begin Bits: [0x00007fd89a000000, 0x00007fd89b000000)
 End Bits:   [0x00007fd89b000000, 0x00007fd89c000000)

Polling page: 0x00007fd8b8b84000

CodeCache: size=131072Kb used=13826Kb max_used=13826Kb free=117245Kb
 bounds [0x00007fd8a8000000, 0x00007fd8a8da0000, 0x00007fd8b0000000]
 total_blobs=6045 nmethods=5561 adapters=394
 compilation: enabled

Compilation events (10 events):
Event: 7.466 Thread 0x00007fd8b0185000 6519       3       sbt.complete.SeqParser::derive (126 bytes)
Event: 7.467 Thread 0x00007fd8b0185000 nmethod 6519 0x00007fd8a8d87350 code [0x00007fd8a8d87660, 0x00007fd8a8d88fd8]
Event: 7.467 Thread 0x00007fd8b0185000 6520       3       sbt.complete.BindParser::resultEmpty (23 bytes)
Event: 7.467 Thread 0x00007fd8b0185000 nmethod 6520 0x00007fd8a8d89e10 code [0x00007fd8a8d89f80, 0x00007fd8a8d8a168]
Event: 7.467 Thread 0x00007fd8b0185000 6521       3       sbt.complete.Parser$Failure::map (6 bytes)
Event: 7.468 Thread 0x00007fd8b0185000 nmethod 6521 0x00007fd8a8d8a210 code [0x00007fd8a8d8a380, 0x00007fd8a8d8a5b0]
Event: 7.468 Thread 0x00007fd8b0185000 6522       3       sbt.complete.Parser$Failure::map (2 bytes)
Event: 7.468 Thread 0x00007fd8b0185000 nmethod 6522 0x00007fd8a8d8a650 code [0x00007fd8a8d8a7a0, 0x00007fd8a8d8a8f0]
Event: 7.468 Thread 0x00007fd8b0185000 6518       1       sbt.complete.Invalid::fail (5 bytes)
Event: 7.468 Thread 0x00007fd8b0185000 nmethod 6518 0x00007fd8a8d8a990 code [0x00007fd8a8d8aae0, 0x00007fd8a8d8abf0]

GC Heap History (10 events):
Event: 4.398 GC heap before
{Heap before GC invocations=5 (full 2):
 PSYoungGen      total 305664K, used 104870K [0x00000000eab00000, 0x0000000100000000, 0x0000000100000000)
  eden space 262144K, 40% used [0x00000000eab00000,0x00000000f1169918,0x00000000fab00000)
  from space 43520K, 0% used [0x00000000fd580000,0x00000000fd580000,0x0000000100000000)
  to   space 43520K, 0% used [0x00000000fab00000,0x00000000fab00000,0x00000000fd580000)
 ParOldGen       total 699392K, used 17109K [0x00000000c0000000, 0x00000000eab00000, 0x00000000eab00000)
  object space 699392K, 2% used [0x00000000c0000000,0x00000000c10b55d0,0x00000000eab00000)
 Metaspace       used 44148K, capacity 44466K, committed 44672K, reserved 1085440K
  class space    used 8404K, capacity 8502K, committed 8576K, reserved 1048576K
Event: 4.405 GC heap after
Heap after GC invocations=5 (full 2):
 PSYoungGen      total 305664K, used 10972K [0x00000000eab00000, 0x0000000100000000, 0x0000000100000000)
  eden space 262144K, 0% used [0x00000000eab00000,0x00000000eab00000,0x00000000fab00000)
  from space 43520K, 25% used [0x00000000fab00000,0x00000000fb5b7170,0x00000000fd580000)
  to   space 43520K, 0% used [0x00000000fd580000,0x00000000fd580000,0x0000000100000000)
 ParOldGen       total 699392K, used 17117K [0x00000000c0000000, 0x00000000eab00000, 0x00000000eab00000)
  object space 699392K, 2% used [0x00000000c0000000,0x00000000c10b75d0,0x00000000eab00000)
 Metaspace       used 44148K, capacity 44466K, committed 44672K, reserved 1085440K
  class space    used 8404K, capacity 8502K, committed 8576K, reserved 1048576K
}
Event: 4.405 GC heap before
{Heap before GC invocations=6 (full 3):
 PSYoungGen      total 305664K, used 10972K [0x00000000eab00000, 0x0000000100000000, 0x0000000100000000)
  eden space 262144K, 0% used [0x00000000eab00000,0x00000000eab00000,0x00000000fab00000)
  from space 43520K, 25% used [0x00000000fab00000,0x00000000fb5b7170,0x00000000fd580000)
  to   space 43520K, 0% used [0x00000000fd580000,0x00000000fd580000,0x0000000100000000)
 ParOldGen       total 699392K, used 17117K [0x00000000c0000000, 0x00000000eab00000, 0x00000000eab00000)
  object space 699392K, 2% used [0x00000000c0000000,0x00000000c10b75d0,0x00000000eab00000)
 Metaspace       used 44148K, capacity 44466K, committed 44672K, reserved 1085440K
  class space    used 8404K, capacity 8502K, committed 8576K, reserved 1048576K
Event: 4.469 GC heap after
Heap after GC invocations=6 (full 3):
 PSYoungGen      total 305664K, used 0K [0x00000000eab00000, 0x0000000100000000, 0x0000000100000000)
  eden space 262144K, 0% used [0x00000000eab00000,0x00000000eab00000,0x00000000fab00000)
  from space 43520K, 0% used [0x00000000fab00000,0x00000000fab00000,0x00000000fd580000)
  to   space 43520K, 0% used [0x00000000fd580000,0x00000000fd580000,0x0000000100000000)
 ParOldGen       total 699392K, used 16835K [0x00000000c0000000, 0x00000000eab00000, 0x00000000eab00000)
  object space 699392K, 2% used [0x00000000c0000000,0x00000000c1070dd0,0x00000000eab00000)
 Metaspace       used 44148K, capacity 44466K, committed 44672K, reserved 1085440K
  class space    used 8404K, capacity 8502K, committed 8576K, reserved 1048576K
}
Event: 4.476 GC heap before
{Heap before GC invocations=7 (full 3):
 PSYoungGen      total 305664K, used 10485K [0x00000000eab00000, 0x0000000100000000, 0x0000000100000000)
  eden space 262144K, 4% used [0x00000000eab00000,0x00000000eb53d790,0x00000000fab00000)
  from space 43520K, 0% used [0x00000000fab00000,0x00000000fab00000,0x00000000fd580000)
  to   space 43520K, 0% used [0x00000000fd580000,0x00000000fd580000,0x0000000100000000)
 ParOldGen       total 699392K, used 16835K [0x00000000c0000000, 0x00000000eab00000, 0x00000000eab00000)
  object space 699392K, 2% used [0x00000000c0000000,0x00000000c1070dd0,0x00000000eab00000)
 Metaspace       used 44153K, capacity 44536K, committed 44928K, reserved 1085440K
  class space    used 8406K, capacity 8503K, committed 8576K, reserved 1048576K
Event: 4.477 GC heap after
Heap after GC invocations=7 (full 3):
 PSYoungGen      total 305664K, used 96K [0x00000000eab00000, 0x0000000100000000, 0x0000000100000000)
  eden space 262144K, 0% used [0x00000000eab00000,0x00000000eab00000,0x00000000fab00000)
  from space 43520K, 0% used [0x00000000fd580000,0x00000000fd598000,0x0000000100000000)
  to   space 43520K, 0% used [0x00000000fab00000,0x00000000fab00000,0x00000000fd580000)
 ParOldGen       total 699392K, used 16835K [0x00000000c0000000, 0x00000000eab00000, 0x00000000eab00000)
  object space 699392K, 2% used [0x00000000c0000000,0x00000000c1070dd0,0x00000000eab00000)
 Metaspace       used 44153K, capacity 44536K, committed 44928K, reserved 1085440K
  class space    used 8406K, capacity 8503K, committed 8576K, reserved 1048576K
}
Event: 4.477 GC heap before
{Heap before GC invocations=8 (full 4):
 PSYoungGen      total 305664K, used 96K [0x00000000eab00000, 0x0000000100000000, 0x0000000100000000)
  eden space 262144K, 0% used [0x00000000eab00000,0x00000000eab00000,0x00000000fab00000)
  from space 43520K, 0% used [0x00000000fd580000,0x00000000fd598000,0x0000000100000000)
  to   space 43520K, 0% used [0x00000000fab00000,0x00000000fab00000,0x00000000fd580000)
 ParOldGen       total 699392K, used 16835K [0x00000000c0000000, 0x00000000eab00000, 0x00000000eab00000)
  object space 699392K, 2% used [0x00000000c0000000,0x00000000c1070dd0,0x00000000eab00000)
 Metaspace       used 44153K, capacity 44536K, committed 44928K, reserved 1085440K
  class space    used 8406K, capacity 8503K, committed 8576K, reserved 1048576K
Event: 4.522 GC heap after
Heap after GC invocations=8 (full 4):
 PSYoungGen      total 305664K, used 0K [0x00000000eab00000, 0x0000000100000000, 0x0000000100000000)
  eden space 262144K, 0% used [0x00000000eab00000,0x00000000eab00000,0x00000000fab00000)
  from space 43520K, 0% used [0x00000000fd580000,0x00000000fd580000,0x0000000100000000)
  to   space 43520K, 0% used [0x00000000fab00000,0x00000000fab00000,0x00000000fd580000)
 ParOldGen       total 699392K, used 11052K [0x00000000c0000000, 0x00000000eab00000, 0x00000000eab00000)
  object space 699392K, 1% used [0x00000000c0000000,0x00000000c0acb3c8,0x00000000eab00000)
 Metaspace       used 44153K, capacity 44536K, committed 44928K, reserved 1085440K
  class space    used 8406K, capacity 8503K, committed 8576K, reserved 1048576K
}
Event: 6.103 GC heap before
{Heap before GC invocations=9 (full 4):
 PSYoungGen      total 305664K, used 262144K [0x00000000eab00000, 0x0000000100000000, 0x0000000100000000)
  eden space 262144K, 100% used [0x00000000eab00000,0x00000000fab00000,0x00000000fab00000)
  from space 43520K, 0% used [0x00000000fd580000,0x00000000fd580000,0x0000000100000000)
  to   space 43520K, 0% used [0x00000000fab00000,0x00000000fab00000,0x00000000fd580000)
 ParOldGen       total 699392K, used 11052K [0x00000000c0000000, 0x00000000eab00000, 0x00000000eab00000)
  object space 699392K, 1% used [0x00000000c0000000,0x00000000c0acb3c8,0x00000000eab00000)
 Metaspace       used 49164K, capacity 49638K, committed 49792K, reserved 1089536K
  class space    used 9635K, capacity 9800K, committed 9856K, reserved 1048576K
Event: 6.116 GC heap after
Heap after GC invocations=9 (full 4):
 PSYoungGen      total 305664K, used 17379K [0x00000000eab00000, 0x0000000100000000, 0x0000000100000000)
  eden space 262144K, 0% used [0x00000000eab00000,0x00000000eab00000,0x00000000fab00000)
  from space 43520K, 39% used [0x00000000fab00000,0x00000000fbbf8f18,0x00000000fd580000)
  to   space 43520K, 0% used [0x00000000fd580000,0x00000000fd580000,0x0000000100000000)
 ParOldGen       total 699392K, used 11052K [0x00000000c0000000, 0x00000000eab00000, 0x00000000eab00000)
  object space 699392K, 1% used [0x00000000c0000000,0x00000000c0acb3c8,0x00000000eab00000)
 Metaspace       used 49164K, capacity 49638K, committed 49792K, reserved 1089536K
  class space    used 9635K, capacity 9800K, committed 9856K, reserved 1048576K
}

Deoptimization events (10 events):
Event: 7.327 Thread 0x00007fd8b000a000 Uncommon trap: reason=bimorphic action=maybe_recompile pc=0x00007fd8a85ab250 method=scala.collection.IndexedSeqLike$Elements.next()Ljava/lang/Object; @ 37
Event: 7.328 Thread 0x00007fd8b000a000 Uncommon trap: reason=bimorphic action=maybe_recompile pc=0x00007fd8a85ab250 method=scala.collection.IndexedSeqLike$Elements.next()Ljava/lang/Object; @ 37
Event: 7.353 Thread 0x00007fd8b000a000 Uncommon trap: reason=bimorphic action=maybe_recompile pc=0x00007fd8a85ab250 method=scala.collection.IndexedSeqLike$Elements.next()Ljava/lang/Object; @ 37
Event: 7.353 Thread 0x00007fd8b000a000 Uncommon trap: reason=bimorphic action=maybe_recompile pc=0x00007fd8a85ab250 method=scala.collection.IndexedSeqLike$Elements.next()Ljava/lang/Object; @ 37
Event: 7.381 Thread 0x00007fd8b0fbe000 Uncommon trap: reason=class_check action=maybe_recompile pc=0x00007fd8a89ad778 method=scala.collection.generic.GenTraversableFactory$ReusableCBF.apply()Lscala/collection/mutable/Builder; @ 4
Event: 7.382 Thread 0x00007fd8b0fbe000 Uncommon trap: reason=class_check action=maybe_recompile pc=0x00007fd8a89ad778 method=scala.collection.generic.GenTraversableFactory$ReusableCBF.apply()Lscala/collection/mutable/Builder; @ 4
Event: 7.387 Thread 0x00007fd8b000a000 Uncommon trap: reason=speculate_class_check action=maybe_recompile pc=0x00007fd8a88c6ae4 method=scala.collection.immutable.HashMap.get(Ljava/lang/Object;)Lscala/Option; @ 8
Event: 7.387 Thread 0x00007fd8b000a000 Uncommon trap: reason=speculate_class_check action=maybe_recompile pc=0x00007fd8a88c6ae4 method=scala.collection.immutable.HashMap.get(Ljava/lang/Object;)Lscala/Option; @ 8
Event: 7.390 Thread 0x00007fd8b000a000 Uncommon trap: reason=unstable_if action=reinterpret pc=0x00007fd8a8b23884 method=scala.collection.immutable.Range.<init>(III)V @ 50
Event: 7.420 Thread 0x00007fd8b000a000 Uncommon trap: reason=unstable_if action=reinterpret pc=0x00007fd8a8d5b478 method=scala.collection.immutable.Set$Set1.contains(Ljava/lang/Object;)Z @ 44

Internal exceptions (10 events):
Event: 6.826 Thread 0x00007fd8b1055000 Exception <a 'sun/nio/fs/UnixException'> (0x00000000f069fee0) thrown at [/HUDSON/workspace/8-2-build-linux-amd64/jdk8u151/9699/hotspot/src/share/vm/prims/jni.cpp, line 709]
Event: 6.870 Thread 0x00007fd8b1055000 Exception <a 'sun/nio/fs/UnixException'> (0x00000000f078e2b0) thrown at [/HUDSON/workspace/8-2-build-linux-amd64/jdk8u151/9699/hotspot/src/share/vm/prims/jni.cpp, line 709]
Event: 6.877 Thread 0x00007fd8b1054800 Exception <a 'sun/nio/fs/UnixException'> (0x00000000f0aabb88) thrown at [/HUDSON/workspace/8-2-build-linux-amd64/jdk8u151/9699/hotspot/src/share/vm/prims/jni.cpp, line 709]
Event: 6.877 Thread 0x00007fd8b1054800 Exception <a 'sun/nio/fs/UnixException'> (0x00000000f0aacb60) thrown at [/HUDSON/workspace/8-2-build-linux-amd64/jdk8u151/9699/hotspot/src/share/vm/prims/jni.cpp, line 709]
Event: 6.882 Thread 0x00007fd8b1054800 Exception <a 'sun/nio/fs/UnixException'> (0x00000000f0ace668) thrown at [/HUDSON/workspace/8-2-build-linux-amd64/jdk8u151/9699/hotspot/src/share/vm/prims/jni.cpp, line 709]
Event: 6.883 Thread 0x00007fd8b1054800 Exception <a 'sun/nio/fs/UnixException'> (0x00000000f0adc1f0) thrown at [/HUDSON/workspace/8-2-build-linux-amd64/jdk8u151/9699/hotspot/src/share/vm/prims/jni.cpp, line 709]
Event: 6.912 Thread 0x00007fd8b1054800 Exception <a 'sun/nio/fs/UnixException'> (0x00000000f0fc03c8) thrown at [/HUDSON/workspace/8-2-build-linux-amd64/jdk8u151/9699/hotspot/src/share/vm/prims/jni.cpp, line 709]
Event: 6.912 Thread 0x00007fd8b1054800 Exception <a 'sun/nio/fs/UnixException'> (0x00000000f0fc0f70) thrown at [/HUDSON/workspace/8-2-build-linux-amd64/jdk8u151/9699/hotspot/src/share/vm/prims/jni.cpp, line 709]
Event: 7.093 Thread 0x00007fd8b000a000 Implicit null exception at 0x00007fd8a82558b5 to 0x00007fd8a8255c65
Event: 7.093 Thread 0x00007fd8b000a000 Implicit null exception at 0x00007fd8a81ef376 to 0x00007fd8a81ef729

Events (10 events):
Event: 7.460 loading class sbt/complete/Parser$Failure$$anonfun$toEither$1
Event: 7.460 loading class sbt/complete/Parser$Failure$$anonfun$toEither$1 done
Event: 7.460 loading class sbt/complete/ParserSeq$$anonfun$resultEmpty$6
Event: 7.460 loading class sbt/complete/ParserSeq$$anonfun$resultEmpty$6 done
Event: 7.462 loading class sbt/Act$ParsedValue
Event: 7.462 loading class sbt/Act$ParsedValue done
Event: 7.462 loading class sbt/complete/Parser$$anonfun$onFailure$1
Event: 7.462 loading class sbt/complete/Parser$$anonfun$onFailure$1 done
Event: 7.463 loading class sbt/Act$$anonfun$getKey$1
Event: 7.463 loading class sbt/Act$$anonfun$getKey$1 done


Dynamic libraries:
00400000-00401000 r-xp 00000000 103:02 16916555                          /usr/lib/jvm/java-8-oracle/jre/bin/java
00600000-00601000 rw-p 00000000 103:02 16916555                          /usr/lib/jvm/java-8-oracle/jre/bin/java
0237e000-0239f000 rw-p 00000000 00:00 0                                  [heap]
c0000000-100ae0000 rw-p 00000000 00:00 0 
100ae0000-140000000 ---p 00000000 00:00 0 
7fd844000000-7fd844021000 rw-p 00000000 00:00 0 
7fd844021000-7fd848000000 ---p 00000000 00:00 0 
7fd848000000-7fd848021000 rw-p 00000000 00:00 0 
7fd848021000-7fd84c000000 ---p 00000000 00:00 0 
7fd84c000000-7fd84c021000 rw-p 00000000 00:00 0 
7fd84c021000-7fd850000000 ---p 00000000 00:00 0 
7fd850000000-7fd850021000 rw-p 00000000 00:00 0 
7fd850021000-7fd854000000 ---p 00000000 00:00 0 
7fd854000000-7fd854141000 rw-p 00000000 00:00 0 
7fd854141000-7fd858000000 ---p 00000000 00:00 0 
7fd858000000-7fd8581ce000 rw-p 00000000 00:00 0 
7fd8581ce000-7fd85c000000 ---p 00000000 00:00 0 
7fd85c000000-7fd85c454000 rw-p 00000000 00:00 0 
7fd85c454000-7fd860000000 ---p 00000000 00:00 0 
7fd860000000-7fd860021000 rw-p 00000000 00:00 0 
7fd860021000-7fd864000000 ---p 00000000 00:00 0 
7fd864000000-7fd864170000 rw-p 00000000 00:00 0 
7fd864170000-7fd868000000 ---p 00000000 00:00 0 
7fd868000000-7fd868021000 rw-p 00000000 00:00 0 
7fd868021000-7fd86c000000 ---p 00000000 00:00 0 
7fd86c80c000-7fd86c88c000 rw-p 00000000 00:00 0 
7fd86c88c000-7fd86ca0c000 ---p 00000000 00:00 0 
7fd86ca0c000-7fd86cc0c000 rw-p 00000000 00:00 0 
7fd86cc0c000-7fd86ce0c000 rw-p 00000000 00:00 0 
7fd86ce0c000-7fd86ce0f000 ---p 00000000 00:00 0 
7fd86ce0f000-7fd86cf0d000 rw-p 00000000 00:00 0 
7fd86cf0d000-7fd86cf10000 ---p 00000000 00:00 0 
7fd86cf10000-7fd86d00e000 rw-p 00000000 00:00 0 
7fd86d00e000-7fd86d011000 ---p 00000000 00:00 0 
7fd86d011000-7fd86d047000 rw-p 00000000 00:00 0 
7fd86d047000-7fd86d04a000 ---p 00000000 00:00 0 
7fd86d04a000-7fd86d280000 rw-p 00000000 00:00 0 
7fd86d280000-7fd86d283000 r--s 0001a000 103:02 16916597                  /usr/lib/jvm/java-8-oracle/jre/lib/jce.jar
7fd86d283000-7fd86d483000 rw-p 00000000 00:00 0 
7fd86d483000-7fd86d486000 r--s 00011000 103:02 25170584                  /home/kurt/.ivy2/cache/scala_2.10/sbt_0.13/com.typesafe.sbt/sbt-digest/jars/sbt-digest-1.1.2.jar
7fd86d486000-7fd86d48a000 r--s 0002a000 103:02 13109273                  /home/kurt/.ivy2/cache/org.jctools/jctools-core/bundles/jctools-core-2.0.1.jar
7fd86d48a000-7fd86d4a7000 r--s 00233000 103:02 13109271                  /home/kurt/.ivy2/cache/io.monix/monix-reactive_2.10/jars/monix-reactive_2.10-2.3.0.jar
7fd86d4a7000-7fd86d4b0000 r--s 00062000 103:02 13109269                  /home/kurt/.ivy2/cache/io.monix/monix-eval_2.10/jars/monix-eval_2.10-2.3.0.jar
7fd86d4b0000-7fd86d4b1000 r--s 00000000 103:02 17440092                  /home/kurt/.ivy2/cache/org.reactivestreams/reactive-streams/jars/reactive-streams-1.0.0.jar
7fd86d4b1000-7fd86d4c1000 r--s 000b4000 103:02 13109267                  /home/kurt/.ivy2/cache/io.monix/monix-execution_2.10/jars/monix-execution_2.10-2.3.0.jar
7fd86d4c1000-7fd86d4c6000 r--s 00021000 103:02 13109265                  /home/kurt/.ivy2/cache/io.monix/monix-types_2.10/jars/monix-types_2.10-2.3.0.jar
7fd86d4c6000-7fd86d4c8000 r--s 00000000 103:02 25306598                  /home/kurt/.ivy2/cache/org.webjars.npm/window-size/jars/window-size-0.1.0.jar
7fd86d4c8000-7fd86d4ca000 r--s 00000000 103:02 25170714                  /home/kurt/.ivy2/cache/org.webjars.npm/decamelize/jars/decamelize-1.2.0.jar
7fd86d4ca000-7fd86d4cc000 r--s 00003000 103:02 25307166                  /home/kurt/.ivy2/cache/org.webjars.npm/wordwrap/jars/wordwrap-0.0.2.jar
7fd86d4cc000-7fd86d4ce000 r--s 00000000 103:02 25306602                  /home/kurt/.ivy2/cache/org.webjars.npm/right-align/jars/right-align-0.1.3.jar
7fd86d4ce000-7fd86d4cf000 r--s 00001000 103:02 25307921                  /home/kurt/.ivy2/cache/org.webjars.npm/lazy-cache/jars/lazy-cache-1.0.4.jar
7fd86d4cf000-7fd86d4d0000 r--s 00001000 103:02 25446724                  /home/kurt/.ivy2/cache/org.webjars.npm/repeat-string/jars/repeat-string-1.6.1.jar
7fd86d4d0000-7fd86d4d2000 r--s 00000000 103:02 25308419                  /home/kurt/.ivy2/cache/org.webjars.npm/longest/jars/longest-1.0.1.jar
7fd86d4d2000-7fd86d4d3000 r--s 00001000 103:02 25447578                  /home/kurt/.ivy2/cache/org.webjars.npm/is-buffer/jars/is-buffer-1.1.6.jar
7fd86d4d3000-7fd86d4d4000 r--s 00001000 103:02 25308417                  /home/kurt/.ivy2/cache/org.webjars.npm/kind-of/jars/kind-of-3.2.2.jar
7fd86d4d4000-7fd86d4d5000 r--s 00001000 103:02 25307488                  /home/kurt/.ivy2/cache/org.webjars.npm/align-text/jars/align-text-0.1.4.jar
7fd86d4d5000-7fd86d4d6000 r--s 00001000 103:02 25306600                  /home/kurt/.ivy2/cache/org.webjars.npm/center-align/jars/center-align-0.1.3.jar
7fd86d4d6000-7fd86d4d7000 r--s 00002000 103:02 25170712                  /home/kurt/.ivy2/cache/org.webjars.npm/cliui/jars/cliui-2.1.0.jar
7fd86d4d7000-7fd86d4d9000 r--s 00000000 103:02 25170710                  /home/kurt/.ivy2/cache/org.webjars.npm/camelcase/jars/camelcase-1.2.1.jar
7fd86d4d9000-7fd86d4db000 r--s 00008000 103:02 25170708                  /home/kurt/.ivy2/cache/org.webjars.npm/yargs/jars/yargs-3.10.0.jar
7fd86d4db000-7fd86d4dc000 r--s 00001000 103:02 25170706                  /home/kurt/.ivy2/cache/org.webjars.npm/uglify-to-browserify/jars/uglify-to-browserify-1.0.2.jar
7fd86d4dc000-7fd86d4de000 r--s 00030000 103:02 25170704                  /home/kurt/.ivy2/cache/org.webjars.npm/source-map/jars/source-map-0.5.7.jar
7fd86d4de000-7fd86d4e0000 r--s 00021000 103:02 25170698                  /home/kurt/.ivy2/cache/org.webjars.npm/uglify-js/jars/uglify-js-2.8.14.jar
7fd86d4e0000-7fd86d4e8000 r--s 00045000 103:02 15603956                  /home/kurt/.ivy2/cache/scala_2.10/sbt_0.13/com.typesafe.sbt/sbt-web/jars/sbt-web-1.4.2.jar
7fd86d4e8000-7fd86d4ea000 r--s 00006000 103:02 15602433                  /home/kurt/.ivy2/cache/org.webjars/webjars-locator-core/jars/webjars-locator-core-0.32.jar
7fd86d4ea000-7fd86d552000 r--s 00319000 103:02 15602450                  /home/kurt/.ivy2/cache/org.webjars/npm/jars/npm-4.2.0.jar
7fd86d552000-7fd86d553000 r--s 00001000 103:02 15604379                  /home/kurt/.ivy2/cache/com.typesafe/npm_2.10/jars/npm_2.10-1.2.1.jar
7fd86d553000-7fd86d558000 r--s 00043000 103:02 15602446                  /home/kurt/.ivy2/cache/io.spray/spray-json_2.10/bundles/spray-json_2.10-1.3.3.jar
7fd86d558000-7fd86d55d000 r--s 000d1000 103:02 15602439                  /home/kurt/.ivy2/cache/io.apigee.trireme/trireme-node10src/jars/trireme-node10src-0.8.9.jar
7fd86d55d000-7fd86d56a000 r--s 00126000 103:02 25170702                  /home/kurt/.ivy2/cache/org.mozilla/rhino/jars/rhino-1.7.7.1.jar
7fd86d56a000-7fd86d56c000 r--s 00009000 103:02 12847769                  /home/kurt/.ivy2/cache/org.slf4j/slf4j-api/jars/slf4j-api-1.7.22.jar
7fd86d56c000-7fd86d571000 r--s 0002b000 103:02 25170700                  /home/kurt/.ivy2/cache/io.apigee.trireme/trireme-kernel/jars/trireme-kernel-0.8.9.jar
7fd86d571000-7fd86d575000 r--s 00035000 103:02 15602438                  /home/kurt/.ivy2/cache/io.apigee.trireme/trireme-core/jars/trireme-core-0.8.9.jar
7fd86d575000-7fd86d583000 r--s 000c0000 103:02 15602449                  /home/kurt/.ivy2/cache/com.typesafe.akka/akka-persistence-experimental_2.10/jars/akka-persistence-experimental_2.10-2.3.16.jar
7fd86d583000-7fd86d594000 r--s 000f6000 103:02 15602448                  /home/kurt/.ivy2/cache/com.typesafe.akka/akka-cluster_2.10/jars/akka-cluster_2.10-2.3.16.jar
7fd86d594000-7fd86d5a9000 r--s 0013a000 103:02 15602447                  /home/kurt/.ivy2/cache/com.typesafe.akka/akka-remote_2.10/jars/akka-remote_2.10-2.3.16.jar
7fd86d5a9000-7fd86d5b8000 r--s 000c0000 103:02 15602437                  /home/kurt/.ivy2/cache/com.typesafe.akka/akka-contrib_2.10/jars/akka-contrib_2.10-2.3.16.jar
7fd86d5b8000-7fd86d5e0000 r--s 00289000 103:02 15602432                  /home/kurt/.ivy2/cache/com.typesafe.akka/akka-actor_2.10/jars/akka-actor_2.10-2.3.16.jar
7fd86d5e0000-7fd86d5e3000 r--s 00023000 103:02 15604378                  /home/kurt/.ivy2/cache/com.typesafe/jse_2.10/jars/jse_2.10-1.2.3.jar
7fd86d5e3000-7fd86d5e7000 r--s 00021000 103:02 15604368                  /home/kurt/.ivy2/cache/scala_2.10/sbt_0.13/com.typesafe.sbt/sbt-js-engine/jars/sbt-js-engine-1.2.2.jar
7fd86d5e7000-7fd86d5ea000 r--s 00012000 103:02 25172611                  /home/kurt/.ivy2/cache/scala_2.10/sbt_0.13/com.typesafe.sbt/sbt-uglify/jars/sbt-uglify-2.0.0.jar
7fd86d5ea000-7fd86d5ec000 r--s 00008000 103:02 25170580                  /home/kurt/.ivy2/cache/scala_2.10/sbt_0.13/net.ground5hark.sbt/sbt-concat/jars/sbt-concat-0.1.9.jar
7fd86d5ec000-7fd86d5ed000 r--s 0001e000 103:02 15600501                  /home/kurt/.ivy2/cache/org.fusesource.leveldbjni/leveldbjni-win64/jars/leveldbjni-win64-1.5.jar
7fd86d5ed000-7fd86d5ee000 r--s 0001b000 103:02 15600499                  /home/kurt/.ivy2/cache/org.fusesource.leveldbjni/leveldbjni-win32/jars/leveldbjni-win32-1.5.jar
7fd86d5ee000-7fd86d5ef000 r--s 00044000 103:02 15600497                  /home/kurt/.ivy2/cache/org.fusesource.leveldbjni/leveldbjni-linux64/jars/leveldbjni-linux64-1.5.jar
7fd86d5ef000-7fd86d5f0000 r--s 00044000 103:02 15600495                  /home/kurt/.ivy2/cache/org.fusesource.leveldbjni/leveldbjni-linux32/jars/leveldbjni-linux32-1.5.jar
7fd86d5f0000-7fd86d5f1000 r--s 00028000 103:02 15600492                  /home/kurt/.ivy2/cache/org.fusesource.leveldbjni/leveldbjni-osx/jars/leveldbjni-osx-1.5.jar
7fd86d5f1000-7fd86d5f2000 r--s 00004000 103:02 15600503                  /home/kurt/.ivy2/cache/org.fusesource.hawtjni/hawtjni-runtime/jars/hawtjni-runtime-1.8.jar
7fd86d5f2000-7fd86d5f4000 r--s 0000c000 103:02 15600490                  /home/kurt/.ivy2/cache/org.fusesource.leveldbjni/leveldbjni/jars/leveldbjni-1.7.jar
7fd86d5f4000-7fd86d5f7000 r--s 000fa000 103:02 15600486                  /home/kurt/.ivy2/cache/org.fusesource.leveldbjni/leveldbjni-all/bundles/leveldbjni-all-1.7.jar
7fd86d5f7000-7fd86d5fa000 r--s 00006000 103:02 15599789                  /home/kurt/.ivy2/cache/com.google.code.findbugs/jsr305/jars/jsr305-1.3.9.jar
7fd86d5fa000-7fd86d61c000 r--s 00195000 103:02 12847510                  /home/kurt/.ivy2/cache/com.google.guava/guava/jars/guava-12.0.jar
7fd86d61c000-7fd86d61e000 r--s 00001000 103:02 15600488                  /home/kurt/.ivy2/cache/org.iq80.leveldb/leveldb-api/jars/leveldb-api-0.5.jar
7fd86d61e000-7fd86d622000 r--s 00034000 103:02 15600484                  /home/kurt/.ivy2/cache/org.iq80.leveldb/leveldb/jars/leveldb-0.5.jar
7fd86d622000-7fd86d624000 r--s 0000a000 103:02 15600429                  /home/kurt/.ivy2/cache/org.uncommons.maths/uncommons-maths/jars/uncommons-maths-1.2.2a.jar
7fd86d624000-7fd86d62c000 r--s 0007b000 103:02 15600427                  /home/kurt/.ivy2/cache/com.google.protobuf/protobuf-java/bundles/protobuf-java-2.5.0.jar
7fd86d62c000-7fd86d64a000 r--s 0010c000 103:02 15604730                  /home/kurt/.ivy2/cache/scala_2.10/sbt_0.13/com.typesafe.sbt/sbt-native-packager/jars/sbt-native-packager-1.1.5.jar
7fd86d64a000-7fd86d64c000 r--s 000a0000 103:02 15599769                  /home/kurt/.ivy2/cache/net.contentobjects.jnotify/jnotify/jars/jnotify-0.94-play-1.jar
7fd86d64c000-7fd86d651000 r--s 00040000 103:02 12731082                  /home/kurt/.ivy2/cache/com.typesafe/config/bundles/config-1.3.1.jar
7fd86d651000-7fd86d653000 r--s 00000000 103:02 15604606                  /home/kurt/.ivy2/cache/com.typesafe.play/play-exceptions/jars/play-exceptions-2.5.19.jar
7fd86d653000-7fd86d654000 r--s 00000000 103:02 15604605                  /home/kurt/.ivy2/cache/com.typesafe.play/build-link/jars/build-link-2.5.19.jar
7fd86d654000-7fd86d658000 r--s 00022000 103:02 15604700                  /home/kurt/.ivy2/cache/com.typesafe.play/sbt-run-support_2.10/jars/sbt-run-support_2.10-2.5.19.jar
7fd86d658000-7fd86d65c000 r--s 0002a000 103:02 12730988                  /home/kurt/.ivy2/cache/commons-io/commons-io/jars/commons-io-2.4.jar
7fd86d65c000-7fd86d66c000 r--s 00086000 103:02 15604699                  /home/kurt/.ivy2/cache/com.typesafe.play/sbt-routes-compiler_2.10/jars/sbt-routes-compiler_2.10-2.5.19.jar
7fd86d66c000-7fd86d675000 r--s 00054000 103:02 15604249                  /home/kurt/.ivy2/cache/scala_2.10/sbt_0.13/com.typesafe.play/sbt-plugin/jars/sbt-plugin-2.5.19.jar
7fd86d675000-7fd86d676000 r--s 00004000 103:02 15600513                  /home/kurt/.ivy2/cache/org.apache.ant/ant-launcher/jars/ant-launcher-1.9.6.jar
7fd86d676000-7fd86d695000 r--s 001d1000 103:02 15600511                  /home/kurt/.ivy2/cache/org.apache.ant/ant/jars/ant-1.9.6.jar
7fd86d695000-7fd86d69c000 r--s 00056000 103:02 15599795                  /home/kurt/.ivy2/cache/org.apache.commons/commons-compress/jars/commons-compress-1.9.jar
7fd86d69c000-7fd86d6a0000 r--s 00020000 103:02 12851726                  /home/kurt/.ivy2/cache/org.joda/joda-convert/jars/joda-convert-2.1.2.jar
7fd86d6a0000-7fd86d6a2000 r--s 00014000 103:02 17440833                  /home/kurt/.ivy2/cache/com.fasterxml.jackson.datatype/jackson-datatype-jsr310/bundles/jackson-datatype-jsr310-2.8.11.jar
7fd86d6a2000-7fd86d6b4000 r--s 0011f000 103:02 12849222                  /home/kurt/.ivy2/cache/com.fasterxml.jackson.core/jackson-databind/bundles/jackson-databind-2.8.11.3.jar
7fd86d6b4000-7fd86d6b6000 r--s 00007000 103:02 17438540                  /home/kurt/.ivy2/cache/com.fasterxml.jackson.datatype/jackson-datatype-jdk8/bundles/jackson-datatype-jdk8-2.8.11.jar
7fd86d6b6000-7fd86d6b9000 r--s 0000b000 103:02 12848269                  /home/kurt/.ivy2/cache/com.fasterxml.jackson.core/jackson-annotations/bundles/jackson-annotations-2.8.11.jar
7fd86d6b9000-7fd86d6bd000 r--s 00042000 103:02 12848268                  /home/kurt/.ivy2/cache/com.fasterxml.jackson.core/jackson-core/bundles/jackson-core-2.8.11.jar
7fd86d6bd000-7fd86d6ce000 r--s 0008a000 103:02 12847517                  /home/kurt/.ivy2/cache/joda-time/joda-time/jars/joda-time-2.9.9.jar
7fd86d6ce000-7fd86d6da000 r--s 000a4000 103:02 12730423                  /home/kurt/.ivy2/cache/org.scalamacros/quasiquotes_2.10/jars/quasiquotes_2.10-2.1.0.jar
7fd86d6da000-7fd86d6dd000 r--s 00024000 103:02 17435523                  /home/kurt/.ivy2/cache/org.typelevel/macro-compat_2.10/jars/macro-compat_2.10-1.1.1.jar
7fd86d6dd000-7fd86d6e6000 r--s 0005a000 103:02 17441022                  /home/kurt/.ivy2/cache/com.typesafe.play/play-functional_2.10/jars/play-functional_2.10-2.6.13.jar
7fd86d6e6000-7fd86d706000 r--s 00145000 103:02 17437358                  /home/kurt/.ivy2/cache/com.typesafe.play/play-json_2.10/jars/play-json_2.10-2.6.13.jar
7fd86d706000-7fd86d71f000 r--s 00123000 103:02 17435518                  /home/kurt/.ivy2/cache/io.netty/netty/bundles/netty-3.10.6.Final.jar
7fd86d71f000-7fd86d72c000 r--s 000a9000 103:02 17435474                  /home/kurt/.ivy2/cache/com.ning/async-http-client/jars/async-http-client-1.9.40.jar
7fd86d72c000-7fd86d733000 r--s 0003e000 103:02 17435469                  /home/kurt/.ivy2/cache/net.databinder.dispatch/dispatch-core_2.10/jars/dispatch-core_2.10-0.11.4.jar
7fd86d733000-7fd86d736000 r--s 00016000 103:02 15602755                  /home/kurt/.ivy2/cache/scala_2.10/sbt_0.13/uk.gov.hmrc/sbt-artifactory/jars/sbt-artifactory-0.17.0.jar
7fd86d736000-7fd86d73c000 r--s 00033000 103:02 12847515                  /home/kurt/.ivy2/cache/commons-codec/commons-codec/jars/commons-codec-1.6.jar
7fd86d73c000-7fd86d93c000 rw-p 00000000 00:00 0 
7fd86d93c000-7fd86db3c000 rw-p 00000000 00:00 0 
7fd86db3c000-7fd86db53000 r-xp 00000000 103:02 7209329                   /lib/x86_64-linux-gnu/libresolv-2.27.so
7fd86db53000-7fd86dd53000 ---p 00017000 103:02 7209329                   /lib/x86_64-linux-gnu/libresolv-2.27.so
7fd86dd53000-7fd86dd54000 r--p 00017000 103:02 7209329                   /lib/x86_64-linux-gnu/libresolv-2.27.so
7fd86dd54000-7fd86dd55000 rw-p 00018000 103:02 7209329                   /lib/x86_64-linux-gnu/libresolv-2.27.so
7fd86dd55000-7fd86dd57000 rw-p 00000000 00:00 0 
7fd86dd57000-7fd86dd5c000 r-xp 00000000 103:02 7209139                   /lib/x86_64-linux-gnu/libnss_dns-2.27.so
7fd86dd5c000-7fd86df5c000 ---p 00005000 103:02 7209139                   /lib/x86_64-linux-gnu/libnss_dns-2.27.so
7fd86df5c000-7fd86df5d000 r--p 00005000 103:02 7209139                   /lib/x86_64-linux-gnu/libnss_dns-2.27.so
7fd86df5d000-7fd86df5e000 rw-p 00006000 103:02 7209139                   /lib/x86_64-linux-gnu/libnss_dns-2.27.so
7fd86df5e000-7fd86df60000 r-xp 00000000 103:02 7210900                   /lib/x86_64-linux-gnu/libnss_mdns4_minimal.so.2
7fd86df60000-7fd86e15f000 ---p 00002000 103:02 7210900                   /lib/x86_64-linux-gnu/libnss_mdns4_minimal.so.2
7fd86e15f000-7fd86e160000 r--p 00001000 103:02 7210900                   /lib/x86_64-linux-gnu/libnss_mdns4_minimal.so.2
7fd86e160000-7fd86e161000 rw-p 00002000 103:02 7210900                   /lib/x86_64-linux-gnu/libnss_mdns4_minimal.so.2
7fd86e161000-7fd86e361000 rw-p 00000000 00:00 0 
7fd86e361000-7fd86e364000 ---p 00000000 00:00 0 
7fd86e364000-7fd86e462000 rw-p 00000000 00:00 0 
7fd86e462000-7fd86e465000 ---p 00000000 00:00 0 
7fd86e465000-7fd86e763000 rw-p 00000000 00:00 0 
7fd86e763000-7fd86e766000 ---p 00000000 00:00 0 
7fd86e766000-7fd86e864000 rw-p 00000000 00:00 0 
7fd86e864000-7fd86e867000 ---p 00000000 00:00 0 
7fd86e867000-7fd86e965000 rw-p 00000000 00:00 0 
7fd86e965000-7fd86e968000 ---p 00000000 00:00 0 
7fd86e968000-7fd86ea66000 rw-p 00000000 00:00 0 
7fd86ea66000-7fd86ea69000 ---p 00000000 00:00 0 
7fd86ea69000-7fd86ed67000 rw-p 00000000 00:00 0 
7fd86ed67000-7fd86ef67000 rw-p 00000000 00:00 0 
7fd86ef67000-7fd86f167000 rw-p 00000000 00:00 0 
7fd86f167000-7fd86f367000 rw-p 00000000 00:00 0 
7fd86f367000-7fd86f368000 r--s 00007000 103:02 15604617                  /home/kurt/.ivy2/cache/scala_2.10/sbt_0.13/uk.gov.hmrc/sbt-distributables/jars/sbt-distributables-1.3.0.jar
7fd86f368000-7fd86f36f000 r--s 0003f000 103:02 12847513                  /home/kurt/.ivy2/cache/org.apache.httpcomponents/httpcore/jars/httpcore-4.3.3.jar
7fd86f36f000-7fd86f37b000 r--s 00085000 103:02 12847512                  /home/kurt/.ivy2/cache/org.apache.httpcomponents/httpclient/jars/httpclient-4.3.6.jar
7fd86f37b000-7fd86f37f000 r--s 00025000 103:02 17435467                  /home/kurt/.ivy2/cache/com.googlecode.javaewah/JavaEWAH/bundles/JavaEWAH-1.1.6.jar
7fd86f37f000-7fd86f384000 r--s 00040000 103:02 12730990                  /home/kurt/.ivy2/cache/com.jcraft/jsch/jars/jsch-0.1.54.jar
7fd86f384000-7fd86f3ab000 r--s 00257000 103:02 15600723                  /home/kurt/.ivy2/cache/org.eclipse.jgit/org.eclipse.jgit/jars/org.eclipse.jgit-4.9.0.201710071750-r.jar
7fd86f3ab000-7fd86f3af000 r--s 0001d000 103:02 15600708                  /home/kurt/.ivy2/cache/scala_2.10/sbt_0.13/com.typesafe.sbt/sbt-git/jars/sbt-git-1.0.0.jar
7fd86f3af000-7fd86f400000 r--s 004c7000 103:02 15600715                  /home/kurt/.ivy2/cache/org.typelevel/cats-core_2.10/jars/cats-core_2.10-1.2.0.jar
7fd86f400000-7fd86f600000 rw-p 00000000 00:00 0 
7fd86f600000-7fd86f800000 rw-p 00000000 00:00 0 
7fd86f800000-7fd86fa00000 rw-p 00000000 00:00 0 
7fd86fa00000-7fd86fc00000 rw-p 00000000 00:00 0 
7fd86fc00000-7fd86fe00000 rw-p 00000000 00:00 0 
7fd86fe00000-7fd870000000 rw-p 00000000 00:00 0 
7fd870000000-7fd870021000 rw-p 00000000 00:00 0 
7fd870021000-7fd874000000 ---p 00000000 00:00 0 
7fd874000000-7fd874021000 rw-p 00000000 00:00 0 
7fd874021000-7fd878000000 ---p 00000000 00:00 0 
7fd878000000-7fd879c2a000 rw-p 00000000 00:00 0 
7fd879c2a000-7fd87c000000 ---p 00000000 00:00 0 
7fd87c000000-7fd87cd4c000 rw-p 00000000 00:00 0 
7fd87cd4c000-7fd880000000 ---p 00000000 00:00 0 
7fd880000000-7fd880021000 rw-p 00000000 00:00 0 
7fd880021000-7fd884000000 ---p 00000000 00:00 0 
7fd884000000-7fd886619000 rw-p 00000000 00:00 0 
7fd886619000-7fd888000000 ---p 00000000 00:00 0 
7fd888000000-7fd888021000 rw-p 00000000 00:00 0 
7fd888021000-7fd88c000000 ---p 00000000 00:00 0 
7fd88c000000-7fd88c021000 rw-p 00000000 00:00 0 
7fd88c021000-7fd890000000 ---p 00000000 00:00 0 
7fd890000000-7fd89007b000 rw-p 00000000 00:00 0 
7fd89007b000-7fd894000000 ---p 00000000 00:00 0 
7fd894000000-7fd894021000 rw-p 00000000 00:00 0 
7fd894021000-7fd898000000 ---p 00000000 00:00 0 
7fd898000000-7fd898002000 r--s 0000e000 103:02 12847514                  /home/kurt/.ivy2/cache/commons-logging/commons-logging/jars/commons-logging-1.1.3.jar
7fd898002000-7fd89801f000 r--s 002b7000 103:02 15600719                  /home/kurt/.ivy2/cache/org.typelevel/cats-kernel_2.10/jars/cats-kernel_2.10-1.2.0.jar
7fd89801f000-7fd898020000 r--s 00007000 103:02 15600721                  /home/kurt/.ivy2/cache/org.typelevel/machinist_2.10/jars/machinist_2.10-0.6.4.jar
7fd898020000-7fd898021000 r--s 00001000 103:02 15600717                  /home/kurt/.ivy2/cache/org.typelevel/cats-macros_2.10/jars/cats-macros_2.10-1.2.0.jar
7fd898021000-7fd898025000 r--s 00022000 103:02 15600710                  /home/kurt/.ivy2/cache/com.github.scopt/scopt_2.10/jars/scopt_2.10-3.7.0.jar
7fd898025000-7fd898026000 r--s 00006000 103:02 15600702                  /home/kurt/.ivy2/cache/uk.gov.hmrc/release-versioning_2.10/jars/release-versioning_2.10-0.11.0.jar
7fd898026000-7fd898027000 r--s 00003000 103:02 15604616                  /home/kurt/.ivy2/cache/scala_2.10/sbt_0.13/uk.gov.hmrc/sbt-git-versioning/jars/sbt-git-versioning-1.16.0.jar
7fd898027000-7fd898028000 r--s 00006000 103:02 15600698                  /home/kurt/.ivy2/cache/org.eclipse.jgit/org.eclipse.jgit.ui/jars/org.eclipse.jgit.ui-3.7.0.201502260915-r.jar
7fd898028000-7fd89802f000 r--s 0004f000 103:02 15600700                  /home/kurt/.ivy2/cache/org.osgi/org.osgi.core/jars/org.osgi.core-4.3.1.jar
7fd89802f000-7fd898031000 r--s 00004000 103:02 15600668                  /home/kurt/.ivy2/cache/org.eclipse.jgit/org.eclipse.jgit.archive/jars/org.eclipse.jgit.archive-3.7.0.201502260915-r.jar
7fd898031000-7fd898033000 r--s 0000a000 103:02 15600661                  /home/kurt/.ivy2/cache/args4j/args4j/jars/args4j-2.0.12.jar
7fd898033000-7fd898037000 r--s 0002d000 103:02 15600523                  /home/kurt/.ivy2/cache/org.eclipse.jgit/org.eclipse.jgit.pgm/jars/org.eclipse.jgit.pgm-3.7.0.201502260915-r.jar
7fd898037000-7fd898039000 r--s 0000d000 103:02 15600566                  /home/kurt/.ivy2/cache/scala_2.10/sbt_0.13/com.eed3si9n/sbt-buildinfo/jars/sbt-buildinfo-0.3.2.jar
7fd898039000-7fd89803d000 r--s 0002c000 103:02 15600657                  /home/kurt/.ivy2/cache/com.github.nscala-time/nscala-time_2.10/jars/nscala-time_2.10-2.2.0.jar
7fd89803d000-7fd89803f000 r--s 00003000 103:02 15600564                  /home/kurt/.ivy2/cache/scala_2.10/sbt_0.13/uk.gov.hmrc/sbt-git-stamp/jars/sbt-git-stamp-5.3.0.jar
7fd89803f000-7fd898041000 r--s 0000a000 103:02 15600521                  /home/kurt/.ivy2/cache/scala_2.10/sbt_0.13/uk.gov.hmrc/sbt-settings/jars/sbt-settings-3.8.0.jar
7fd898041000-7fd898044000 r--s 00017000 103:02 15600519                  /home/kurt/.ivy2/cache/scala_2.10/sbt_0.13/de.heikoseeberger/sbt-header/jars/sbt-header-1.8.0.jar
7fd898044000-7fd89804c000 r--s 00041000 103:02 15599785                  /home/kurt/.ivy2/cache/com.typesafe.play/twirl-parser_2.10/jars/twirl-parser_2.10-1.1.1.jar
7fd89804c000-7fd898053000 r--s 00064000 103:02 12847509                  /home/kurt/.ivy2/cache/org.apache.commons/commons-lang3/jars/commons-lang3-3.4.jar
7fd898053000-7fd898055000 r--s 0000d000 103:02 15599777                  /home/kurt/.ivy2/cache/com.typesafe.play/twirl-api_2.10/jars/twirl-api_2.10-1.1.1.jar
7fd898055000-7fd898058000 r--s 00019000 103:02 15599781                  /home/kurt/.ivy2/cache/com.typesafe.play/twirl-compiler_2.10/jars/twirl-compiler_2.10-1.1.1.jar
7fd898058000-7fd89805b000 r--s 00011000 103:02 15599771                  /home/kurt/.ivy2/cache/scala_2.10/sbt_0.13/com.typesafe.sbt/sbt-twirl/jars/sbt-twirl-1.1.1.jar
7fd89805b000-7fd89805d000 r--s 0000b000 103:02 15604615                  /home/kurt/.ivy2/cache/scala_2.10/sbt_0.13/uk.gov.hmrc/sbt-auto-build/jars/sbt-auto-build-1.14.0.jar
7fd89805d000-7fd898060000 r--s 0000e000 103:02 12728405                  /home/kurt/.ivy2/cache/scala_2.10/sbt_0.13/com.dwijnand/sbt-compat/jars/sbt-compat-1.2.6.jar
7fd898060000-7fd89806b000 r--s 00067000 103:02 12730614                  /home/kurt/.ivy2/cache/com.github.mdr/ascii-graphs_2.10/jars/ascii-graphs_2.10-0.0.3.jar
7fd89806b000-7fd898073000 r--s 00042000 103:02 12733052                  /home/kurt/.ivy2/cache/scala_2.10/sbt_0.13/net.virtual-void/sbt-dependency-graph/jars/sbt-dependency-graph-0.9.2.jar
7fd898073000-7fd898086000 r--s 00345000 103:02 16916590                  /usr/lib/jvm/java-8-oracle/jre/lib/resources.jar
7fd898086000-7fd898100000 r--s 010f7000 103:02 16911737                  /usr/lib/jvm/java-8-oracle/lib/tools.jar
7fd898100000-7fd898105000 r--s 0009a000 103:02 16916591                  /usr/lib/jvm/java-8-oracle/jre/lib/jsse.jar
7fd898105000-7fd898108000 ---p 00000000 00:00 0 
7fd898108000-7fd89813e000 rw-p 00000000 00:00 0 
7fd89813e000-7fd89813f000 r--p 00000000 103:02 14559753                  /usr/share/locale-langpack/en_GB/LC_MESSAGES/libc.mo
7fd89813f000-7fd898141000 r--s 0000b000 103:02 19929265                  /home/kurt/.sbt/boot/scala-2.10.7/org.scala-sbt/sbt/0.13.17/xsbti/interface-0.13.17.jar
7fd898141000-7fd898142000 r--s 00002000 103:02 19794711                  /home/kurt/.sbt/boot/scala-2.10.7/org.scala-sbt/sbt/0.13.17/launcher-interface-1.0.1.jar
7fd898142000-7fd898144000 r--s 00004000 103:02 19794724                  /home/kurt/.sbt/boot/scala-2.10.7/org.scala-sbt/sbt/0.13.17/compiler-ivy-integration-0.13.17.jar
7fd898144000-7fd898148000 r--s 0003b000 103:02 19794725                  /home/kurt/.sbt/boot/scala-2.10.7/org.scala-sbt/sbt/0.13.17/jsch-0.1.50.jar
7fd898148000-7fd89814a000 r--s 00006000 103:02 19794740                  /home/kurt/.sbt/boot/scala-2.10.7/org.scala-sbt/sbt/0.13.17/relation-0.13.17.jar
7fd89814a000-7fd89834a000 rw-p 00000000 00:00 0 
7fd89834a000-7fd898355000 r--s 0009b000 103:02 19794708                  /home/kurt/.sbt/boot/scala-2.10.7/org.scala-sbt/sbt/0.13.17/main-settings-0.13.17.jar
7fd898355000-7fd898358000 r--s 0001a000 103:02 19794749                  /home/kurt/.sbt/boot/scala-2.10.7/org.scala-sbt/sbt/0.13.17/cache-0.13.17.jar
7fd898358000-7fd89835d000 r--s 00039000 103:02 19794738                  /home/kurt/.sbt/boot/scala-2.10.7/org.scala-sbt/sbt/0.13.17/command-0.13.17.jar
7fd89835d000-7fd898360000 r--s 0001e000 103:02 19794706                  /home/kurt/.sbt/boot/scala-2.10.7/org.scala-sbt/sbt/0.13.17/run-0.13.17.jar
7fd898360000-7fd898364000 r--s 0003e000 103:02 19794720                  /home/kurt/.sbt/boot/scala-2.10.7/org.scala-sbt/sbt/0.13.17/jline-2.14.5.jar
7fd898364000-7fd89836a000 r--s 00039000 103:02 19794726                  /home/kurt/.sbt/boot/scala-2.10.7/org.scala-sbt/sbt/0.13.17/compile-0.13.17.jar
7fd89836a000-7fd89836d000 r--s 00017000 103:02 19794718                  /home/kurt/.sbt/boot/scala-2.10.7/org.scala-sbt/sbt/0.13.17/testing-0.13.17.jar
7fd89836d000-7fd89839e000 r--s 00273000 103:02 19794739                  /home/kurt/.sbt/boot/scala-2.10.7/org.scala-sbt/sbt/0.13.17/main-0.13.17.jar
7fd89839e000-7fd8983a5000 r--s 0004b000 103:02 19794729                  /home/kurt/.sbt/boot/scala-2.10.7/org.scala-sbt/sbt/0.13.17/serialization_2.10-0.1.2.jar
7fd8983a5000-7fd8983a7000 r--s 00007000 103:02 19794743                  /home/kurt/.sbt/boot/scala-2.10.7/org.scala-sbt/sbt/0.13.17/paranamer-2.6.jar
7fd8983a7000-7fd8983b5000 r--s 000bc000 103:02 19794713                  /home/kurt/.sbt/boot/scala-2.10.7/org.scala-sbt/sbt/0.13.17/scala-pickling_2.10-0.10.1.jar
7fd8983b5000-7fd8983b6000 r--s 0000c000 103:02 19794710                  /home/kurt/.sbt/boot/scala-2.10.7/org.scala-sbt/sbt/0.13.17/sbt-0.13.17.jar
7fd8983b6000-7fd8983b7000 r--s 00000000 103:02 19794730                  /home/kurt/.sbt/boot/scala-2.10.7/org.scala-sbt/sbt/0.13.17/template-resolver-0.1.jar
7fd8983b7000-7fd8983b9000 r--s 00002000 103:02 19794744                  /home/kurt/.sbt/boot/scala-2.10.7/org.scala-sbt/sbt/0.13.17/test-interface-1.0.jar
7fd8983b9000-7fd8983bd000 r--s 0001c000 103:02 19794747                  /home/kurt/.sbt/boot/scala-2.10.7/org.scala-sbt/sbt/0.13.17/compiler-integration-0.13.17.jar
7fd8983bd000-7fd8983c1000 r--s 0001b000 103:02 19794735                  /home/kurt/.sbt/boot/scala-2.10.7/org.scala-sbt/sbt/0.13.17/process-0.13.17.jar
7fd8983c1000-7fd8983c8000 r--s 0003f000 103:02 19794746                  /home/kurt/.sbt/boot/scala-2.10.7/org.scala-sbt/sbt/0.13.17/io-0.13.17.jar
7fd8983c8000-7fd8983ca000 r--s 0000b000 103:02 19794712                  /home/kurt/.sbt/boot/scala-2.10.7/org.scala-sbt/sbt/0.13.17/tracking-0.13.17.jar
7fd8983ca000-7fd8983ff000 r--s 002df000 103:02 19794733                  /home/kurt/.sbt/boot/scala-2.10.7/org.scala-sbt/sbt/0.13.17/scala-reflect-2.10.7.jar
7fd8983ff000-7fd898414000 r--s 00101000 103:02 19794716                  /home/kurt/.sbt/boot/scala-2.10.7/org.scala-sbt/sbt/0.13.17/ivy-2.3.0-sbt-b18f59ea3bc914a297bb6f1a4f7fb0ace399e310.jar
7fd898414000-7fd898416000 r--s 00014000 103:02 19794741                  /home/kurt/.sbt/boot/scala-2.10.7/org.scala-sbt/sbt/0.13.17/apply-macro-0.13.17.jar
7fd898416000-7fd89841b000 r--s 00025000 103:02 19794722                  /home/kurt/.sbt/boot/scala-2.10.7/org.scala-sbt/sbt/0.13.17/persist-0.13.17.jar
7fd89841b000-7fd89841f000 r--s 00022000 103:02 19794728                  /home/kurt/.sbt/boot/scala-2.10.7/org.scala-sbt/sbt/0.13.17/sbinary_2.10-0.4.2.jar
7fd89841f000-7fd898421000 r--s 00015000 103:02 19794727                  /home/kurt/.sbt/boot/scala-2.10.7/org.scala-sbt/sbt/0.13.17/classfile-0.13.17.jar
7fd898421000-7fd898425000 r--s 0001d000 103:02 19794742                  /home/kurt/.sbt/boot/scala-2.10.7/org.scala-sbt/sbt/0.13.17/tasks-0.13.17.jar
7fd898425000-7fd89842b000 r--s 00038000 103:02 19794745                  /home/kurt/.sbt/boot/scala-2.10.7/org.scala-sbt/sbt/0.13.17/compiler-interface-0.13.17.jar
7fd89842b000-7fd898435000 r--s 00085000 103:02 19794752                  /home/kurt/.sbt/boot/scala-2.10.7/org.scala-sbt/sbt/0.13.17/json4s-core_2.10-3.2.10.jar
7fd898435000-7fd89843e000 r--s 0006f000 103:02 19794734                  /home/kurt/.sbt/boot/scala-2.10.7/org.scala-sbt/sbt/0.13.17/actions-0.13.17.jar
7fd89843e000-7fd89844a000 r--s 000a4000 103:02 19794737                  /home/kurt/.sbt/boot/scala-2.10.7/org.scala-sbt/sbt/0.13.17/quasiquotes_2.10-2.0.1.jar
7fd89844a000-7fd898452000 r--s 00060000 103:02 19794723                  /home/kurt/.sbt/boot/scala-2.10.7/org.scala-sbt/sbt/0.13.17/collections-0.13.17.jar
7fd898452000-7fd898475000 r--s 001bc000 103:02 19794750                  /home/kurt/.sbt/boot/scala-2.10.7/org.scala-sbt/sbt/0.13.17/ivy-0.13.17.jar
7fd898475000-7fd8984e8000 r--s 0065b000 103:02 19930320                  /home/kurt/.sbt/boot/scala-2.10.7/lib/scala-library.jar
7fd8984e8000-7fd8985e7000 r--s 00cda000 103:02 19930318                  /home/kurt/.sbt/boot/scala-2.10.7/lib/scala-compiler.jar
7fd8985e7000-7fd8985f8000 r-xp 00000000 103:02 16916886                  /usr/lib/jvm/java-8-oracle/jre/lib/amd64/libnio.so
7fd8985f8000-7fd8987f7000 ---p 00011000 103:02 16916886                  /usr/lib/jvm/java-8-oracle/jre/lib/amd64/libnio.so
7fd8987f7000-7fd8987f8000 rw-p 00010000 103:02 16916886                  /usr/lib/jvm/java-8-oracle/jre/lib/amd64/libnio.so
7fd8987f8000-7fd89880f000 r-xp 00000000 103:02 16916883                  /usr/lib/jvm/java-8-oracle/jre/lib/amd64/libnet.so
7fd89880f000-7fd898a0e000 ---p 00017000 103:02 16916883                  /usr/lib/jvm/java-8-oracle/jre/lib/amd64/libnet.so
7fd898a0e000-7fd898a0f000 rw-p 00016000 103:02 16916883                  /usr/lib/jvm/java-8-oracle/jre/lib/amd64/libnet.so
7fd898a0f000-7fd898a10000 ---p 00000000 00:00 0 
7fd898a10000-7fd898b10000 rw-p 00000000 00:00 0 
7fd898b10000-7fd898b13000 ---p 00000000 00:00 0 
7fd898b13000-7fd898c11000 rw-p 00000000 00:00 0 
7fd898c11000-7fd898c12000 ---p 00000000 00:00 0 
7fd898c12000-7fd898c15000 ---p 00000000 00:00 0 
7fd898c15000-7fd898d12000 rw-p 00000000 00:00 0 
7fd898d12000-7fd898d13000 ---p 00000000 00:00 0 
7fd898d13000-7fd898d16000 ---p 00000000 00:00 0 
7fd898d16000-7fd898e13000 rw-p 00000000 00:00 0 
7fd898e13000-7fd898e14000 ---p 00000000 00:00 0 
7fd898e14000-7fd898e17000 ---p 00000000 00:00 0 
7fd898e17000-7fd898f14000 rw-p 00000000 00:00 0 
7fd898f14000-7fd898f17000 ---p 00000000 00:00 0 
7fd898f17000-7fd899015000 rw-p 00000000 00:00 0 
7fd899015000-7fd8992f3000 r--p 00000000 103:02 12714130                  /usr/lib/locale/locale-archive
7fd8992f3000-7fd8992f6000 ---p 00000000 00:00 0 
7fd8992f6000-7fd8993f4000 rw-p 00000000 00:00 0 
7fd8993f4000-7fd8993f7000 ---p 00000000 00:00 0 
7fd8993f7000-7fd8994f5000 rw-p 00000000 00:00 0 
7fd8994f5000-7fd8994f6000 ---p 00000000 00:00 0 
7fd8994f6000-7fd89c000000 rw-p 00000000 00:00 0 
7fd89c000000-7fd89c021000 rw-p 00000000 00:00 0 
7fd89c021000-7fd8a0000000 ---p 00000000 00:00 0 
7fd8a0000000-7fd8a0021000 rw-p 00000000 00:00 0 
7fd8a0021000-7fd8a4000000 ---p 00000000 00:00 0 
7fd8a4000000-7fd8a4021000 rw-p 00000000 00:00 0 
7fd8a4021000-7fd8a8000000 ---p 00000000 00:00 0 
7fd8a8000000-7fd8a8da0000 rwxp 00000000 00:00 0 
7fd8a8da0000-7fd8b0000000 ---p 00000000 00:00 0 
7fd8b0000000-7fd8b21cc000 rw-p 00000000 00:00 0 
7fd8b21cc000-7fd8b4000000 ---p 00000000 00:00 0 
7fd8b4000000-7fd8b4002000 r--s 00013000 103:02 19794731                  /home/kurt/.sbt/boot/scala-2.10.7/org.scala-sbt/sbt/0.13.17/json4s-ast_2.10-3.2.10.jar
7fd8b4002000-7fd8b4003000 r--s 00002000 103:02 19794719                  /home/kurt/.sbt/boot/scala-2.10.7/org.scala-sbt/sbt/0.13.17/cross-0.13.17.jar
7fd8b4003000-7fd8b4005000 r--s 00002000 103:02 19794721                  /home/kurt/.sbt/boot/scala-2.10.7/org.scala-sbt/sbt/0.13.17/control-0.13.17.jar
7fd8b4005000-7fd8b4007000 r--s 00012000 103:02 19794748                  /home/kurt/.sbt/boot/scala-2.10.7/org.scala-sbt/sbt/0.13.17/jawn-parser_2.10-0.6.0.jar
7fd8b4007000-7fd8b400a000 r--s 00018000 103:02 19794717                  /home/kurt/.sbt/boot/scala-2.10.7/org.scala-sbt/sbt/0.13.17/logging-0.13.17.jar
7fd8b400a000-7fd8b400b000 r--s 00005000 103:02 19794707                  /home/kurt/.sbt/boot/scala-2.10.7/org.scala-sbt/sbt/0.13.17/test-agent-0.13.17.jar
7fd8b400b000-7fd8b4015000 r--s 00070000 103:02 19794736                  /home/kurt/.sbt/boot/scala-2.10.7/org.scala-sbt/sbt/0.13.17/incremental-compiler-0.13.17.jar
7fd8b4015000-7fd8b4016000 r--s 00001000 103:02 19794709                  /home/kurt/.sbt/boot/scala-2.10.7/org.scala-sbt/sbt/0.13.17/json4s-support_2.10-0.6.0.jar
7fd8b4016000-7fd8b401e000 r--s 00058000 103:02 19794714                  /home/kurt/.sbt/boot/scala-2.10.7/org.scala-sbt/sbt/0.13.17/completion-0.13.17.jar
7fd8b401e000-7fd8b4020000 r--s 00014000 103:02 19794715                  /home/kurt/.sbt/boot/scala-2.10.7/org.scala-sbt/sbt/0.13.17/classpath-0.13.17.jar
7fd8b4020000-7fd8b4026000 r--s 00040000 103:02 19794753                  /home/kurt/.sbt/boot/scala-2.10.7/org.scala-sbt/sbt/0.13.17/api-0.13.17.jar
7fd8b4026000-7fd8b405b000 r--s 002df000 103:02 19930317                  /home/kurt/.sbt/boot/scala-2.10.7/lib/scala-reflect.jar
7fd8b405b000-7fd8b4076000 r--s 0010d000 103:02 13112452                  /usr/share/sbt-launcher-packaging/bin/sbt-launch.jar
7fd8b4076000-7fd8b45ca000 rw-p 00000000 00:00 0 
7fd8b45ca000-7fd8b47a3000 r--s 03d5a000 103:02 16916586                  /usr/lib/jvm/java-8-oracle/jre/lib/rt.jar
7fd8b47a3000-7fd8b51a3000 rw-p 00000000 00:00 0 
7fd8b51a3000-7fd8b51a4000 ---p 00000000 00:00 0 
7fd8b51a4000-7fd8b52a4000 rw-p 00000000 00:00 0 
7fd8b52a4000-7fd8b52a5000 ---p 00000000 00:00 0 
7fd8b52a5000-7fd8b53a5000 rw-p 00000000 00:00 0 
7fd8b53a5000-7fd8b53a6000 ---p 00000000 00:00 0 
7fd8b53a6000-7fd8b54a6000 rw-p 00000000 00:00 0 
7fd8b54a6000-7fd8b54a7000 ---p 00000000 00:00 0 
7fd8b54a7000-7fd8b5935000 rw-p 00000000 00:00 0 
7fd8b5935000-7fd8b5afe000 ---p 00000000 00:00 0 
7fd8b5afe000-7fd8b5b19000 r-xp 00000000 103:02 16916879                  /usr/lib/jvm/java-8-oracle/jre/lib/amd64/libzip.so
7fd8b5b19000-7fd8b5d19000 ---p 0001b000 103:02 16916879                  /usr/lib/jvm/java-8-oracle/jre/lib/amd64/libzip.so
7fd8b5d19000-7fd8b5d1a000 rw-p 0001b000 103:02 16916879                  /usr/lib/jvm/java-8-oracle/jre/lib/amd64/libzip.so
7fd8b5d1a000-7fd8b5d25000 r-xp 00000000 103:02 7209140                   /lib/x86_64-linux-gnu/libnss_files-2.27.so
7fd8b5d25000-7fd8b5f24000 ---p 0000b000 103:02 7209140                   /lib/x86_64-linux-gnu/libnss_files-2.27.so
7fd8b5f24000-7fd8b5f25000 r--p 0000a000 103:02 7209140                   /lib/x86_64-linux-gnu/libnss_files-2.27.so
7fd8b5f25000-7fd8b5f26000 rw-p 0000b000 103:02 7209140                   /lib/x86_64-linux-gnu/libnss_files-2.27.so
7fd8b5f26000-7fd8b5f2c000 rw-p 00000000 00:00 0 
7fd8b5f2c000-7fd8b5f43000 r-xp 00000000 103:02 7209051                   /lib/x86_64-linux-gnu/libnsl-2.27.so
7fd8b5f43000-7fd8b6142000 ---p 00017000 103:02 7209051                   /lib/x86_64-linux-gnu/libnsl-2.27.so
7fd8b6142000-7fd8b6143000 r--p 00016000 103:02 7209051                   /lib/x86_64-linux-gnu/libnsl-2.27.so
7fd8b6143000-7fd8b6144000 rw-p 00017000 103:02 7209051                   /lib/x86_64-linux-gnu/libnsl-2.27.so
7fd8b6144000-7fd8b6146000 rw-p 00000000 00:00 0 
7fd8b6146000-7fd8b6151000 r-xp 00000000 103:02 7209216                   /lib/x86_64-linux-gnu/libnss_nis-2.27.so
7fd8b6151000-7fd8b6350000 ---p 0000b000 103:02 7209216                   /lib/x86_64-linux-gnu/libnss_nis-2.27.so
7fd8b6350000-7fd8b6351000 r--p 0000a000 103:02 7209216                   /lib/x86_64-linux-gnu/libnss_nis-2.27.so
7fd8b6351000-7fd8b6352000 rw-p 0000b000 103:02 7209216                   /lib/x86_64-linux-gnu/libnss_nis-2.27.so
7fd8b6352000-7fd8b635a000 r-xp 00000000 103:02 7209128                   /lib/x86_64-linux-gnu/libnss_compat-2.27.so
7fd8b635a000-7fd8b655a000 ---p 00008000 103:02 7209128                   /lib/x86_64-linux-gnu/libnss_compat-2.27.so
7fd8b655a000-7fd8b655b000 r--p 00008000 103:02 7209128                   /lib/x86_64-linux-gnu/libnss_compat-2.27.so
7fd8b655b000-7fd8b655c000 rw-p 00009000 103:02 7209128                   /lib/x86_64-linux-gnu/libnss_compat-2.27.so
7fd8b655c000-7fd8b6587000 r-xp 00000000 103:02 16916873                  /usr/lib/jvm/java-8-oracle/jre/lib/amd64/libjava.so
7fd8b6587000-7fd8b6786000 ---p 0002b000 103:02 16916873                  /usr/lib/jvm/java-8-oracle/jre/lib/amd64/libjava.so
7fd8b6786000-7fd8b6788000 rw-p 0002a000 103:02 16916873                  /usr/lib/jvm/java-8-oracle/jre/lib/amd64/libjava.so
7fd8b6788000-7fd8b6795000 r-xp 00000000 103:02 16916878                  /usr/lib/jvm/java-8-oracle/jre/lib/amd64/libverify.so
7fd8b6795000-7fd8b6995000 ---p 0000d000 103:02 16916878                  /usr/lib/jvm/java-8-oracle/jre/lib/amd64/libverify.so
7fd8b6995000-7fd8b6997000 rw-p 0000d000 103:02 16916878                  /usr/lib/jvm/java-8-oracle/jre/lib/amd64/libverify.so
7fd8b6997000-7fd8b699e000 r-xp 00000000 103:02 7209452                   /lib/x86_64-linux-gnu/librt-2.27.so
7fd8b699e000-7fd8b6b9d000 ---p 00007000 103:02 7209452                   /lib/x86_64-linux-gnu/librt-2.27.so
7fd8b6b9d000-7fd8b6b9e000 r--p 00006000 103:02 7209452                   /lib/x86_64-linux-gnu/librt-2.27.so
7fd8b6b9e000-7fd8b6b9f000 rw-p 00007000 103:02 7209452                   /lib/x86_64-linux-gnu/librt-2.27.so
7fd8b6b9f000-7fd8b6d3c000 r-xp 00000000 103:02 7209038                   /lib/x86_64-linux-gnu/libm-2.27.so
7fd8b6d3c000-7fd8b6f3b000 ---p 0019d000 103:02 7209038                   /lib/x86_64-linux-gnu/libm-2.27.so
7fd8b6f3b000-7fd8b6f3c000 r--p 0019c000 103:02 7209038                   /lib/x86_64-linux-gnu/libm-2.27.so
7fd8b6f3c000-7fd8b6f3d000 rw-p 0019d000 103:02 7209038                   /lib/x86_64-linux-gnu/libm-2.27.so
7fd8b6f3d000-7fd8b7c10000 r-xp 00000000 103:02 16916856                  /usr/lib/jvm/java-8-oracle/jre/lib/amd64/server/libjvm.so
7fd8b7c10000-7fd8b7e0f000 ---p 00cd3000 103:02 16916856                  /usr/lib/jvm/java-8-oracle/jre/lib/amd64/server/libjvm.so
7fd8b7e0f000-7fd8b7ee9000 rw-p 00cd2000 103:02 16916856                  /usr/lib/jvm/java-8-oracle/jre/lib/amd64/server/libjvm.so
7fd8b7ee9000-7fd8b7f34000 rw-p 00000000 00:00 0 
7fd8b7f34000-7fd8b811b000 r-xp 00000000 103:02 7209023                   /lib/x86_64-linux-gnu/libc-2.27.so
7fd8b811b000-7fd8b831b000 ---p 001e7000 103:02 7209023                   /lib/x86_64-linux-gnu/libc-2.27.so
7fd8b831b000-7fd8b831f000 r--p 001e7000 103:02 7209023                   /lib/x86_64-linux-gnu/libc-2.27.so
7fd8b831f000-7fd8b8321000 rw-p 001eb000 103:02 7209023                   /lib/x86_64-linux-gnu/libc-2.27.so
7fd8b8321000-7fd8b8325000 rw-p 00000000 00:00 0 
7fd8b8325000-7fd8b8328000 r-xp 00000000 103:02 7209035                   /lib/x86_64-linux-gnu/libdl-2.27.so
7fd8b8328000-7fd8b8527000 ---p 00003000 103:02 7209035                   /lib/x86_64-linux-gnu/libdl-2.27.so
7fd8b8527000-7fd8b8528000 r--p 00002000 103:02 7209035                   /lib/x86_64-linux-gnu/libdl-2.27.so
7fd8b8528000-7fd8b8529000 rw-p 00003000 103:02 7209035                   /lib/x86_64-linux-gnu/libdl-2.27.so
7fd8b8529000-7fd8b853f000 r-xp 00000000 103:02 16916851                  /usr/lib/jvm/java-8-oracle/jre/lib/amd64/jli/libjli.so
7fd8b853f000-7fd8b873e000 ---p 00016000 103:02 16916851                  /usr/lib/jvm/java-8-oracle/jre/lib/amd64/jli/libjli.so
7fd8b873e000-7fd8b873f000 rw-p 00015000 103:02 16916851                  /usr/lib/jvm/java-8-oracle/jre/lib/amd64/jli/libjli.so
7fd8b873f000-7fd8b8759000 r-xp 00000000 103:02 7209327                   /lib/x86_64-linux-gnu/libpthread-2.27.so
7fd8b8759000-7fd8b8958000 ---p 0001a000 103:02 7209327                   /lib/x86_64-linux-gnu/libpthread-2.27.so
7fd8b8958000-7fd8b8959000 r--p 00019000 103:02 7209327                   /lib/x86_64-linux-gnu/libpthread-2.27.so
7fd8b8959000-7fd8b895a000 rw-p 0001a000 103:02 7209327                   /lib/x86_64-linux-gnu/libpthread-2.27.so
7fd8b895a000-7fd8b895e000 rw-p 00000000 00:00 0 
7fd8b895e000-7fd8b8985000 r-xp 00000000 103:02 7208986                   /lib/x86_64-linux-gnu/ld-2.27.so
7fd8b8985000-7fd8b8988000 r--s 0001e000 103:02 19794751                  /home/kurt/.sbt/boot/scala-2.10.7/org.scala-sbt/sbt/0.13.17/task-system-0.13.17.jar
7fd8b8988000-7fd8b898a000 r--s 0000e000 103:02 19794732                  /home/kurt/.sbt/boot/scala-2.10.7/org.scala-sbt/sbt/0.13.17/logic-0.13.17.jar
7fd8b898a000-7fd8b898d000 r--s 00018000 103:02 19930319                  /home/kurt/.sbt/boot/scala-2.10.7/lib/jansi.jar
7fd8b898d000-7fd8b8a5e000 rw-p 00000000 00:00 0 
7fd8b8a5e000-7fd8b8a5f000 ---p 00000000 00:00 0 
7fd8b8a5f000-7fd8b8a62000 ---p 00000000 00:00 0 
7fd8b8a62000-7fd8b8b63000 rw-p 00000000 00:00 0 
7fd8b8b63000-7fd8b8b67000 r--s 00025000 103:02 19930321                  /home/kurt/.sbt/boot/scala-2.10.7/lib/jline.jar
7fd8b8b67000-7fd8b8b7b000 rw-p 00000000 00:00 0 
7fd8b8b7b000-7fd8b8b83000 rw-s 00000000 103:02 28713985                  /tmp/hsperfdata_kurt/30849
7fd8b8b83000-7fd8b8b84000 rw-p 00000000 00:00 0 
7fd8b8b84000-7fd8b8b85000 r--p 00000000 00:00 0 
7fd8b8b85000-7fd8b8b86000 r--p 00027000 103:02 7208986                   /lib/x86_64-linux-gnu/ld-2.27.so
7fd8b8b86000-7fd8b8b87000 rw-p 00028000 103:02 7208986                   /lib/x86_64-linux-gnu/ld-2.27.so
7fd8b8b87000-7fd8b8b88000 rw-p 00000000 00:00 0 
7ffed65be000-7ffed65e0000 rw-p 00000000 00:00 0                          [stack]
7ffed65fa000-7ffed65fd000 r--p 00000000 00:00 0                          [vvar]
7ffed65fd000-7ffed65ff000 r-xp 00000000 00:00 0                          [vdso]
ffffffffff600000-ffffffffff601000 r-xp 00000000 00:00 0                  [vsyscall]

VM Arguments:
jvm_args: -Xms1024m -Xmx1024m -XX:ReservedCodeCacheSize=128m -XX:MaxMetaspaceSize=256m 
java_command: /usr/share/sbt-launcher-packaging/bin/sbt-launch.jar it:test
java_class_path (initial): /usr/share/sbt-launcher-packaging/bin/sbt-launch.jar
Launcher Type: SUN_STANDARD

Environment Variables:
JAVA_HOME=/usr/lib/jvm/java-8-oracle
PATH=/home/kurt/.cargo/bin:/home/kurt/Android/Sdk/tools/bin:/home/kurt/Android/Sdk/tools:/home/kurt/.linuxbrew/bin:/home/kurt/.nvm/versions/node/v8.2.1/bin:/home/kurt/.linuxbrew/bin:/home/kurt/.cargo/bin:/usr/local/sbin:/usr/local/bin:/usr/sbin:/usr/bin:/sbin:/bin:/usr/games:/usr/local/games:/snap/bin:/usr/lib/jvm/java-8-oracle/bin:/usr/lib/jvm/java-8-oracle/db/bin:/usr/lib/jvm/java-8-oracle/jre/bin:/home/kurt/.conscript/bin:/home/kurt/.cabal/bin:/home/kurt/.local/bin:/home/kurt/fury-0.1.1/bin
USERNAME=kurt
SHELL=/bin/bash
DISPLAY=:0

Signal Handlers:
SIGSEGV: [libjvm.so+0xacbe10], sa_mask[0]=11111111011111111101111111111110, sa_flags=SA_RESTART|SA_SIGINFO
SIGBUS: [libjvm.so+0xacbe10], sa_mask[0]=11111111011111111101111111111110, sa_flags=SA_RESTART|SA_SIGINFO
SIGFPE: [libjvm.so+0x924f90], sa_mask[0]=11111111011111111101111111111110, sa_flags=SA_RESTART|SA_SIGINFO
SIGPIPE: [libjvm.so+0x924f90], sa_mask[0]=11111111011111111101111111111110, sa_flags=SA_RESTART|SA_SIGINFO
SIGXFSZ: [libjvm.so+0x924f90], sa_mask[0]=11111111011111111101111111111110, sa_flags=SA_RESTART|SA_SIGINFO
SIGILL: [libjvm.so+0x924f90], sa_mask[0]=11111111011111111101111111111110, sa_flags=SA_RESTART|SA_SIGINFO
SIGUSR1: SIG_DFL, sa_mask[0]=00000000000000000000000000000000, sa_flags=none
SIGUSR2: [libjvm.so+0x9267d0], sa_mask[0]=00000000000000000000000000000000, sa_flags=SA_RESTART|SA_SIGINFO
SIGHUP: [libjvm.so+0x927bd0], sa_mask[0]=11111111011111111101111111111110, sa_flags=SA_RESTART|SA_SIGINFO
SIGINT: [libjvm.so+0x927bd0], sa_mask[0]=11111111011111111101111111111110, sa_flags=SA_RESTART|SA_SIGINFO
SIGTERM: [libjvm.so+0x927bd0], sa_mask[0]=11111111011111111101111111111110, sa_flags=SA_RESTART|SA_SIGINFO
SIGQUIT: [libjvm.so+0x927bd0], sa_mask[0]=11111111011111111101111111111110, sa_flags=SA_RESTART|SA_SIGINFO


---------------  S Y S T E M  ---------------

OS:DISTRIB_ID=Ubuntu
DISTRIB_RELEASE=18.04
DISTRIB_CODENAME=bionic
DISTRIB_DESCRIPTION="Ubuntu 18.04.2 LTS"

uname:Linux 4.18.0-16-generic #17~18.04.1-Ubuntu SMP Tue Feb 12 13:35:51 UTC 2019 x86_64
libc:glibc 2.27 NPTL 2.27 
rlimit: STACK 8192k, CORE 0k, NPROC 127705, NOFILE 4096, AS infinity
load average:3.77 4.22 3.63

/proc/meminfo:
MemTotal:       32856092 kB
MemFree:         8226636 kB
MemAvailable:   19518656 kB
Buffers:         1413216 kB
Cached:         10787752 kB
SwapCached:            0 kB
Active:         16320756 kB
Inactive:        6941668 kB
Active(anon):   10929060 kB
Inactive(anon):  1475952 kB
Active(file):    5391696 kB
Inactive(file):  5465716 kB
Unevictable:        1476 kB
Mlocked:            1476 kB
SwapTotal:       4194300 kB
SwapFree:        4194300 kB
Dirty:             12868 kB
Writeback:             0 kB
AnonPages:      11062668 kB
Mapped:          1659876 kB
Shmem:           1480180 kB
Slab:            1055724 kB
SReclaimable:     901464 kB
SUnreclaim:       154260 kB
KernelStack:       36272 kB
PageTables:       122316 kB
NFS_Unstable:          0 kB
Bounce:                0 kB
WritebackTmp:          0 kB
CommitLimit:    20622344 kB
Committed_AS:   27845860 kB
VmallocTotal:   34359738367 kB
VmallocUsed:           0 kB
VmallocChunk:          0 kB
HardwareCorrupted:     0 kB
AnonHugePages:         0 kB
ShmemHugePages:        0 kB
ShmemPmdMapped:        0 kB
CmaTotal:              0 kB
CmaFree:               0 kB
HugePages_Total:       0
HugePages_Free:        0
HugePages_Rsvd:        0
HugePages_Surp:        0
Hugepagesize:       2048 kB
Hugetlb:               0 kB
DirectMap4k:      428580 kB
DirectMap2M:    12070912 kB
DirectMap1G:    20971520 kB


CPU:total 4 (initial active 4) (2 cores per cpu, 2 threads per core) family 6 model 142 stepping 9, cmov, cx8, fxsr, mmx, sse, sse2, sse3, ssse3, sse4.1, sse4.2, popcnt, avx, avx2, aes, clmul, erms, 3dnowpref, lzcnt, ht, tsc, tscinvbit, bmi1, bmi2, adx

/proc/cpuinfo:
processor	: 0
vendor_id	: GenuineIntel
cpu family	: 6
model		: 142
model name	: Intel(R) Core(TM) i7-7500U CPU @ 2.70GHz
stepping	: 9
microcode	: 0x8e
cpu MHz		: 2987.206
cache size	: 4096 KB
physical id	: 0
siblings	: 4
core id		: 0
cpu cores	: 2
apicid		: 0
initial apicid	: 0
fpu		: yes
fpu_exception	: yes
cpuid level	: 22
wp		: yes
flags		: fpu vme de pse tsc msr pae mce cx8 apic sep mtrr pge mca cmov pat pse36 clflush dts acpi mmx fxsr sse sse2 ss ht tm pbe syscall nx pdpe1gb rdtscp lm constant_tsc art arch_perfmon pebs bts rep_good nopl xtopology nonstop_tsc cpuid aperfmperf tsc_known_freq pni pclmulqdq dtes64 monitor ds_cpl vmx est tm2 ssse3 sdbg fma cx16 xtpr pdcm pcid sse4_1 sse4_2 x2apic movbe popcnt tsc_deadline_timer aes xsave avx f16c rdrand lahf_lm abm 3dnowprefetch cpuid_fault invpcid_single pti ssbd ibrs ibpb stibp tpr_shadow vnmi flexpriority ept vpid fsgsbase tsc_adjust bmi1 avx2 smep bmi2 erms invpcid mpx rdseed adx smap clflushopt intel_pt xsaveopt xsavec xgetbv1 xsaves dtherm ida arat pln pts hwp hwp_notify hwp_act_window hwp_epp flush_l1d
bugs		: cpu_meltdown spectre_v1 spectre_v2 spec_store_bypass l1tf
bogomips	: 5808.00
clflush size	: 64
cache_alignment	: 64
address sizes	: 39 bits physical, 48 bits virtual
power management:

processor	: 1
vendor_id	: GenuineIntel
cpu family	: 6
model		: 142
model name	: Intel(R) Core(TM) i7-7500U CPU @ 2.70GHz
stepping	: 9
microcode	: 0x8e
cpu MHz		: 2964.045
cache size	: 4096 KB
physical id	: 0
siblings	: 4
core id		: 1
cpu cores	: 2
apicid		: 2
initial apicid	: 2
fpu		: yes
fpu_exception	: yes
cpuid level	: 22
wp		: yes
flags		: fpu vme de pse tsc msr pae mce cx8 apic sep mtrr pge mca cmov pat pse36 clflush dts acpi mmx fxsr sse sse2 ss ht tm pbe syscall nx pdpe1gb rdtscp lm constant_tsc art arch_perfmon pebs bts rep_good nopl xtopology nonstop_tsc cpuid aperfmperf tsc_known_freq pni pclmulqdq dtes64 monitor ds_cpl vmx est tm2 ssse3 sdbg fma cx16 xtpr pdcm pcid sse4_1 sse4_2 x2apic movbe popcnt tsc_deadline_timer aes xsave avx f16c rdrand lahf_lm abm 3dnowprefetch cpuid_fault invpcid_single pti tpr_shadow vnmi flexpriority ept vpid fsgsbase tsc_adjust bmi1 avx2 smep bmi2 erms invpcid mpx rdseed adx smap clflushopt intel_pt xsaveopt xsavec xgetbv1 xsaves dtherm ida arat pln pts hwp hwp_notify hwp_act_window hwp_epp
bugs		: cpu_meltdown spectre_v1 spectre_v2 spec_store_bypass l1tf
bogomips	: 5808.00
clflush size	: 64
cache_alignment	: 64
address sizes	: 39 bits physical, 48 bits virtual
power management:

processor	: 2
vendor_id	: GenuineIntel
cpu family	: 6
model		: 142
model name	: Intel(R) Core(TM) i7-7500U CPU @ 2.70GHz
stepping	: 9
microcode	: 0x8e
cpu MHz		: 2986.227
cache size	: 4096 KB
physical id	: 0
siblings	: 4
core id		: 0
cpu cores	: 2
apicid		: 1
initial apicid	: 1
fpu		: yes
fpu_exception	: yes
cpuid level	: 22
wp		: yes
flags		: fpu vme de pse tsc msr pae mce cx8 apic sep mtrr pge mca cmov pat pse36 clflush dts acpi mmx fxsr sse sse2 ss ht tm pbe syscall nx pdpe1gb rdtscp lm constant_tsc art arch_perfmon pebs bts rep_good nopl xtopology nonstop_tsc cpuid aperfmperf tsc_known_freq pni pclmulqdq dtes64 monitor ds_cpl vmx est tm2 ssse3 sdbg fma cx16 xtpr pdcm pcid sse4_1 sse4_2 x2apic movbe popcnt tsc_deadline_timer aes xsave avx f16c rdrand lahf_lm abm 3dnowprefetch cpuid_fault invpcid_single pti tpr_shadow vnmi flexpriority ept vpid fsgsbase tsc_adjust bmi1 avx2 smep bmi2 erms invpcid mpx rdseed adx smap clflushopt intel_pt xsaveopt xsavec xgetbv1 xsaves dtherm ida arat pln pts hwp hwp_notify hwp_act_window hwp_epp flush_l1d
bugs		: cpu_meltdown spectre_v1 spectre_v2 spec_store_bypass l1tf
bogomips	: 5808.00
clflush size	: 64
cache_alignment	: 64
address sizes	: 39 bits physical, 48 bits virtual
power management:

processor	: 3
vendor_id	: GenuineIntel
cpu family	: 6
model		: 142
model name	: Intel(R) Core(TM) i7-7500U CPU @ 2.70GHz
stepping	: 9
microcode	: 0x8e
cpu MHz		: 2985.654
cache size	: 4096 KB
physical id	: 0
siblings	: 4
core id		: 1
cpu cores	: 2
apicid		: 3
initial apicid	: 3
fpu		: yes
fpu_exception	: yes
cpuid level	: 22
wp		: yes
flags		: fpu vme de pse tsc msr pae mce cx8 apic sep mtrr pge mca cmov pat pse36 clflush dts acpi mmx fxsr sse sse2 ss ht tm pbe syscall nx pdpe1gb rdtscp lm constant_tsc art arch_perfmon pebs bts rep_good nopl xtopology nonstop_tsc cpuid aperfmperf tsc_known_freq pni pclmulqdq dtes64 monitor ds_cpl vmx est tm2 ssse3 sdbg fma cx16 xtpr pdcm pcid sse4_1 sse4_2 x2apic movbe popcnt tsc_deadline_timer aes xsave avx f16c rdrand lahf_lm abm 3dnowprefetch cpuid_fault invpcid_single pti tpr_shadow vnmi flexpriority ept vpid fsgsbase tsc_adjust bmi1 avx2 smep bmi2 erms invpcid mpx rdseed adx smap clflushopt intel_pt xsaveopt xsavec xgetbv1 xsaves dtherm ida arat pln pts hwp hwp_notify hwp_act_window hwp_epp flush_l1d
bugs		: cpu_meltdown spectre_v1 spectre_v2 spec_store_bypass l1tf
bogomips	: 5808.00
clflush size	: 64
cache_alignment	: 64
address sizes	: 39 bits physical, 48 bits virtual
power management:



Memory: 4k page, physical 32856092k(8226552k free), swap 4194300k(4194300k free)

vm_info: Java HotSpot(TM) 64-Bit Server VM (25.151-b12) for linux-amd64 JRE (1.8.0_151-b12), built on Sep  5 2017 19:20:58 by "java_re" with gcc 4.3.0 20080428 (Red Hat 4.3.0-8)

time: Thu Mar 21 13:57:35 2019
elapsed time: 7 seconds (0d 0h 0m 7s)

